nohup: ignoring input
{"run_name": "ablation_silu_ffn", "step": 1, "wall_clock_sec": 0.482, "processed_tokens": 32768, "train_loss": 9.239299774169922, "val_loss": null, "lr": 0.0, "batch_size": 128, "grad_accum_steps": 1, "context_length": 256, "cuda_max_memory_mb": 15066.77}
{"run_name": "ablation_silu_ffn", "step": 50, "wall_clock_sec": 7.451, "processed_tokens": 1638400, "train_loss": 7.306446075439453, "val_loss": null, "lr": 8.166666666666667e-05, "batch_size": 128, "grad_accum_steps": 1, "context_length": 256, "cuda_max_memory_mb": 15275.27}
{"run_name": "ablation_silu_ffn", "step": 100, "wall_clock_sec": 14.566, "processed_tokens": 3276800, "train_loss": 4.886784076690674, "val_loss": null, "lr": 0.000165, "batch_size": 128, "grad_accum_steps": 1, "context_length": 256, "cuda_max_memory_mb": 15276.21}
{"run_name": "ablation_silu_ffn", "step": 150, "wall_clock_sec": 21.664, "processed_tokens": 4915200, "train_loss": 3.800785541534424, "val_loss": null, "lr": 0.0002483333333333333, "batch_size": 128, "grad_accum_steps": 1, "context_length": 256, "cuda_max_memory_mb": 15276.21}
{"run_name": "ablation_silu_ffn", "step": 200, "wall_clock_sec": 28.763, "processed_tokens": 6553600, "train_loss": 3.370591878890991, "val_loss": null, "lr": 0.0003316666666666667, "batch_size": 128, "grad_accum_steps": 1, "context_length": 256, "cuda_max_memory_mb": 15276.21}
{"run_name": "ablation_silu_ffn", "step": 250, "wall_clock_sec": 35.855, "processed_tokens": 8192000, "train_loss": 3.1022074222564697, "val_loss": null, "lr": 0.000415, "batch_size": 128, "grad_accum_steps": 1, "context_length": 256, "cuda_max_memory_mb": 15276.21}
{"run_name": "ablation_silu_ffn", "step": 300, "wall_clock_sec": 43.074, "processed_tokens": 9830400, "train_loss": 2.932290554046631, "val_loss": 2.9220594644546507, "lr": 0.0004983333333333334, "batch_size": 128, "grad_accum_steps": 1, "context_length": 256, "cuda_max_memory_mb": 15276.21}
{"run_name": "ablation_silu_ffn", "step": 350, "wall_clock_sec": 50.167, "processed_tokens": 11468800, "train_loss": 2.7493793964385986, "val_loss": null, "lr": 0.0004996344058372025, "batch_size": 128, "grad_accum_steps": 1, "context_length": 256, "cuda_max_memory_mb": 15276.21}
{"run_name": "ablation_silu_ffn", "step": 400, "wall_clock_sec": 57.261, "processed_tokens": 13107200, "train_loss": 2.6282081604003906, "val_loss": null, "lr": 0.0004985088722600892, "batch_size": 128, "grad_accum_steps": 1, "context_length": 256, "cuda_max_memory_mb": 15276.21}
{"run_name": "ablation_silu_ffn", "step": 450, "wall_clock_sec": 64.358, "processed_tokens": 14745600, "train_loss": 2.571091890335083, "val_loss": null, "lr": 0.0004966270554093131, "batch_size": 128, "grad_accum_steps": 1, "context_length": 256, "cuda_max_memory_mb": 15276.21}
{"run_name": "ablation_silu_ffn", "step": 500, "wall_clock_sec": 71.452, "processed_tokens": 16384000, "train_loss": 2.536478281021118, "val_loss": null, "lr": 0.0004939953227574221, "batch_size": 128, "grad_accum_steps": 1, "context_length": 256, "cuda_max_memory_mb": 15276.21}
{"run_name": "ablation_silu_ffn", "step": 550, "wall_clock_sec": 78.546, "processed_tokens": 18022400, "train_loss": 2.46150541305542, "val_loss": null, "lr": 0.0004906225792546549, "batch_size": 128, "grad_accum_steps": 1, "context_length": 256, "cuda_max_memory_mb": 15276.21}
{"run_name": "ablation_silu_ffn", "step": 600, "wall_clock_sec": 85.76, "processed_tokens": 19660800, "train_loss": 2.348621368408203, "val_loss": 2.3930465459823607, "lr": 0.00048652023719740825, "batch_size": 128, "grad_accum_steps": 1, "context_length": 256, "cuda_max_memory_mb": 15276.21}
{"run_name": "ablation_silu_ffn", "step": 650, "wall_clock_sec": 92.853, "processed_tokens": 21299200, "train_loss": 2.359666347503662, "val_loss": null, "lr": 0.00048170217761263784, "batch_size": 128, "grad_accum_steps": 1, "context_length": 256, "cuda_max_memory_mb": 15276.21}
{"run_name": "ablation_silu_ffn", "step": 700, "wall_clock_sec": 99.947, "processed_tokens": 22937600, "train_loss": 2.2702372074127197, "val_loss": null, "lr": 0.0004761847032888578, "batch_size": 128, "grad_accum_steps": 1, "context_length": 256, "cuda_max_memory_mb": 15276.21}
{"run_name": "ablation_silu_ffn", "step": 750, "wall_clock_sec": 107.037, "processed_tokens": 24576000, "train_loss": 2.252577304840088, "val_loss": null, "lr": 0.00046998648361266465, "batch_size": 128, "grad_accum_steps": 1, "context_length": 256, "cuda_max_memory_mb": 15276.21}
{"run_name": "ablation_silu_ffn", "step": 800, "wall_clock_sec": 114.131, "processed_tokens": 26214400, "train_loss": 2.2065861225128174, "val_loss": null, "lr": 0.0004631284913974423, "batch_size": 128, "grad_accum_steps": 1, "context_length": 256, "cuda_max_memory_mb": 15276.21}
{"run_name": "ablation_silu_ffn", "step": 850, "wall_clock_sec": 121.224, "processed_tokens": 27852800, "train_loss": 2.157641649246216, "val_loss": null, "lr": 0.00045563393191800077, "batch_size": 128, "grad_accum_steps": 1, "context_length": 256, "cuda_max_memory_mb": 15276.21}
{"run_name": "ablation_silu_ffn", "step": 900, "wall_clock_sec": 128.438, "processed_tokens": 29491200, "train_loss": 2.206101179122925, "val_loss": 2.1472681522369386, "lr": 0.0004475281643912718, "batch_size": 128, "grad_accum_steps": 1, "context_length": 256, "cuda_max_memory_mb": 15276.21}
{"run_name": "ablation_silu_ffn", "step": 950, "wall_clock_sec": 135.533, "processed_tokens": 31129600, "train_loss": 2.083700180053711, "val_loss": null, "lr": 0.0004388386161687454, "batch_size": 128, "grad_accum_steps": 1, "context_length": 256, "cuda_max_memory_mb": 15276.21}
{"run_name": "ablation_silu_ffn", "step": 1000, "wall_clock_sec": 142.622, "processed_tokens": 32768000, "train_loss": 2.0856552124023438, "val_loss": null, "lr": 0.0004295946899309952, "batch_size": 128, "grad_accum_steps": 1, "context_length": 256, "cuda_max_memory_mb": 15276.21}
{"run_name": "ablation_silu_ffn", "step": 1050, "wall_clock_sec": 149.712, "processed_tokens": 34406400, "train_loss": 2.046217918395996, "val_loss": null, "lr": 0.0004198276641983137, "batch_size": 128, "grad_accum_steps": 1, "context_length": 256, "cuda_max_memory_mb": 15276.21}
{"run_name": "ablation_silu_ffn", "step": 1100, "wall_clock_sec": 156.811, "processed_tokens": 36044800, "train_loss": 2.101409912109375, "val_loss": null, "lr": 0.0004095705874941014, "batch_size": 128, "grad_accum_steps": 1, "context_length": 256, "cuda_max_memory_mb": 15276.21}
{"run_name": "ablation_silu_ffn", "step": 1150, "wall_clock_sec": 163.908, "processed_tokens": 37683200, "train_loss": 2.0840487480163574, "val_loss": null, "lr": 0.00039885816651912405, "batch_size": 128, "grad_accum_steps": 1, "context_length": 256, "cuda_max_memory_mb": 15276.21}
{"run_name": "ablation_silu_ffn", "step": 1200, "wall_clock_sec": 171.128, "processed_tokens": 39321600, "train_loss": 1.9404149055480957, "val_loss": 1.9661330103874206, "lr": 0.00038772664871502416, "batch_size": 128, "grad_accum_steps": 1, "context_length": 256, "cuda_max_memory_mb": 15276.21}
{"run_name": "ablation_silu_ffn", "step": 1250, "wall_clock_sec": 178.217, "processed_tokens": 40960000, "train_loss": 2.0087571144104004, "val_loss": null, "lr": 0.00037621369961445195, "batch_size": 128, "grad_accum_steps": 1, "context_length": 256, "cuda_max_memory_mb": 15276.21}
{"run_name": "ablation_silu_ffn", "step": 1300, "wall_clock_sec": 185.309, "processed_tokens": 42598400, "train_loss": 1.9969849586486816, "val_loss": null, "lr": 0.00036435827539282563, "batch_size": 128, "grad_accum_steps": 1, "context_length": 256, "cuda_max_memory_mb": 15276.21}
{"run_name": "ablation_silu_ffn", "step": 1350, "wall_clock_sec": 192.402, "processed_tokens": 44236800, "train_loss": 1.962207555770874, "val_loss": null, "lr": 0.00035220049105296516, "batch_size": 128, "grad_accum_steps": 1, "context_length": 256, "cuda_max_memory_mb": 15276.21}
{"run_name": "ablation_silu_ffn", "step": 1400, "wall_clock_sec": 199.494, "processed_tokens": 45875200, "train_loss": 1.9260661602020264, "val_loss": null, "lr": 0.0003397814846886207, "batch_size": 128, "grad_accum_steps": 1, "context_length": 256, "cuda_max_memory_mb": 15276.21}
{"run_name": "ablation_silu_ffn", "step": 1450, "wall_clock_sec": 206.583, "processed_tokens": 47513600, "train_loss": 1.953704595565796, "val_loss": null, "lr": 0.0003271432782861854, "batch_size": 128, "grad_accum_steps": 1, "context_length": 256, "cuda_max_memory_mb": 15276.21}
{"run_name": "ablation_silu_ffn", "step": 1500, "wall_clock_sec": 213.802, "processed_tokens": 49152000, "train_loss": 1.913942575454712, "val_loss": 1.9318211913108825, "lr": 0.0003143286355355953, "batch_size": 128, "grad_accum_steps": 1, "context_length": 256, "cuda_max_memory_mb": 15276.21}
{"run_name": "ablation_silu_ffn", "step": 1550, "wall_clock_sec": 220.89, "processed_tokens": 50790400, "train_loss": 1.881635308265686, "val_loss": null, "lr": 0.00030138091713153865, "batch_size": 128, "grad_accum_steps": 1, "context_length": 256, "cuda_max_memory_mb": 15276.21}
{"run_name": "ablation_silu_ffn", "step": 1600, "wall_clock_sec": 227.991, "processed_tokens": 52428800, "train_loss": 1.9161709547042847, "val_loss": null, "lr": 0.0002883439340545914, "batch_size": 128, "grad_accum_steps": 1, "context_length": 256, "cuda_max_memory_mb": 15276.21}
{"run_name": "ablation_silu_ffn", "step": 1650, "wall_clock_sec": 235.078, "processed_tokens": 54067200, "train_loss": 1.901313304901123, "val_loss": null, "lr": 0.0002752617993287261, "batch_size": 128, "grad_accum_steps": 1, "context_length": 256, "cuda_max_memory_mb": 15276.21}
{"run_name": "ablation_silu_ffn", "step": 1700, "wall_clock_sec": 242.165, "processed_tokens": 55705600, "train_loss": 1.8932691812515259, "val_loss": null, "lr": 0.00026217877875680303, "batch_size": 128, "grad_accum_steps": 1, "context_length": 256, "cuda_max_memory_mb": 15276.21}
{"run_name": "ablation_silu_ffn", "step": 1750, "wall_clock_sec": 249.249, "processed_tokens": 57344000, "train_loss": 1.9147626161575317, "val_loss": null, "lr": 0.00024913914113910507, "batch_size": 128, "grad_accum_steps": 1, "context_length": 256, "cuda_max_memory_mb": 15276.21}
{"run_name": "ablation_silu_ffn", "step": 1800, "wall_clock_sec": 256.464, "processed_tokens": 58982400, "train_loss": 1.9083154201507568, "val_loss": 1.8528918266296386, "lr": 0.0002361870084817304, "batch_size": 128, "grad_accum_steps": 1, "context_length": 256, "cuda_max_memory_mb": 15276.21}
{"run_name": "ablation_silu_ffn", "step": 1850, "wall_clock_sec": 263.557, "processed_tokens": 60620800, "train_loss": 1.8569579124450684, "val_loss": null, "lr": 0.0002233662067016909, "batch_size": 128, "grad_accum_steps": 1, "context_length": 256, "cuda_max_memory_mb": 15276.21}
{"run_name": "ablation_silu_ffn", "step": 1900, "wall_clock_sec": 270.641, "processed_tokens": 62259200, "train_loss": 1.8039696216583252, "val_loss": null, "lr": 0.00021072011733388096, "batch_size": 128, "grad_accum_steps": 1, "context_length": 256, "cuda_max_memory_mb": 15276.21}
{"run_name": "ablation_silu_ffn", "step": 1950, "wall_clock_sec": 277.728, "processed_tokens": 63897600, "train_loss": 1.867289662361145, "val_loss": null, "lr": 0.0001982915307416961, "batch_size": 128, "grad_accum_steps": 1, "context_length": 256, "cuda_max_memory_mb": 15276.21}
{"run_name": "ablation_silu_ffn", "step": 2000, "wall_clock_sec": 284.816, "processed_tokens": 65536000, "train_loss": 1.8041043281555176, "val_loss": null, "lr": 0.0001861225013279878, "batch_size": 128, "grad_accum_steps": 1, "context_length": 256, "cuda_max_memory_mb": 15276.21}
{"run_name": "ablation_silu_ffn", "step": 2050, "wall_clock_sec": 291.906, "processed_tokens": 67174400, "train_loss": 1.8082823753356934, "val_loss": null, "lr": 0.00017425420523627683, "batch_size": 128, "grad_accum_steps": 1, "context_length": 256, "cuda_max_memory_mb": 15276.21}
{"run_name": "ablation_silu_ffn", "step": 2100, "wall_clock_sec": 299.121, "processed_tokens": 68812800, "train_loss": 1.8272254467010498, "val_loss": 1.8410761594772338, "lr": 0.00016272680102371692, "batch_size": 128, "grad_accum_steps": 1, "context_length": 256, "cuda_max_memory_mb": 15276.21}
{"run_name": "ablation_silu_ffn", "step": 2150, "wall_clock_sec": 306.211, "processed_tokens": 70451200, "train_loss": 1.8006130456924438, "val_loss": null, "lr": 0.00015157929377724948, "batch_size": 128, "grad_accum_steps": 1, "context_length": 256, "cuda_max_memory_mb": 15276.21}
{"run_name": "ablation_silu_ffn", "step": 2200, "wall_clock_sec": 313.302, "processed_tokens": 72089600, "train_loss": 1.7956757545471191, "val_loss": null, "lr": 0.00014084940313273641, "batch_size": 128, "grad_accum_steps": 1, "context_length": 256, "cuda_max_memory_mb": 15276.21}
{"run_name": "ablation_silu_ffn", "step": 2250, "wall_clock_sec": 320.387, "processed_tokens": 73728000, "train_loss": 1.8646385669708252, "val_loss": null, "lr": 0.00013057343564365208, "batch_size": 128, "grad_accum_steps": 1, "context_length": 256, "cuda_max_memory_mb": 15276.21}
{"run_name": "ablation_silu_ffn", "step": 2300, "wall_clock_sec": 327.476, "processed_tokens": 75366400, "train_loss": 1.7967214584350586, "val_loss": null, "lr": 0.0001207861619311986, "batch_size": 128, "grad_accum_steps": 1, "context_length": 256, "cuda_max_memory_mb": 15276.21}
{"run_name": "ablation_silu_ffn", "step": 2350, "wall_clock_sec": 334.561, "processed_tokens": 77004800, "train_loss": 1.798154592514038, "val_loss": null, "lr": 0.00011152069903153043, "batch_size": 128, "grad_accum_steps": 1, "context_length": 256, "cuda_max_memory_mb": 15276.21}
{"run_name": "ablation_silu_ffn", "step": 2400, "wall_clock_sec": 341.78, "processed_tokens": 78643200, "train_loss": 1.819664478302002, "val_loss": 1.7582455158233643, "lr": 0.000102808398338187, "batch_size": 128, "grad_accum_steps": 1, "context_length": 256, "cuda_max_memory_mb": 15276.21}
{"run_name": "ablation_silu_ffn", "step": 2450, "wall_clock_sec": 348.862, "processed_tokens": 80281600, "train_loss": 1.7498829364776611, "val_loss": null, "lr": 9.467873951890085e-05, "batch_size": 128, "grad_accum_steps": 1, "context_length": 256, "cuda_max_memory_mb": 15276.21}
{"run_name": "ablation_silu_ffn", "step": 2500, "wall_clock_sec": 355.947, "processed_tokens": 81920000, "train_loss": 1.7618913650512695, "val_loss": null, "lr": 8.715923076573355e-05, "batch_size": 128, "grad_accum_steps": 1, "context_length": 256, "cuda_max_memory_mb": 15276.21}
{"run_name": "ablation_silu_ffn", "step": 2550, "wall_clock_sec": 363.032, "processed_tokens": 83558400, "train_loss": 1.7068597078323364, "val_loss": null, "lr": 8.027531571606143e-05, "batch_size": 128, "grad_accum_steps": 1, "context_length": 256, "cuda_max_memory_mb": 15276.21}
{"run_name": "ablation_silu_ffn", "step": 2600, "wall_clock_sec": 370.118, "processed_tokens": 85196800, "train_loss": 1.7556430101394653, "val_loss": null, "lr": 7.405028735936076e-05, "batch_size": 128, "grad_accum_steps": 1, "context_length": 256, "cuda_max_memory_mb": 15276.21}
{"run_name": "ablation_silu_ffn", "step": 2650, "wall_clock_sec": 377.208, "processed_tokens": 86835200, "train_loss": 1.7539782524108887, "val_loss": null, "lr": 6.850520922110425e-05, "batch_size": 128, "grad_accum_steps": 1, "context_length": 256, "cuda_max_memory_mb": 15276.21}
{"run_name": "ablation_silu_ffn", "step": 2700, "wall_clock_sec": 384.42, "processed_tokens": 88473600, "train_loss": 1.705835223197937, "val_loss": 1.7680657029151916, "lr": 6.365884409045871e-05, "batch_size": 128, "grad_accum_steps": 1, "context_length": 256, "cuda_max_memory_mb": 15276.21}
{"run_name": "ablation_silu_ffn", "step": 2750, "wall_clock_sec": 391.51, "processed_tokens": 90112000, "train_loss": 1.7053301334381104, "val_loss": null, "lr": 5.952759053294548e-05, "batch_size": 128, "grad_accum_steps": 1, "context_length": 256, "cuda_max_memory_mb": 15276.21}
{"run_name": "ablation_silu_ffn", "step": 2800, "wall_clock_sec": 398.592, "processed_tokens": 91750400, "train_loss": 1.7928674221038818, "val_loss": null, "lr": 5.61254274028858e-05, "batch_size": 128, "grad_accum_steps": 1, "context_length": 256, "cuda_max_memory_mb": 15276.21}
{"run_name": "ablation_silu_ffn", "step": 2850, "wall_clock_sec": 405.679, "processed_tokens": 93388800, "train_loss": 1.759314775466919, "val_loss": null, "lr": 5.346386654338233e-05, "batch_size": 128, "grad_accum_steps": 1, "context_length": 256, "cuda_max_memory_mb": 15276.21}
{"run_name": "ablation_silu_ffn", "step": 2900, "wall_clock_sec": 412.762, "processed_tokens": 95027200, "train_loss": 1.7949222326278687, "val_loss": null, "lr": 5.155191383388649e-05, "batch_size": 128, "grad_accum_steps": 1, "context_length": 256, "cuda_max_memory_mb": 15276.21}
{"run_name": "ablation_silu_ffn", "step": 2950, "wall_clock_sec": 419.843, "processed_tokens": 96665600, "train_loss": 1.7189654111862183, "val_loss": null, "lr": 5.0396038717152805e-05, "batch_size": 128, "grad_accum_steps": 1, "context_length": 256, "cuda_max_memory_mb": 15276.21}
{"run_name": "ablation_silu_ffn", "step": 3000, "wall_clock_sec": 427.057, "processed_tokens": 98304000, "train_loss": 1.7225311994552612, "val_loss": 1.7282798886299133, "lr": 5.000015230869271e-05, "batch_size": 128, "grad_accum_steps": 1, "context_length": 256, "cuda_max_memory_mb": 15276.21}
