nohup: ignoring input
{"run_name": "ablation_no_rmsnorm", "step": 1, "wall_clock_sec": 0.528, "processed_tokens": 32768, "train_loss": 15.77564525604248, "val_loss": null, "lr": 0.0, "batch_size": 128, "grad_accum_steps": 1, "context_length": 256, "cuda_max_memory_mb": 14202.0}
{"run_name": "ablation_no_rmsnorm", "step": 50, "wall_clock_sec": 7.113, "processed_tokens": 1638400, "train_loss": 7.158212661743164, "val_loss": null, "lr": 8.166666666666667e-05, "batch_size": 128, "grad_accum_steps": 1, "context_length": 256, "cuda_max_memory_mb": 14409.53}
{"run_name": "ablation_no_rmsnorm", "step": 100, "wall_clock_sec": 13.844, "processed_tokens": 3276800, "train_loss": 4.374828815460205, "val_loss": null, "lr": 0.000165, "batch_size": 128, "grad_accum_steps": 1, "context_length": 256, "cuda_max_memory_mb": 14409.53}
{"run_name": "ablation_no_rmsnorm", "step": 150, "wall_clock_sec": 20.565, "processed_tokens": 4915200, "train_loss": 3.583041191101074, "val_loss": null, "lr": 0.0002483333333333333, "batch_size": 128, "grad_accum_steps": 1, "context_length": 256, "cuda_max_memory_mb": 14409.53}
{"run_name": "ablation_no_rmsnorm", "step": 200, "wall_clock_sec": 27.3, "processed_tokens": 6553600, "train_loss": 3.229597806930542, "val_loss": null, "lr": 0.0003316666666666667, "batch_size": 128, "grad_accum_steps": 1, "context_length": 256, "cuda_max_memory_mb": 14409.72}
{"run_name": "ablation_no_rmsnorm", "step": 250, "wall_clock_sec": 34.018, "processed_tokens": 8192000, "train_loss": 2.999545097351074, "val_loss": null, "lr": 0.000415, "batch_size": 128, "grad_accum_steps": 1, "context_length": 256, "cuda_max_memory_mb": 14409.72}
{"run_name": "ablation_no_rmsnorm", "step": 300, "wall_clock_sec": 40.859, "processed_tokens": 9830400, "train_loss": 2.83046293258667, "val_loss": 2.816760802268982, "lr": 0.0004983333333333334, "batch_size": 128, "grad_accum_steps": 1, "context_length": 256, "cuda_max_memory_mb": 14409.72}
{"run_name": "ablation_no_rmsnorm", "step": 350, "wall_clock_sec": 47.573, "processed_tokens": 11468800, "train_loss": 2.637531280517578, "val_loss": null, "lr": 0.0004996344058372025, "batch_size": 128, "grad_accum_steps": 1, "context_length": 256, "cuda_max_memory_mb": 14409.72}
{"run_name": "ablation_no_rmsnorm", "step": 400, "wall_clock_sec": 54.288, "processed_tokens": 13107200, "train_loss": 2.529092311859131, "val_loss": null, "lr": 0.0004985088722600892, "batch_size": 128, "grad_accum_steps": 1, "context_length": 256, "cuda_max_memory_mb": 14409.75}
{"run_name": "ablation_no_rmsnorm", "step": 450, "wall_clock_sec": 61.002, "processed_tokens": 14745600, "train_loss": 2.462677478790283, "val_loss": null, "lr": 0.0004966270554093131, "batch_size": 128, "grad_accum_steps": 1, "context_length": 256, "cuda_max_memory_mb": 14409.75}
{"run_name": "ablation_no_rmsnorm", "step": 500, "wall_clock_sec": 67.714, "processed_tokens": 16384000, "train_loss": 2.421710968017578, "val_loss": null, "lr": 0.0004939953227574221, "batch_size": 128, "grad_accum_steps": 1, "context_length": 256, "cuda_max_memory_mb": 14409.91}
{"run_name": "ablation_no_rmsnorm", "step": 550, "wall_clock_sec": 74.42, "processed_tokens": 18022400, "train_loss": 2.344916582107544, "val_loss": null, "lr": 0.0004906225792546549, "batch_size": 128, "grad_accum_steps": 1, "context_length": 256, "cuda_max_memory_mb": 14409.91}
{"run_name": "ablation_no_rmsnorm", "step": 600, "wall_clock_sec": 81.251, "processed_tokens": 19660800, "train_loss": 2.2350716590881348, "val_loss": 2.2831060171127318, "lr": 0.00048652023719740825, "batch_size": 128, "grad_accum_steps": 1, "context_length": 256, "cuda_max_memory_mb": 14409.91}
{"run_name": "ablation_no_rmsnorm", "step": 650, "wall_clock_sec": 87.957, "processed_tokens": 21299200, "train_loss": 2.2393879890441895, "val_loss": null, "lr": 0.00048170217761263784, "batch_size": 128, "grad_accum_steps": 1, "context_length": 256, "cuda_max_memory_mb": 14409.94}
{"run_name": "ablation_no_rmsnorm", "step": 700, "wall_clock_sec": 94.664, "processed_tokens": 22937600, "train_loss": 2.1680235862731934, "val_loss": null, "lr": 0.0004761847032888578, "batch_size": 128, "grad_accum_steps": 1, "context_length": 256, "cuda_max_memory_mb": 14409.94}
{"run_name": "ablation_no_rmsnorm", "step": 750, "wall_clock_sec": 101.37, "processed_tokens": 24576000, "train_loss": 2.1526291370391846, "val_loss": null, "lr": 0.00046998648361266465, "batch_size": 128, "grad_accum_steps": 1, "context_length": 256, "cuda_max_memory_mb": 14409.94}
{"run_name": "ablation_no_rmsnorm", "step": 800, "wall_clock_sec": 108.082, "processed_tokens": 26214400, "train_loss": 2.0943095684051514, "val_loss": null, "lr": 0.0004631284913974423, "batch_size": 128, "grad_accum_steps": 1, "context_length": 256, "cuda_max_memory_mb": 14409.94}
{"run_name": "ablation_no_rmsnorm", "step": 850, "wall_clock_sec": 114.79, "processed_tokens": 27852800, "train_loss": 2.061532974243164, "val_loss": null, "lr": 0.00045563393191800077, "batch_size": 128, "grad_accum_steps": 1, "context_length": 256, "cuda_max_memory_mb": 14409.94}
{"run_name": "ablation_no_rmsnorm", "step": 900, "wall_clock_sec": 121.617, "processed_tokens": 29491200, "train_loss": 2.1115152835845947, "val_loss": 2.053355324268341, "lr": 0.0004475281643912718, "batch_size": 128, "grad_accum_steps": 1, "context_length": 256, "cuda_max_memory_mb": 14409.94}
{"run_name": "ablation_no_rmsnorm", "step": 950, "wall_clock_sec": 128.322, "processed_tokens": 31129600, "train_loss": 2.0078585147857666, "val_loss": null, "lr": 0.0004388386161687454, "batch_size": 128, "grad_accum_steps": 1, "context_length": 256, "cuda_max_memory_mb": 14409.94}
{"run_name": "ablation_no_rmsnorm", "step": 1000, "wall_clock_sec": 135.024, "processed_tokens": 32768000, "train_loss": 2.0096049308776855, "val_loss": null, "lr": 0.0004295946899309952, "batch_size": 128, "grad_accum_steps": 1, "context_length": 256, "cuda_max_memory_mb": 14409.94}
{"run_name": "ablation_no_rmsnorm", "step": 1050, "wall_clock_sec": 141.727, "processed_tokens": 34406400, "train_loss": 1.9687676429748535, "val_loss": null, "lr": 0.0004198276641983137, "batch_size": 128, "grad_accum_steps": 1, "context_length": 256, "cuda_max_memory_mb": 14409.94}
{"run_name": "ablation_no_rmsnorm", "step": 1100, "wall_clock_sec": 148.431, "processed_tokens": 36044800, "train_loss": 2.0243144035339355, "val_loss": null, "lr": 0.0004095705874941014, "batch_size": 128, "grad_accum_steps": 1, "context_length": 256, "cuda_max_memory_mb": 14409.94}
{"run_name": "ablation_no_rmsnorm", "step": 1150, "wall_clock_sec": 155.135, "processed_tokens": 37683200, "train_loss": 2.0108392238616943, "val_loss": null, "lr": 0.00039885816651912405, "batch_size": 128, "grad_accum_steps": 1, "context_length": 256, "cuda_max_memory_mb": 14409.94}
{"run_name": "ablation_no_rmsnorm", "step": 1200, "wall_clock_sec": 161.966, "processed_tokens": 39321600, "train_loss": 1.868661642074585, "val_loss": 1.8949281573295593, "lr": 0.00038772664871502416, "batch_size": 128, "grad_accum_steps": 1, "context_length": 256, "cuda_max_memory_mb": 14409.94}
{"run_name": "ablation_no_rmsnorm", "step": 1250, "wall_clock_sec": 168.669, "processed_tokens": 40960000, "train_loss": 1.9373111724853516, "val_loss": null, "lr": 0.00037621369961445195, "batch_size": 128, "grad_accum_steps": 1, "context_length": 256, "cuda_max_memory_mb": 14409.94}
{"run_name": "ablation_no_rmsnorm", "step": 1300, "wall_clock_sec": 175.373, "processed_tokens": 42598400, "train_loss": 1.9297633171081543, "val_loss": null, "lr": 0.00036435827539282563, "batch_size": 128, "grad_accum_steps": 1, "context_length": 256, "cuda_max_memory_mb": 14409.94}
{"run_name": "ablation_no_rmsnorm", "step": 1350, "wall_clock_sec": 182.074, "processed_tokens": 44236800, "train_loss": 1.8876641988754272, "val_loss": null, "lr": 0.00035220049105296516, "batch_size": 128, "grad_accum_steps": 1, "context_length": 256, "cuda_max_memory_mb": 14409.94}
{"run_name": "ablation_no_rmsnorm", "step": 1400, "wall_clock_sec": 188.776, "processed_tokens": 45875200, "train_loss": 1.8607392311096191, "val_loss": null, "lr": 0.0003397814846886207, "batch_size": 128, "grad_accum_steps": 1, "context_length": 256, "cuda_max_memory_mb": 14409.94}
{"run_name": "ablation_no_rmsnorm", "step": 1450, "wall_clock_sec": 195.477, "processed_tokens": 47513600, "train_loss": 1.892524242401123, "val_loss": null, "lr": 0.0003271432782861854, "batch_size": 128, "grad_accum_steps": 1, "context_length": 256, "cuda_max_memory_mb": 14409.94}
{"run_name": "ablation_no_rmsnorm", "step": 1500, "wall_clock_sec": 202.303, "processed_tokens": 49152000, "train_loss": 1.8454468250274658, "val_loss": 1.872526502609253, "lr": 0.0003143286355355953, "batch_size": 128, "grad_accum_steps": 1, "context_length": 256, "cuda_max_memory_mb": 14409.94}
{"run_name": "ablation_no_rmsnorm", "step": 1550, "wall_clock_sec": 209.006, "processed_tokens": 50790400, "train_loss": 1.8189220428466797, "val_loss": null, "lr": 0.00030138091713153865, "batch_size": 128, "grad_accum_steps": 1, "context_length": 256, "cuda_max_memory_mb": 14409.94}
{"run_name": "ablation_no_rmsnorm", "step": 1600, "wall_clock_sec": 215.709, "processed_tokens": 52428800, "train_loss": 1.8527603149414062, "val_loss": null, "lr": 0.0002883439340545914, "batch_size": 128, "grad_accum_steps": 1, "context_length": 256, "cuda_max_memory_mb": 14409.94}
{"run_name": "ablation_no_rmsnorm", "step": 1650, "wall_clock_sec": 222.413, "processed_tokens": 54067200, "train_loss": 1.8365813493728638, "val_loss": null, "lr": 0.0002752617993287261, "batch_size": 128, "grad_accum_steps": 1, "context_length": 256, "cuda_max_memory_mb": 14409.94}
{"run_name": "ablation_no_rmsnorm", "step": 1700, "wall_clock_sec": 229.115, "processed_tokens": 55705600, "train_loss": 1.8271100521087646, "val_loss": null, "lr": 0.00026217877875680303, "batch_size": 128, "grad_accum_steps": 1, "context_length": 256, "cuda_max_memory_mb": 14409.94}
{"run_name": "ablation_no_rmsnorm", "step": 1750, "wall_clock_sec": 235.818, "processed_tokens": 57344000, "train_loss": 1.8567800521850586, "val_loss": null, "lr": 0.00024913914113910507, "batch_size": 128, "grad_accum_steps": 1, "context_length": 256, "cuda_max_memory_mb": 14409.94}
{"run_name": "ablation_no_rmsnorm", "step": 1800, "wall_clock_sec": 242.643, "processed_tokens": 58982400, "train_loss": 1.840575933456421, "val_loss": 1.7898566603660584, "lr": 0.0002361870084817304, "batch_size": 128, "grad_accum_steps": 1, "context_length": 256, "cuda_max_memory_mb": 14409.94}
{"run_name": "ablation_no_rmsnorm", "step": 1850, "wall_clock_sec": 249.343, "processed_tokens": 60620800, "train_loss": 1.8030524253845215, "val_loss": null, "lr": 0.0002233662067016909, "batch_size": 128, "grad_accum_steps": 1, "context_length": 256, "cuda_max_memory_mb": 14409.94}
{"run_name": "ablation_no_rmsnorm", "step": 1900, "wall_clock_sec": 256.045, "processed_tokens": 62259200, "train_loss": 1.7425847053527832, "val_loss": null, "lr": 0.00021072011733388096, "batch_size": 128, "grad_accum_steps": 1, "context_length": 256, "cuda_max_memory_mb": 14409.94}
{"run_name": "ablation_no_rmsnorm", "step": 1950, "wall_clock_sec": 262.746, "processed_tokens": 63897600, "train_loss": 1.8065022230148315, "val_loss": null, "lr": 0.0001982915307416961, "batch_size": 128, "grad_accum_steps": 1, "context_length": 256, "cuda_max_memory_mb": 14410.19}
{"run_name": "ablation_no_rmsnorm", "step": 2000, "wall_clock_sec": 269.446, "processed_tokens": 65536000, "train_loss": 1.749446153640747, "val_loss": null, "lr": 0.0001861225013279878, "batch_size": 128, "grad_accum_steps": 1, "context_length": 256, "cuda_max_memory_mb": 14410.19}
{"run_name": "ablation_no_rmsnorm", "step": 2050, "wall_clock_sec": 276.152, "processed_tokens": 67174400, "train_loss": 1.7509090900421143, "val_loss": null, "lr": 0.00017425420523627683, "batch_size": 128, "grad_accum_steps": 1, "context_length": 256, "cuda_max_memory_mb": 14410.19}
{"run_name": "ablation_no_rmsnorm", "step": 2100, "wall_clock_sec": 282.976, "processed_tokens": 68812800, "train_loss": 1.7667367458343506, "val_loss": 1.7811487674713136, "lr": 0.00016272680102371692, "batch_size": 128, "grad_accum_steps": 1, "context_length": 256, "cuda_max_memory_mb": 14410.19}
{"run_name": "ablation_no_rmsnorm", "step": 2150, "wall_clock_sec": 289.678, "processed_tokens": 70451200, "train_loss": 1.7347242832183838, "val_loss": null, "lr": 0.00015157929377724948, "batch_size": 128, "grad_accum_steps": 1, "context_length": 256, "cuda_max_memory_mb": 14410.19}
{"run_name": "ablation_no_rmsnorm", "step": 2200, "wall_clock_sec": 296.377, "processed_tokens": 72089600, "train_loss": 1.7287614345550537, "val_loss": null, "lr": 0.00014084940313273641, "batch_size": 128, "grad_accum_steps": 1, "context_length": 256, "cuda_max_memory_mb": 14410.19}
{"run_name": "ablation_no_rmsnorm", "step": 2250, "wall_clock_sec": 303.08, "processed_tokens": 73728000, "train_loss": 1.7972259521484375, "val_loss": null, "lr": 0.00013057343564365208, "batch_size": 128, "grad_accum_steps": 1, "context_length": 256, "cuda_max_memory_mb": 14410.19}
{"run_name": "ablation_no_rmsnorm", "step": 2300, "wall_clock_sec": 309.776, "processed_tokens": 75366400, "train_loss": 1.7318390607833862, "val_loss": null, "lr": 0.0001207861619311986, "batch_size": 128, "grad_accum_steps": 1, "context_length": 256, "cuda_max_memory_mb": 14410.19}
{"run_name": "ablation_no_rmsnorm", "step": 2350, "wall_clock_sec": 316.473, "processed_tokens": 77004800, "train_loss": 1.744020700454712, "val_loss": null, "lr": 0.00011152069903153043, "batch_size": 128, "grad_accum_steps": 1, "context_length": 256, "cuda_max_memory_mb": 14410.19}
{"run_name": "ablation_no_rmsnorm", "step": 2400, "wall_clock_sec": 323.292, "processed_tokens": 78643200, "train_loss": 1.7595741748809814, "val_loss": 1.6948624014854432, "lr": 0.000102808398338187, "batch_size": 128, "grad_accum_steps": 1, "context_length": 256, "cuda_max_memory_mb": 14410.19}
{"run_name": "ablation_no_rmsnorm", "step": 2450, "wall_clock_sec": 329.988, "processed_tokens": 80281600, "train_loss": 1.6832220554351807, "val_loss": null, "lr": 9.467873951890085e-05, "batch_size": 128, "grad_accum_steps": 1, "context_length": 256, "cuda_max_memory_mb": 14410.19}
{"run_name": "ablation_no_rmsnorm", "step": 2500, "wall_clock_sec": 336.684, "processed_tokens": 81920000, "train_loss": 1.696253776550293, "val_loss": null, "lr": 8.715923076573355e-05, "batch_size": 128, "grad_accum_steps": 1, "context_length": 256, "cuda_max_memory_mb": 14410.19}
{"run_name": "ablation_no_rmsnorm", "step": 2550, "wall_clock_sec": 343.377, "processed_tokens": 83558400, "train_loss": 1.64625883102417, "val_loss": null, "lr": 8.027531571606143e-05, "batch_size": 128, "grad_accum_steps": 1, "context_length": 256, "cuda_max_memory_mb": 14410.19}
{"run_name": "ablation_no_rmsnorm", "step": 2600, "wall_clock_sec": 350.075, "processed_tokens": 85196800, "train_loss": 1.6933815479278564, "val_loss": null, "lr": 7.405028735936076e-05, "batch_size": 128, "grad_accum_steps": 1, "context_length": 256, "cuda_max_memory_mb": 14410.19}
{"run_name": "ablation_no_rmsnorm", "step": 2650, "wall_clock_sec": 356.769, "processed_tokens": 86835200, "train_loss": 1.6835877895355225, "val_loss": null, "lr": 6.850520922110425e-05, "batch_size": 128, "grad_accum_steps": 1, "context_length": 256, "cuda_max_memory_mb": 14410.19}
{"run_name": "ablation_no_rmsnorm", "step": 2700, "wall_clock_sec": 363.588, "processed_tokens": 88473600, "train_loss": 1.6393135786056519, "val_loss": 1.7080065846443175, "lr": 6.365884409045871e-05, "batch_size": 128, "grad_accum_steps": 1, "context_length": 256, "cuda_max_memory_mb": 14410.19}
{"run_name": "ablation_no_rmsnorm", "step": 2750, "wall_clock_sec": 370.285, "processed_tokens": 90112000, "train_loss": 1.6378769874572754, "val_loss": null, "lr": 5.952759053294548e-05, "batch_size": 128, "grad_accum_steps": 1, "context_length": 256, "cuda_max_memory_mb": 14410.19}
{"run_name": "ablation_no_rmsnorm", "step": 2800, "wall_clock_sec": 376.985, "processed_tokens": 91750400, "train_loss": 1.7161349058151245, "val_loss": null, "lr": 5.61254274028858e-05, "batch_size": 128, "grad_accum_steps": 1, "context_length": 256, "cuda_max_memory_mb": 14410.19}
{"run_name": "ablation_no_rmsnorm", "step": 2850, "wall_clock_sec": 383.683, "processed_tokens": 93388800, "train_loss": 1.6930246353149414, "val_loss": null, "lr": 5.346386654338233e-05, "batch_size": 128, "grad_accum_steps": 1, "context_length": 256, "cuda_max_memory_mb": 14410.19}
{"run_name": "ablation_no_rmsnorm", "step": 2900, "wall_clock_sec": 390.381, "processed_tokens": 95027200, "train_loss": 1.7225289344787598, "val_loss": null, "lr": 5.155191383388649e-05, "batch_size": 128, "grad_accum_steps": 1, "context_length": 256, "cuda_max_memory_mb": 14410.19}
{"run_name": "ablation_no_rmsnorm", "step": 2950, "wall_clock_sec": 397.076, "processed_tokens": 96665600, "train_loss": 1.655104637145996, "val_loss": null, "lr": 5.0396038717152805e-05, "batch_size": 128, "grad_accum_steps": 1, "context_length": 256, "cuda_max_memory_mb": 14410.19}
{"run_name": "ablation_no_rmsnorm", "step": 3000, "wall_clock_sec": 403.894, "processed_tokens": 98304000, "train_loss": 1.6553412675857544, "val_loss": 1.6660116910934448, "lr": 5.000015230869271e-05, "batch_size": 128, "grad_accum_steps": 1, "context_length": 256, "cuda_max_memory_mb": 14410.19}
