nohup: ignoring input
{"run_name": "lr_1e-2", "step": 1, "wall_clock_sec": 0.713, "processed_tokens": 32768, "train_loss": 9.255972862243652, "val_loss": null, "lr": 0.0, "batch_size": 128, "grad_accum_steps": 1, "context_length": 256, "cuda_max_memory_mb": 15355.14}
{"run_name": "lr_1e-2", "step": 50, "wall_clock_sec": 9.823, "processed_tokens": 1638400, "train_loss": 3.67213773727417, "val_loss": null, "lr": 0.0049, "batch_size": 128, "grad_accum_steps": 1, "context_length": 256, "cuda_max_memory_mb": 15562.68}
{"run_name": "lr_1e-2", "step": 100, "wall_clock_sec": 17.211, "processed_tokens": 3276800, "train_loss": 3.174558401107788, "val_loss": 3.1415595531463625, "lr": 0.0099, "batch_size": 128, "grad_accum_steps": 1, "context_length": 256, "cuda_max_memory_mb": 15562.68}
{"run_name": "lr_1e-2", "step": 150, "wall_clock_sec": 24.474, "processed_tokens": 4915200, "train_loss": 2.885605812072754, "val_loss": null, "lr": 0.009927404294955365, "batch_size": 128, "grad_accum_steps": 1, "context_length": 256, "cuda_max_memory_mb": 15562.8}
{"run_name": "lr_1e-2", "step": 200, "wall_clock_sec": 31.798, "processed_tokens": 6553600, "train_loss": 2.722047805786133, "val_loss": 2.7547950744628906, "lr": 0.009705881825547272, "batch_size": 128, "grad_accum_steps": 1, "context_length": 256, "cuda_max_memory_mb": 15562.8}
{"run_name": "lr_1e-2", "step": 250, "wall_clock_sec": 39.031, "processed_tokens": 8192000, "train_loss": 2.6442151069641113, "val_loss": null, "lr": 0.00934213313051042, "batch_size": 128, "grad_accum_steps": 1, "context_length": 256, "cuda_max_memory_mb": 15562.8}
{"run_name": "lr_1e-2", "step": 300, "wall_clock_sec": 46.321, "processed_tokens": 9830400, "train_loss": 2.5989761352539062, "val_loss": 2.6324298858642576, "lr": 0.00884721052987778, "batch_size": 128, "grad_accum_steps": 1, "context_length": 256, "cuda_max_memory_mb": 15562.8}
{"run_name": "lr_1e-2", "step": 350, "wall_clock_sec": 53.541, "processed_tokens": 11468800, "train_loss": 2.6647324562072754, "val_loss": null, "lr": 0.008236151996426655, "batch_size": 128, "grad_accum_steps": 1, "context_length": 256, "cuda_max_memory_mb": 15562.8}
{"run_name": "lr_1e-2", "step": 400, "wall_clock_sec": 60.826, "processed_tokens": 13107200, "train_loss": 2.571117401123047, "val_loss": 2.5895862579345703, "lr": 0.0075275242344854205, "batch_size": 128, "grad_accum_steps": 1, "context_length": 256, "cuda_max_memory_mb": 15562.8}
{"run_name": "lr_1e-2", "step": 450, "wall_clock_sec": 68.045, "processed_tokens": 14745600, "train_loss": 2.4773221015930176, "val_loss": null, "lr": 0.00674285854001771, "batch_size": 128, "grad_accum_steps": 1, "context_length": 256, "cuda_max_memory_mb": 15562.83}
{"run_name": "lr_1e-2", "step": 500, "wall_clock_sec": 75.329, "processed_tokens": 16384000, "train_loss": 2.416095733642578, "val_loss": 2.4459667682647703, "lr": 0.005905996583089927, "batch_size": 128, "grad_accum_steps": 1, "context_length": 256, "cuda_max_memory_mb": 15562.83}
{"run_name": "lr_1e-2", "step": 550, "wall_clock_sec": 82.552, "processed_tokens": 18022400, "train_loss": 2.41757869720459, "val_loss": null, "lr": 0.0050423659907907386, "batch_size": 128, "grad_accum_steps": 1, "context_length": 256, "cuda_max_memory_mb": 15563.24}
{"run_name": "lr_1e-2", "step": 600, "wall_clock_sec": 89.85, "processed_tokens": 19660800, "train_loss": 2.427855968475342, "val_loss": 2.3747915744781496, "lr": 0.004178207741648989, "batch_size": 128, "grad_accum_steps": 1, "context_length": 256, "cuda_max_memory_mb": 15563.24}
{"run_name": "lr_1e-2", "step": 650, "wall_clock_sec": 97.071, "processed_tokens": 21299200, "train_loss": 2.2926759719848633, "val_loss": null, "lr": 0.0033397788467796757, "batch_size": 128, "grad_accum_steps": 1, "context_length": 256, "cuda_max_memory_mb": 15563.24}
{"run_name": "lr_1e-2", "step": 700, "wall_clock_sec": 104.357, "processed_tokens": 22937600, "train_loss": 2.234187126159668, "val_loss": 2.261484146118164, "lr": 0.0025525545438879124, "batch_size": 128, "grad_accum_steps": 1, "context_length": 256, "cuda_max_memory_mb": 15563.24}
{"run_name": "lr_1e-2", "step": 750, "wall_clock_sec": 111.579, "processed_tokens": 24576000, "train_loss": 2.241344451904297, "val_loss": null, "lr": 0.0018404542450623457, "batch_size": 128, "grad_accum_steps": 1, "context_length": 256, "cuda_max_memory_mb": 15563.24}
{"run_name": "lr_1e-2", "step": 800, "wall_clock_sec": 118.865, "processed_tokens": 26214400, "train_loss": 2.2033376693725586, "val_loss": 2.1908925056457518, "lr": 0.0012251147575426564, "batch_size": 128, "grad_accum_steps": 1, "context_length": 256, "cuda_max_memory_mb": 15563.24}
{"run_name": "lr_1e-2", "step": 850, "wall_clock_sec": 126.08, "processed_tokens": 27852800, "train_loss": 2.172302007675171, "val_loss": null, "lr": 0.0007252328602803194, "batch_size": 128, "grad_accum_steps": 1, "context_length": 256, "cuda_max_memory_mb": 15563.24}
{"run_name": "lr_1e-2", "step": 900, "wall_clock_sec": 133.362, "processed_tokens": 29491200, "train_loss": 2.1414172649383545, "val_loss": 2.181206798553467, "lr": 0.0003559972117712093, "batch_size": 128, "grad_accum_steps": 1, "context_length": 256, "cuda_max_memory_mb": 15563.24}
{"run_name": "lr_1e-2", "step": 950, "wall_clock_sec": 140.579, "processed_tokens": 31129600, "train_loss": 2.2102243900299072, "val_loss": null, "lr": 0.00012862685035302165, "batch_size": 128, "grad_accum_steps": 1, "context_length": 256, "cuda_max_memory_mb": 15563.24}
{"run_name": "lr_1e-2", "step": 1000, "wall_clock_sec": 147.862, "processed_tokens": 32768000, "train_loss": 2.1518607139587402, "val_loss": 2.1107821464538574, "lr": 5.0030309402492796e-05, "batch_size": 128, "grad_accum_steps": 1, "context_length": 256, "cuda_max_memory_mb": 15563.24}
saved checkpoint to runs/lr_sweep/lr_1e-2.pt
saved final checkpoint to runs/lr_sweep/lr_1e-2.pt
