nohup: ignoring input
{"run_name": "lr_1e-3", "step": 1, "wall_clock_sec": 0.53, "processed_tokens": 32768, "train_loss": 9.255972862243652, "val_loss": null, "lr": 0.0, "batch_size": 128, "grad_accum_steps": 1, "context_length": 256, "cuda_max_memory_mb": 15355.14}
{"run_name": "lr_1e-3", "step": 50, "wall_clock_sec": 7.561, "processed_tokens": 1638400, "train_loss": 6.283332347869873, "val_loss": null, "lr": 0.00016333333333333334, "batch_size": 128, "grad_accum_steps": 1, "context_length": 256, "cuda_max_memory_mb": 15562.68}
{"run_name": "lr_1e-3", "step": 100, "wall_clock_sec": 14.728, "processed_tokens": 3276800, "train_loss": 4.021938323974609, "val_loss": null, "lr": 0.00033, "batch_size": 128, "grad_accum_steps": 1, "context_length": 256, "cuda_max_memory_mb": 15562.93}
{"run_name": "lr_1e-3", "step": 150, "wall_clock_sec": 21.907, "processed_tokens": 4915200, "train_loss": 3.258173704147339, "val_loss": null, "lr": 0.0004966666666666666, "batch_size": 128, "grad_accum_steps": 1, "context_length": 256, "cuda_max_memory_mb": 15563.02}
{"run_name": "lr_1e-3", "step": 200, "wall_clock_sec": 29.062, "processed_tokens": 6553600, "train_loss": 2.9071569442749023, "val_loss": null, "lr": 0.0006633333333333334, "batch_size": 128, "grad_accum_steps": 1, "context_length": 256, "cuda_max_memory_mb": 15563.02}
{"run_name": "lr_1e-3", "step": 250, "wall_clock_sec": 36.231, "processed_tokens": 8192000, "train_loss": 2.7165048122406006, "val_loss": null, "lr": 0.00083, "batch_size": 128, "grad_accum_steps": 1, "context_length": 256, "cuda_max_memory_mb": 15563.02}
{"run_name": "lr_1e-3", "step": 300, "wall_clock_sec": 43.526, "processed_tokens": 9830400, "train_loss": 2.563904285430908, "val_loss": 2.5403143167495728, "lr": 0.0009966666666666668, "batch_size": 128, "grad_accum_steps": 1, "context_length": 256, "cuda_max_memory_mb": 15563.02}
{"run_name": "lr_1e-3", "step": 350, "wall_clock_sec": 50.687, "processed_tokens": 11468800, "train_loss": 2.3873722553253174, "val_loss": null, "lr": 0.0009992281901007609, "batch_size": 128, "grad_accum_steps": 1, "context_length": 256, "cuda_max_memory_mb": 15563.02}
{"run_name": "lr_1e-3", "step": 400, "wall_clock_sec": 57.843, "processed_tokens": 13107200, "train_loss": 2.286430835723877, "val_loss": null, "lr": 0.0009968520636601881, "batch_size": 128, "grad_accum_steps": 1, "context_length": 256, "cuda_max_memory_mb": 15563.21}
{"run_name": "lr_1e-3", "step": 450, "wall_clock_sec": 65.002, "processed_tokens": 14745600, "train_loss": 2.2225890159606934, "val_loss": null, "lr": 0.0009928793391974387, "batch_size": 128, "grad_accum_steps": 1, "context_length": 256, "cuda_max_memory_mb": 15563.21}
{"run_name": "lr_1e-3", "step": 500, "wall_clock_sec": 72.172, "processed_tokens": 16384000, "train_loss": 2.180082321166992, "val_loss": null, "lr": 0.0009873234591545577, "batch_size": 128, "grad_accum_steps": 1, "context_length": 256, "cuda_max_memory_mb": 15563.21}
{"run_name": "lr_1e-3", "step": 550, "wall_clock_sec": 79.324, "processed_tokens": 18022400, "train_loss": 2.111595869064331, "val_loss": null, "lr": 0.0009802032228709383, "batch_size": 128, "grad_accum_steps": 1, "context_length": 256, "cuda_max_memory_mb": 15563.21}
{"run_name": "lr_1e-3", "step": 600, "wall_clock_sec": 86.605, "processed_tokens": 19660800, "train_loss": 2.021381378173828, "val_loss": 2.0710675716400146, "lr": 0.0009715427229723063, "batch_size": 128, "grad_accum_steps": 1, "context_length": 256, "cuda_max_memory_mb": 15563.21}
{"run_name": "lr_1e-3", "step": 650, "wall_clock_sec": 93.756, "processed_tokens": 21299200, "train_loss": 2.028498649597168, "val_loss": null, "lr": 0.0009613712638489021, "batch_size": 128, "grad_accum_steps": 1, "context_length": 256, "cuda_max_memory_mb": 15563.21}
{"run_name": "lr_1e-3", "step": 700, "wall_clock_sec": 100.917, "processed_tokens": 22937600, "train_loss": 1.9690767526626587, "val_loss": null, "lr": 0.0009497232624986998, "batch_size": 128, "grad_accum_steps": 1, "context_length": 256, "cuda_max_memory_mb": 15563.21}
{"run_name": "lr_1e-3", "step": 750, "wall_clock_sec": 108.066, "processed_tokens": 24576000, "train_loss": 1.9612613916397095, "val_loss": null, "lr": 0.0009366381320711809, "batch_size": 128, "grad_accum_steps": 1, "context_length": 256, "cuda_max_memory_mb": 15563.21}
{"run_name": "lr_1e-3", "step": 800, "wall_clock_sec": 115.217, "processed_tokens": 26214400, "train_loss": 1.9102451801300049, "val_loss": null, "lr": 0.0009221601485057115, "batch_size": 128, "grad_accum_steps": 1, "context_length": 256, "cuda_max_memory_mb": 15563.21}
{"run_name": "lr_1e-3", "step": 850, "wall_clock_sec": 122.381, "processed_tokens": 27852800, "train_loss": 1.886379599571228, "val_loss": null, "lr": 0.0009063383007157794, "batch_size": 128, "grad_accum_steps": 1, "context_length": 256, "cuda_max_memory_mb": 15563.21}
{"run_name": "lr_1e-3", "step": 900, "wall_clock_sec": 129.661, "processed_tokens": 29491200, "train_loss": 1.93947172164917, "val_loss": 1.8865986704826354, "lr": 0.0008892261248260182, "batch_size": 128, "grad_accum_steps": 1, "context_length": 256, "cuda_max_memory_mb": 15563.21}
{"run_name": "lr_1e-3", "step": 950, "wall_clock_sec": 136.818, "processed_tokens": 31129600, "train_loss": 1.8422199487686157, "val_loss": null, "lr": 0.000870881523022907, "batch_size": 128, "grad_accum_steps": 1, "context_length": 256, "cuda_max_memory_mb": 15563.21}
{"run_name": "lr_1e-3", "step": 1000, "wall_clock_sec": 143.974, "processed_tokens": 32768000, "train_loss": 1.8528058528900146, "val_loss": null, "lr": 0.0008513665676321009, "batch_size": 128, "grad_accum_steps": 1, "context_length": 256, "cuda_max_memory_mb": 15563.21}
saved checkpoint to runs/lr_sweep/lr_1e-3.pt
{"run_name": "lr_1e-3", "step": 1050, "wall_clock_sec": 151.398, "processed_tokens": 34406400, "train_loss": 1.8153131008148193, "val_loss": null, "lr": 0.000830747291085329, "batch_size": 128, "grad_accum_steps": 1, "context_length": 256, "cuda_max_memory_mb": 15563.21}
{"run_name": "lr_1e-3", "step": 1100, "wall_clock_sec": 158.551, "processed_tokens": 36044800, "train_loss": 1.8667209148406982, "val_loss": null, "lr": 0.0008090934624875474, "batch_size": 128, "grad_accum_steps": 1, "context_length": 256, "cuda_max_memory_mb": 15563.21}
{"run_name": "lr_1e-3", "step": 1150, "wall_clock_sec": 165.707, "processed_tokens": 37683200, "train_loss": 1.8458324670791626, "val_loss": null, "lr": 0.0007864783515403729, "batch_size": 128, "grad_accum_steps": 1, "context_length": 256, "cuda_max_memory_mb": 15563.21}
{"run_name": "lr_1e-3", "step": 1200, "wall_clock_sec": 173.005, "processed_tokens": 39321600, "train_loss": 1.7231863737106323, "val_loss": 1.7474783778190612, "lr": 0.0007629784806206066, "batch_size": 128, "grad_accum_steps": 1, "context_length": 256, "cuda_max_memory_mb": 15563.21}
{"run_name": "lr_1e-3", "step": 1250, "wall_clock_sec": 180.153, "processed_tokens": 40960000, "train_loss": 1.7895289659500122, "val_loss": null, "lr": 0.0007386733658527318, "batch_size": 128, "grad_accum_steps": 1, "context_length": 256, "cuda_max_memory_mb": 15563.21}
{"run_name": "lr_1e-3", "step": 1300, "wall_clock_sec": 187.316, "processed_tokens": 42598400, "train_loss": 1.7906293869018555, "val_loss": null, "lr": 0.0007136452480515208, "batch_size": 128, "grad_accum_steps": 1, "context_length": 256, "cuda_max_memory_mb": 15563.21}
{"run_name": "lr_1e-3", "step": 1350, "wall_clock_sec": 194.468, "processed_tokens": 44236800, "train_loss": 1.7561742067337036, "val_loss": null, "lr": 0.0006879788144451487, "batch_size": 128, "grad_accum_steps": 1, "context_length": 256, "cuda_max_memory_mb": 15563.21}
{"run_name": "lr_1e-3", "step": 1400, "wall_clock_sec": 201.621, "processed_tokens": 45875200, "train_loss": 1.7240525484085083, "val_loss": null, "lr": 0.0006617609121204216, "batch_size": 128, "grad_accum_steps": 1, "context_length": 256, "cuda_max_memory_mb": 15563.21}
{"run_name": "lr_1e-3", "step": 1450, "wall_clock_sec": 208.774, "processed_tokens": 47513600, "train_loss": 1.7420631647109985, "val_loss": null, "lr": 0.0006350802541597247, "batch_size": 128, "grad_accum_steps": 1, "context_length": 256, "cuda_max_memory_mb": 15563.21}
{"run_name": "lr_1e-3", "step": 1500, "wall_clock_sec": 216.055, "processed_tokens": 49152000, "train_loss": 1.7067933082580566, "val_loss": 1.7352705240249633, "lr": 0.0006080271194640344, "batch_size": 128, "grad_accum_steps": 1, "context_length": 256, "cuda_max_memory_mb": 15563.21}
{"run_name": "lr_1e-3", "step": 1550, "wall_clock_sec": 223.207, "processed_tokens": 50790400, "train_loss": 1.6840059757232666, "val_loss": null, "lr": 0.0005806930472776927, "batch_size": 128, "grad_accum_steps": 1, "context_length": 256, "cuda_max_memory_mb": 15563.21}
{"run_name": "lr_1e-3", "step": 1600, "wall_clock_sec": 230.359, "processed_tokens": 52428800, "train_loss": 1.7183077335357666, "val_loss": null, "lr": 0.0005531705274485818, "batch_size": 128, "grad_accum_steps": 1, "context_length": 256, "cuda_max_memory_mb": 15563.21}
{"run_name": "lr_1e-3", "step": 1650, "wall_clock_sec": 237.516, "processed_tokens": 54067200, "train_loss": 1.6923614740371704, "val_loss": null, "lr": 0.0005255526874717551, "batch_size": 128, "grad_accum_steps": 1, "context_length": 256, "cuda_max_memory_mb": 15563.21}
{"run_name": "lr_1e-3", "step": 1700, "wall_clock_sec": 244.662, "processed_tokens": 55705600, "train_loss": 1.6922568082809448, "val_loss": null, "lr": 0.0004979329773754731, "batch_size": 128, "grad_accum_steps": 1, "context_length": 256, "cuda_max_memory_mb": 15563.21}
{"run_name": "lr_1e-3", "step": 1750, "wall_clock_sec": 251.826, "processed_tokens": 57344000, "train_loss": 1.7146559953689575, "val_loss": null, "lr": 0.00047040485351588845, "batch_size": 128, "grad_accum_steps": 1, "context_length": 256, "cuda_max_memory_mb": 15563.21}
{"run_name": "lr_1e-3", "step": 1800, "wall_clock_sec": 259.114, "processed_tokens": 58982400, "train_loss": 1.7033755779266357, "val_loss": 1.657491433620453, "lr": 0.0004430614623503198, "batch_size": 128, "grad_accum_steps": 1, "context_length": 256, "cuda_max_memory_mb": 15563.21}
{"run_name": "lr_1e-3", "step": 1850, "wall_clock_sec": 266.28, "processed_tokens": 60620800, "train_loss": 1.6645252704620361, "val_loss": null, "lr": 0.0004159953252591253, "batch_size": 128, "grad_accum_steps": 1, "context_length": 256, "cuda_max_memory_mb": 15563.21}
{"run_name": "lr_1e-3", "step": 1900, "wall_clock_sec": 273.443, "processed_tokens": 62259200, "train_loss": 1.6122488975524902, "val_loss": null, "lr": 0.0003892980254826376, "batch_size": 128, "grad_accum_steps": 1, "context_length": 256, "cuda_max_memory_mb": 15563.21}
{"run_name": "lr_1e-3", "step": 1950, "wall_clock_sec": 280.6, "processed_tokens": 63897600, "train_loss": 1.6818432807922363, "val_loss": null, "lr": 0.00036305989823246957, "batch_size": 128, "grad_accum_steps": 1, "context_length": 256, "cuda_max_memory_mb": 15563.21}
{"run_name": "lr_1e-3", "step": 2000, "wall_clock_sec": 287.755, "processed_tokens": 65536000, "train_loss": 1.6175193786621094, "val_loss": null, "lr": 0.00033736972502575207, "batch_size": 128, "grad_accum_steps": 1, "context_length": 256, "cuda_max_memory_mb": 15563.21}
saved checkpoint to runs/lr_sweep/lr_1e-3.pt
{"run_name": "lr_1e-3", "step": 2050, "wall_clock_sec": 295.185, "processed_tokens": 67174400, "train_loss": 1.62614107131958, "val_loss": null, "lr": 0.0003123144332765845, "batch_size": 128, "grad_accum_steps": 1, "context_length": 256, "cuda_max_memory_mb": 15563.21}
{"run_name": "lr_1e-3", "step": 2100, "wall_clock_sec": 302.459, "processed_tokens": 68812800, "train_loss": 1.6319329738616943, "val_loss": 1.6467711687088014, "lr": 0.0002879788021611802, "batch_size": 128, "grad_accum_steps": 1, "context_length": 256, "cuda_max_memory_mb": 15563.21}
{"run_name": "lr_1e-3", "step": 2150, "wall_clock_sec": 309.602, "processed_tokens": 70451200, "train_loss": 1.615896463394165, "val_loss": null, "lr": 0.0002644451757519711, "batch_size": 128, "grad_accum_steps": 1, "context_length": 256, "cuda_max_memory_mb": 15563.21}
{"run_name": "lr_1e-3", "step": 2200, "wall_clock_sec": 316.754, "processed_tokens": 72089600, "train_loss": 1.605762243270874, "val_loss": null, "lr": 0.00024179318439133244, "batch_size": 128, "grad_accum_steps": 1, "context_length": 256, "cuda_max_memory_mb": 15563.21}
{"run_name": "lr_1e-3", "step": 2250, "wall_clock_sec": 323.901, "processed_tokens": 73728000, "train_loss": 1.6672074794769287, "val_loss": null, "lr": 0.00022009947524770994, "batch_size": 128, "grad_accum_steps": 1, "context_length": 256, "cuda_max_memory_mb": 15563.21}
{"run_name": "lr_1e-3", "step": 2300, "wall_clock_sec": 331.052, "processed_tokens": 75366400, "train_loss": 1.6047552824020386, "val_loss": null, "lr": 0.00019943745296586372, "batch_size": 128, "grad_accum_steps": 1, "context_length": 256, "cuda_max_memory_mb": 15563.21}
{"run_name": "lr_1e-3", "step": 2350, "wall_clock_sec": 338.232, "processed_tokens": 77004800, "train_loss": 1.611053466796875, "val_loss": null, "lr": 0.00017987703128878648, "batch_size": 128, "grad_accum_steps": 1, "context_length": 256, "cuda_max_memory_mb": 15563.21}
{"run_name": "lr_1e-3", "step": 2400, "wall_clock_sec": 345.528, "processed_tokens": 78643200, "train_loss": 1.6301302909851074, "val_loss": 1.571739399433136, "lr": 0.0001614843964917281, "batch_size": 128, "grad_accum_steps": 1, "context_length": 256, "cuda_max_memory_mb": 15563.21}
{"run_name": "lr_1e-3", "step": 2450, "wall_clock_sec": 352.691, "processed_tokens": 80281600, "train_loss": 1.5573128461837769, "val_loss": null, "lr": 0.0001443217834287907, "batch_size": 128, "grad_accum_steps": 1, "context_length": 256, "cuda_max_memory_mb": 15563.21}
{"run_name": "lr_1e-3", "step": 2500, "wall_clock_sec": 359.871, "processed_tokens": 81920000, "train_loss": 1.5675171613693237, "val_loss": null, "lr": 0.00012844726494988195, "batch_size": 128, "grad_accum_steps": 1, "context_length": 256, "cuda_max_memory_mb": 15563.21}
{"run_name": "lr_1e-3", "step": 2550, "wall_clock_sec": 367.038, "processed_tokens": 83558400, "train_loss": 1.5249302387237549, "val_loss": null, "lr": 0.00011391455540057414, "batch_size": 128, "grad_accum_steps": 1, "context_length": 256, "cuda_max_memory_mb": 15563.21}
{"run_name": "lr_1e-3", "step": 2600, "wall_clock_sec": 374.191, "processed_tokens": 85196800, "train_loss": 1.566089153289795, "val_loss": null, "lr": 0.00010077282886976162, "batch_size": 128, "grad_accum_steps": 1, "context_length": 256, "cuda_max_memory_mb": 15563.21}
{"run_name": "lr_1e-3", "step": 2650, "wall_clock_sec": 381.35, "processed_tokens": 86835200, "train_loss": 1.5623149871826172, "val_loss": null, "lr": 8.906655280010897e-05, "batch_size": 128, "grad_accum_steps": 1, "context_length": 256, "cuda_max_memory_mb": 15563.21}
{"run_name": "lr_1e-3", "step": 2700, "wall_clock_sec": 388.639, "processed_tokens": 88473600, "train_loss": 1.5214946269989014, "val_loss": 1.5832353711128235, "lr": 7.883533752430171e-05, "batch_size": 128, "grad_accum_steps": 1, "context_length": 256, "cuda_max_memory_mb": 15563.21}
{"run_name": "lr_1e-3", "step": 2750, "wall_clock_sec": 395.804, "processed_tokens": 90112000, "train_loss": 1.5245170593261719, "val_loss": null, "lr": 7.011380223621825e-05, "batch_size": 128, "grad_accum_steps": 1, "context_length": 256, "cuda_max_memory_mb": 15563.21}
{"run_name": "lr_1e-3", "step": 2800, "wall_clock_sec": 402.966, "processed_tokens": 91750400, "train_loss": 1.5897696018218994, "val_loss": null, "lr": 6.293145785053667e-05, "batch_size": 128, "grad_accum_steps": 1, "context_length": 256, "cuda_max_memory_mb": 15563.21}
{"run_name": "lr_1e-3", "step": 2850, "wall_clock_sec": 410.127, "processed_tokens": 93388800, "train_loss": 1.580052137374878, "val_loss": null, "lr": 5.7312607147140475e-05, "batch_size": 128, "grad_accum_steps": 1, "context_length": 256, "cuda_max_memory_mb": 15563.21}
{"run_name": "lr_1e-3", "step": 2900, "wall_clock_sec": 417.291, "processed_tokens": 95027200, "train_loss": 1.6051781177520752, "val_loss": null, "lr": 5.3276262538204795e-05, "batch_size": 128, "grad_accum_steps": 1, "context_length": 256, "cuda_max_memory_mb": 15563.21}
{"run_name": "lr_1e-3", "step": 2950, "wall_clock_sec": 424.446, "processed_tokens": 96665600, "train_loss": 1.5420629978179932, "val_loss": null, "lr": 5.083608173621148e-05, "batch_size": 128, "grad_accum_steps": 1, "context_length": 256, "cuda_max_memory_mb": 15563.21}
{"run_name": "lr_1e-3", "step": 3000, "wall_clock_sec": 431.736, "processed_tokens": 98304000, "train_loss": 1.5389541387557983, "val_loss": 1.5467052578926086, "lr": 5.00003215405735e-05, "batch_size": 128, "grad_accum_steps": 1, "context_length": 256, "cuda_max_memory_mb": 15563.21}
saved checkpoint to runs/lr_sweep/lr_1e-3.pt
saved final checkpoint to runs/lr_sweep/lr_1e-3.pt
