nohup: ignoring input
{"run_name": "lr_3e-3", "step": 1, "wall_clock_sec": 0.672, "processed_tokens": 32768, "train_loss": 9.255972862243652, "val_loss": null, "lr": 0.0, "batch_size": 128, "grad_accum_steps": 1, "context_length": 256, "cuda_max_memory_mb": 15355.14}
{"run_name": "lr_3e-3", "step": 50, "wall_clock_sec": 8.871, "processed_tokens": 1638400, "train_loss": 4.526342868804932, "val_loss": null, "lr": 0.00049, "batch_size": 128, "grad_accum_steps": 1, "context_length": 256, "cuda_max_memory_mb": 15562.68}
{"run_name": "lr_3e-3", "step": 100, "wall_clock_sec": 16.13, "processed_tokens": 3276800, "train_loss": 3.3446044921875, "val_loss": null, "lr": 0.00099, "batch_size": 128, "grad_accum_steps": 1, "context_length": 256, "cuda_max_memory_mb": 15562.8}
{"run_name": "lr_3e-3", "step": 150, "wall_clock_sec": 23.318, "processed_tokens": 4915200, "train_loss": 2.7584433555603027, "val_loss": null, "lr": 0.00149, "batch_size": 128, "grad_accum_steps": 1, "context_length": 256, "cuda_max_memory_mb": 15562.93}
{"run_name": "lr_3e-3", "step": 200, "wall_clock_sec": 30.5, "processed_tokens": 6553600, "train_loss": 2.5503222942352295, "val_loss": null, "lr": 0.00199, "batch_size": 128, "grad_accum_steps": 1, "context_length": 256, "cuda_max_memory_mb": 15562.93}
{"run_name": "lr_3e-3", "step": 250, "wall_clock_sec": 37.682, "processed_tokens": 8192000, "train_loss": 2.411985397338867, "val_loss": null, "lr": 0.00249, "batch_size": 128, "grad_accum_steps": 1, "context_length": 256, "cuda_max_memory_mb": 15562.93}
{"run_name": "lr_3e-3", "step": 300, "wall_clock_sec": 44.989, "processed_tokens": 9830400, "train_loss": 2.3289599418640137, "val_loss": 2.3102961778640747, "lr": 0.00299, "batch_size": 128, "grad_accum_steps": 1, "context_length": 256, "cuda_max_memory_mb": 15563.3}
{"run_name": "lr_3e-3", "step": 350, "wall_clock_sec": 52.158, "processed_tokens": 11468800, "train_loss": 2.1853675842285156, "val_loss": null, "lr": 0.0029976033271549942, "batch_size": 128, "grad_accum_steps": 1, "context_length": 256, "cuda_max_memory_mb": 15563.3}
{"run_name": "lr_3e-3", "step": 400, "wall_clock_sec": 59.316, "processed_tokens": 13107200, "train_loss": 2.1242902278900146, "val_loss": null, "lr": 0.0029902248292605848, "batch_size": 128, "grad_accum_steps": 1, "context_length": 256, "cuda_max_memory_mb": 15563.3}
{"run_name": "lr_3e-3", "step": 450, "wall_clock_sec": 66.474, "processed_tokens": 14745600, "train_loss": 2.084186553955078, "val_loss": null, "lr": 0.002977888474349942, "batch_size": 128, "grad_accum_steps": 1, "context_length": 256, "cuda_max_memory_mb": 15563.3}
{"run_name": "lr_3e-3", "step": 500, "wall_clock_sec": 73.638, "processed_tokens": 16384000, "train_loss": 2.07086443901062, "val_loss": null, "lr": 0.0029606360047431004, "batch_size": 128, "grad_accum_steps": 1, "context_length": 256, "cuda_max_memory_mb": 15563.3}
{"run_name": "lr_3e-3", "step": 550, "wall_clock_sec": 80.767, "processed_tokens": 18022400, "train_loss": 2.010775089263916, "val_loss": null, "lr": 0.0029385257973360713, "batch_size": 128, "grad_accum_steps": 1, "context_length": 256, "cuda_max_memory_mb": 15563.3}
{"run_name": "lr_3e-3", "step": 600, "wall_clock_sec": 88.021, "processed_tokens": 19660800, "train_loss": 1.9287960529327393, "val_loss": 1.980970072746277, "lr": 0.0029116326660718985, "batch_size": 128, "grad_accum_steps": 1, "context_length": 256, "cuda_max_memory_mb": 15563.3}
{"run_name": "lr_3e-3", "step": 650, "wall_clock_sec": 95.168, "processed_tokens": 21299200, "train_loss": 1.9415537118911743, "val_loss": null, "lr": 0.002880047608793959, "batch_size": 128, "grad_accum_steps": 1, "context_length": 256, "cuda_max_memory_mb": 15563.3}
{"run_name": "lr_3e-3", "step": 700, "wall_clock_sec": 102.331, "processed_tokens": 22937600, "train_loss": 1.8899734020233154, "val_loss": null, "lr": 0.0028438774993380677, "batch_size": 128, "grad_accum_steps": 1, "context_length": 256, "cuda_max_memory_mb": 15563.3}
{"run_name": "lr_3e-3", "step": 750, "wall_clock_sec": 109.49, "processed_tokens": 24576000, "train_loss": 1.8829631805419922, "val_loss": null, "lr": 0.002803244725905246, "batch_size": 128, "grad_accum_steps": 1, "context_length": 256, "cuda_max_memory_mb": 15563.3}
{"run_name": "lr_3e-3", "step": 800, "wall_clock_sec": 116.647, "processed_tokens": 26214400, "train_loss": 1.8326160907745361, "val_loss": null, "lr": 0.0027582867769387885, "batch_size": 128, "grad_accum_steps": 1, "context_length": 256, "cuda_max_memory_mb": 15563.3}
{"run_name": "lr_3e-3", "step": 850, "wall_clock_sec": 123.798, "processed_tokens": 27852800, "train_loss": 1.8242262601852417, "val_loss": null, "lr": 0.0027091557759068943, "batch_size": 128, "grad_accum_steps": 1, "context_length": 256, "cuda_max_memory_mb": 15563.3}
{"run_name": "lr_3e-3", "step": 900, "wall_clock_sec": 131.078, "processed_tokens": 29491200, "train_loss": 1.8809001445770264, "val_loss": 1.8268759489059447, "lr": 0.002656017966565004, "batch_size": 128, "grad_accum_steps": 1, "context_length": 256, "cuda_max_memory_mb": 15563.3}
{"run_name": "lr_3e-3", "step": 950, "wall_clock_sec": 138.242, "processed_tokens": 31129600, "train_loss": 1.778559684753418, "val_loss": null, "lr": 0.002599053150439553, "batch_size": 128, "grad_accum_steps": 1, "context_length": 256, "cuda_max_memory_mb": 15563.3}
{"run_name": "lr_3e-3", "step": 1000, "wall_clock_sec": 145.392, "processed_tokens": 32768000, "train_loss": 1.7966190576553345, "val_loss": null, "lr": 0.002538454078436524, "batch_size": 128, "grad_accum_steps": 1, "context_length": 256, "cuda_max_memory_mb": 15563.3}
saved checkpoint to runs/lr_sweep/lr_3e-3.pt
{"run_name": "lr_3e-3", "step": 1050, "wall_clock_sec": 152.817, "processed_tokens": 34406400, "train_loss": 1.747796654701233, "val_loss": null, "lr": 0.00247442579863339, "batch_size": 128, "grad_accum_steps": 1, "context_length": 256, "cuda_max_memory_mb": 15563.3}
{"run_name": "lr_3e-3", "step": 1100, "wall_clock_sec": 159.935, "processed_tokens": 36044800, "train_loss": 1.8060276508331299, "val_loss": null, "lr": 0.0024071849624613313, "batch_size": 128, "grad_accum_steps": 1, "context_length": 256, "cuda_max_memory_mb": 15563.3}
{"run_name": "lr_3e-3", "step": 1150, "wall_clock_sec": 167.059, "processed_tokens": 37683200, "train_loss": 1.779409646987915, "val_loss": null, "lr": 0.0023369590916253687, "batch_size": 128, "grad_accum_steps": 1, "context_length": 256, "cuda_max_memory_mb": 15563.3}
{"run_name": "lr_3e-3", "step": 1200, "wall_clock_sec": 174.319, "processed_tokens": 39321600, "train_loss": 1.659145474433899, "val_loss": 1.6895850419998169, "lr": 0.002263985808242936, "batch_size": 128, "grad_accum_steps": 1, "context_length": 256, "cuda_max_memory_mb": 15563.3}
{"run_name": "lr_3e-3", "step": 1250, "wall_clock_sec": 181.44, "processed_tokens": 40960000, "train_loss": 1.7306873798370361, "val_loss": null, "lr": 0.0021885120308058515, "batch_size": 128, "grad_accum_steps": 1, "context_length": 256, "cuda_max_memory_mb": 15563.3}
{"run_name": "lr_3e-3", "step": 1300, "wall_clock_sec": 188.579, "processed_tokens": 42598400, "train_loss": 1.7244032621383667, "val_loss": null, "lr": 0.0021107931386863013, "batch_size": 128, "grad_accum_steps": 1, "context_length": 256, "cuda_max_memory_mb": 15563.3}
{"run_name": "lr_3e-3", "step": 1350, "wall_clock_sec": 195.742, "processed_tokens": 44236800, "train_loss": 1.6919538974761963, "val_loss": null, "lr": 0.0020310921080138825, "batch_size": 128, "grad_accum_steps": 1, "context_length": 256, "cuda_max_memory_mb": 15563.58}
{"run_name": "lr_3e-3", "step": 1400, "wall_clock_sec": 202.901, "processed_tokens": 45875200, "train_loss": 1.6610567569732666, "val_loss": null, "lr": 0.0019496786218476247, "batch_size": 128, "grad_accum_steps": 1, "context_length": 256, "cuda_max_memory_mb": 15563.58}
{"run_name": "lr_3e-3", "step": 1450, "wall_clock_sec": 210.04, "processed_tokens": 47513600, "train_loss": 1.6760982275009155, "val_loss": null, "lr": 0.0018668281576538818, "batch_size": 128, "grad_accum_steps": 1, "context_length": 256, "cuda_max_memory_mb": 15563.58}
{"run_name": "lr_3e-3", "step": 1500, "wall_clock_sec": 217.313, "processed_tokens": 49152000, "train_loss": 1.6420230865478516, "val_loss": 1.6681220889091493, "lr": 0.001782821055177791, "batch_size": 128, "grad_accum_steps": 1, "context_length": 256, "cuda_max_memory_mb": 15563.58}
{"run_name": "lr_3e-3", "step": 1550, "wall_clock_sec": 224.439, "processed_tokens": 50790400, "train_loss": 1.6242421865463257, "val_loss": null, "lr": 0.0016979415678623087, "batch_size": 128, "grad_accum_steps": 1, "context_length": 256, "cuda_max_memory_mb": 15563.58}
{"run_name": "lr_3e-3", "step": 1600, "wall_clock_sec": 231.573, "processed_tokens": 52428800, "train_loss": 1.6516445875167847, "val_loss": null, "lr": 0.0016124769010245434, "batch_size": 128, "grad_accum_steps": 1, "context_length": 256, "cuda_max_memory_mb": 15563.58}
{"run_name": "lr_3e-3", "step": 1650, "wall_clock_sec": 238.705, "processed_tokens": 54067200, "train_loss": 1.6318402290344238, "val_loss": null, "lr": 0.0015267162400438709, "batch_size": 128, "grad_accum_steps": 1, "context_length": 256, "cuda_max_memory_mb": 15563.58}
{"run_name": "lr_3e-3", "step": 1700, "wall_clock_sec": 245.844, "processed_tokens": 55705600, "train_loss": 1.6163239479064941, "val_loss": null, "lr": 0.001440949771850153, "batch_size": 128, "grad_accum_steps": 1, "context_length": 256, "cuda_max_memory_mb": 15563.58}
{"run_name": "lr_3e-3", "step": 1750, "wall_clock_sec": 252.98, "processed_tokens": 57344000, "train_loss": 1.642937183380127, "val_loss": null, "lr": 0.001355467703023022, "batch_size": 128, "grad_accum_steps": 1, "context_length": 256, "cuda_max_memory_mb": 15563.58}
{"run_name": "lr_3e-3", "step": 1800, "wall_clock_sec": 260.237, "processed_tokens": 58982400, "train_loss": 1.6333928108215332, "val_loss": 1.5870308041572572, "lr": 0.001270559277824677, "batch_size": 128, "grad_accum_steps": 1, "context_length": 256, "cuda_max_memory_mb": 15563.58}
{"run_name": "lr_3e-3", "step": 1850, "wall_clock_sec": 267.375, "processed_tokens": 60620800, "train_loss": 1.5965646505355835, "val_loss": null, "lr": 0.0011865117994888626, "batch_size": 128, "grad_accum_steps": 1, "context_length": 256, "cuda_max_memory_mb": 15563.58}
{"run_name": "lr_3e-3", "step": 1900, "wall_clock_sec": 274.513, "processed_tokens": 62259200, "train_loss": 1.5467419624328613, "val_loss": null, "lr": 0.001103609658077664, "batch_size": 128, "grad_accum_steps": 1, "context_length": 256, "cuda_max_memory_mb": 15563.58}
{"run_name": "lr_3e-3", "step": 1950, "wall_clock_sec": 281.65, "processed_tokens": 63897600, "train_loss": 1.601902723312378, "val_loss": null, "lr": 0.0010221333681955634, "batch_size": 128, "grad_accum_steps": 1, "context_length": 256, "cuda_max_memory_mb": 15563.58}
{"run_name": "lr_3e-3", "step": 2000, "wall_clock_sec": 288.788, "processed_tokens": 65536000, "train_loss": 1.537604808807373, "val_loss": null, "lr": 0.0009423586198168089, "batch_size": 128, "grad_accum_steps": 1, "context_length": 256, "cuda_max_memory_mb": 15563.58}
saved checkpoint to runs/lr_sweep/lr_3e-3.pt
{"run_name": "lr_3e-3", "step": 2050, "wall_clock_sec": 296.199, "processed_tokens": 67174400, "train_loss": 1.5517323017120361, "val_loss": null, "lr": 0.0008645553454378148, "batch_size": 128, "grad_accum_steps": 1, "context_length": 256, "cuda_max_memory_mb": 15563.58}
{"run_name": "lr_3e-3", "step": 2100, "wall_clock_sec": 303.45, "processed_tokens": 68812800, "train_loss": 1.5559499263763428, "val_loss": 1.5661234855651855, "lr": 0.0007889868067110331, "batch_size": 128, "grad_accum_steps": 1, "context_length": 256, "cuda_max_memory_mb": 15563.58}
{"run_name": "lr_3e-3", "step": 2150, "wall_clock_sec": 310.568, "processed_tokens": 70451200, "train_loss": 1.531670331954956, "val_loss": null, "lr": 0.0007159087036508577, "batch_size": 128, "grad_accum_steps": 1, "context_length": 256, "cuda_max_memory_mb": 15563.58}
{"run_name": "lr_3e-3", "step": 2200, "wall_clock_sec": 317.69, "processed_tokens": 72089600, "train_loss": 1.5217019319534302, "val_loss": null, "lr": 0.0006455683094257165, "batch_size": 128, "grad_accum_steps": 1, "context_length": 256, "cuda_max_memory_mb": 15563.58}
{"run_name": "lr_3e-3", "step": 2250, "wall_clock_sec": 324.81, "processed_tokens": 73728000, "train_loss": 1.5836191177368164, "val_loss": null, "lr": 0.0005782036336639414, "batch_size": 128, "grad_accum_steps": 1, "context_length": 256, "cuda_max_memory_mb": 15563.58}
{"run_name": "lr_3e-3", "step": 2300, "wall_clock_sec": 331.929, "processed_tokens": 75366400, "train_loss": 1.5200858116149902, "val_loss": null, "lr": 0.0005140426171045242, "batch_size": 128, "grad_accum_steps": 1, "context_length": 256, "cuda_max_memory_mb": 15563.58}
{"run_name": "lr_3e-3", "step": 2350, "wall_clock_sec": 339.066, "processed_tokens": 77004800, "train_loss": 1.5224199295043945, "val_loss": null, "lr": 0.0004533023603178107, "batch_size": 128, "grad_accum_steps": 1, "context_length": 256, "cuda_max_memory_mb": 15563.58}
{"run_name": "lr_3e-3", "step": 2400, "wall_clock_sec": 346.323, "processed_tokens": 78643200, "train_loss": 1.5381999015808105, "val_loss": 1.4882555246353149, "lr": 0.00039618838910589253, "batch_size": 128, "grad_accum_steps": 1, "context_length": 256, "cuda_max_memory_mb": 15563.74}
{"run_name": "lr_3e-3", "step": 2450, "wall_clock_sec": 353.457, "processed_tokens": 80281600, "train_loss": 1.4788762331008911, "val_loss": null, "lr": 0.00034289395906835, "batch_size": 128, "grad_accum_steps": 1, "context_length": 256, "cuda_max_memory_mb": 15563.74}
{"run_name": "lr_3e-3", "step": 2500, "wall_clock_sec": 360.601, "processed_tokens": 81920000, "train_loss": 1.482617974281311, "val_loss": null, "lr": 0.0002935994016864755, "batch_size": 128, "grad_accum_steps": 1, "context_length": 256, "cuda_max_memory_mb": 15563.74}
{"run_name": "lr_3e-3", "step": 2550, "wall_clock_sec": 367.73, "processed_tokens": 83558400, "train_loss": 1.4439671039581299, "val_loss": null, "lr": 0.000248471514138625, "batch_size": 128, "grad_accum_steps": 1, "context_length": 256, "cuda_max_memory_mb": 15563.74}
{"run_name": "lr_3e-3", "step": 2600, "wall_clock_sec": 374.855, "processed_tokens": 85196800, "train_loss": 1.4737637042999268, "val_loss": null, "lr": 0.000207662994911365, "batch_size": 128, "grad_accum_steps": 1, "context_length": 256, "cuda_max_memory_mb": 15563.74}
{"run_name": "lr_3e-3", "step": 2650, "wall_clock_sec": 381.979, "processed_tokens": 86835200, "train_loss": 1.4761098623275757, "val_loss": null, "lr": 0.00017131192711612782, "batch_size": 128, "grad_accum_steps": 1, "context_length": 256, "cuda_max_memory_mb": 15563.74}
{"run_name": "lr_3e-3", "step": 2700, "wall_clock_sec": 389.238, "processed_tokens": 88473600, "train_loss": 1.4277918338775635, "val_loss": 1.499252188205719, "lr": 0.0001395413112596737, "batch_size": 128, "grad_accum_steps": 1, "context_length": 256, "cuda_max_memory_mb": 15563.74}
{"run_name": "lr_3e-3", "step": 2750, "wall_clock_sec": 396.364, "processed_tokens": 90112000, "train_loss": 1.4341057538986206, "val_loss": null, "lr": 0.00011245864904930927, "batch_size": 128, "grad_accum_steps": 1, "context_length": 256, "cuda_max_memory_mb": 15563.74}
{"run_name": "lr_3e-3", "step": 2800, "wall_clock_sec": 403.487, "processed_tokens": 91750400, "train_loss": 1.5038044452667236, "val_loss": null, "lr": 9.015557964114019e-05, "batch_size": 128, "grad_accum_steps": 1, "context_length": 256, "cuda_max_memory_mb": 15563.74}
{"run_name": "lr_3e-3", "step": 2850, "wall_clock_sec": 410.607, "processed_tokens": 93388800, "train_loss": 1.4844449758529663, "val_loss": null, "lr": 7.270756956217305e-05, "batch_size": 128, "grad_accum_steps": 1, "context_length": 256, "cuda_max_memory_mb": 15563.74}
{"run_name": "lr_3e-3", "step": 2900, "wall_clock_sec": 417.737, "processed_tokens": 95027200, "train_loss": 1.5007140636444092, "val_loss": null, "lr": 6.017365735547804e-05, "batch_size": 128, "grad_accum_steps": 1, "context_length": 256, "cuda_max_memory_mb": 15563.74}
{"run_name": "lr_3e-3", "step": 2950, "wall_clock_sec": 424.867, "processed_tokens": 96665600, "train_loss": 1.4532432556152344, "val_loss": null, "lr": 5.259625381244617e-05, "batch_size": 128, "grad_accum_steps": 1, "context_length": 256, "cuda_max_memory_mb": 15563.74}
{"run_name": "lr_3e-3", "step": 3000, "wall_clock_sec": 432.122, "processed_tokens": 98304000, "train_loss": 1.4509280920028687, "val_loss": 1.455773913860321, "lr": 5.000099846809664e-05, "batch_size": 128, "grad_accum_steps": 1, "context_length": 256, "cuda_max_memory_mb": 15563.74}
saved checkpoint to runs/lr_sweep/lr_3e-3.pt
saved final checkpoint to runs/lr_sweep/lr_3e-3.pt
