nohup: ignoring input
{"run_name": "owt_gpu", "step": 1, "wall_clock_sec": 0.665, "processed_tokens": 32768, "train_loss": 10.384597778320312, "val_loss": null, "lr": 0.0, "batch_size": 128, "grad_accum_steps": 1, "context_length": 256, "cuda_max_memory_mb": 26440.14}
{"run_name": "owt_gpu", "step": 50, "wall_clock_sec": 12.836, "processed_tokens": 1638400, "train_loss": 9.723122596740723, "val_loss": null, "lr": 4.9000000000000005e-05, "batch_size": 128, "grad_accum_steps": 1, "context_length": 256, "cuda_max_memory_mb": 26820.55}
{"run_name": "owt_gpu", "step": 100, "wall_clock_sec": 24.369, "processed_tokens": 3276800, "train_loss": 8.163535118103027, "val_loss": null, "lr": 9.900000000000001e-05, "batch_size": 128, "grad_accum_steps": 1, "context_length": 256, "cuda_max_memory_mb": 26820.55}
{"run_name": "owt_gpu", "step": 150, "wall_clock_sec": 35.063, "processed_tokens": 4915200, "train_loss": 7.204000473022461, "val_loss": null, "lr": 0.000149, "batch_size": 128, "grad_accum_steps": 1, "context_length": 256, "cuda_max_memory_mb": 26820.55}
{"run_name": "owt_gpu", "step": 200, "wall_clock_sec": 45.508, "processed_tokens": 6553600, "train_loss": 6.890396595001221, "val_loss": null, "lr": 0.000199, "batch_size": 128, "grad_accum_steps": 1, "context_length": 256, "cuda_max_memory_mb": 26820.55}
{"run_name": "owt_gpu", "step": 250, "wall_clock_sec": 55.727, "processed_tokens": 8192000, "train_loss": 6.463015556335449, "val_loss": null, "lr": 0.000249, "batch_size": 128, "grad_accum_steps": 1, "context_length": 256, "cuda_max_memory_mb": 26820.8}
{"run_name": "owt_gpu", "step": 300, "wall_clock_sec": 65.934, "processed_tokens": 9830400, "train_loss": 6.196727275848389, "val_loss": null, "lr": 0.000299, "batch_size": 128, "grad_accum_steps": 1, "context_length": 256, "cuda_max_memory_mb": 26821.05}
{"run_name": "owt_gpu", "step": 350, "wall_clock_sec": 76.087, "processed_tokens": 11468800, "train_loss": 6.13484001159668, "val_loss": null, "lr": 0.00034899999999999997, "batch_size": 128, "grad_accum_steps": 1, "context_length": 256, "cuda_max_memory_mb": 26821.55}
{"run_name": "owt_gpu", "step": 400, "wall_clock_sec": 86.198, "processed_tokens": 13107200, "train_loss": 6.017879486083984, "val_loss": null, "lr": 0.00039900000000000005, "batch_size": 128, "grad_accum_steps": 1, "context_length": 256, "cuda_max_memory_mb": 26821.55}
{"run_name": "owt_gpu", "step": 450, "wall_clock_sec": 96.336, "processed_tokens": 14745600, "train_loss": 5.873867034912109, "val_loss": null, "lr": 0.000449, "batch_size": 128, "grad_accum_steps": 1, "context_length": 256, "cuda_max_memory_mb": 26821.55}
{"run_name": "owt_gpu", "step": 500, "wall_clock_sec": 106.931, "processed_tokens": 16384000, "train_loss": 5.741411209106445, "val_loss": 5.7560213804244995, "lr": 0.000499, "batch_size": 128, "grad_accum_steps": 1, "context_length": 256, "cuda_max_memory_mb": 26821.55}
{"run_name": "owt_gpu", "step": 550, "wall_clock_sec": 116.997, "processed_tokens": 18022400, "train_loss": 5.633110046386719, "val_loss": null, "lr": 0.0004999704615491727, "batch_size": 128, "grad_accum_steps": 1, "context_length": 256, "cuda_max_memory_mb": 26821.55}
{"run_name": "owt_gpu", "step": 600, "wall_clock_sec": 127.045, "processed_tokens": 19660800, "train_loss": 5.5820841789245605, "val_loss": null, "lr": 0.0004998794307233048, "batch_size": 128, "grad_accum_steps": 1, "context_length": 256, "cuda_max_memory_mb": 26822.3}
{"run_name": "owt_gpu", "step": 650, "wall_clock_sec": 137.086, "processed_tokens": 21299200, "train_loss": 5.472835540771484, "val_loss": null, "lr": 0.0004997269201064843, "batch_size": 128, "grad_accum_steps": 1, "context_length": 256, "cuda_max_memory_mb": 26822.3}
{"run_name": "owt_gpu", "step": 700, "wall_clock_sec": 147.125, "processed_tokens": 22937600, "train_loss": 5.395094394683838, "val_loss": null, "lr": 0.000499512971393591, "batch_size": 128, "grad_accum_steps": 1, "context_length": 256, "cuda_max_memory_mb": 26822.3}
{"run_name": "owt_gpu", "step": 750, "wall_clock_sec": 157.165, "processed_tokens": 24576000, "train_loss": 5.450715065002441, "val_loss": null, "lr": 0.0004992376430760669, "batch_size": 128, "grad_accum_steps": 1, "context_length": 256, "cuda_max_memory_mb": 26822.3}
{"run_name": "owt_gpu", "step": 800, "wall_clock_sec": 167.207, "processed_tokens": 26214400, "train_loss": 5.312710762023926, "val_loss": null, "lr": 0.0004989010104259246, "batch_size": 128, "grad_accum_steps": 1, "context_length": 256, "cuda_max_memory_mb": 26822.3}
{"run_name": "owt_gpu", "step": 850, "wall_clock_sec": 177.239, "processed_tokens": 27852800, "train_loss": 5.228909492492676, "val_loss": null, "lr": 0.0004985031654751697, "batch_size": 128, "grad_accum_steps": 1, "context_length": 256, "cuda_max_memory_mb": 26822.3}
{"run_name": "owt_gpu", "step": 900, "wall_clock_sec": 187.291, "processed_tokens": 29491200, "train_loss": 5.203779220581055, "val_loss": null, "lr": 0.000498044216990639, "batch_size": 128, "grad_accum_steps": 1, "context_length": 256, "cuda_max_memory_mb": 26822.3}
{"run_name": "owt_gpu", "step": 950, "wall_clock_sec": 197.344, "processed_tokens": 31129600, "train_loss": 5.114615440368652, "val_loss": null, "lr": 0.0004975242904442657, "batch_size": 128, "grad_accum_steps": 1, "context_length": 256, "cuda_max_memory_mb": 26822.3}
{"run_name": "owt_gpu", "step": 1000, "wall_clock_sec": 207.741, "processed_tokens": 32768000, "train_loss": 5.171823024749756, "val_loss": 5.124963331222534, "lr": 0.0004969435279787763, "batch_size": 128, "grad_accum_steps": 1, "context_length": 256, "cuda_max_memory_mb": 26822.3}
saved checkpoint to runs/owt_gpu/checkpoint.pt
{"run_name": "owt_gpu", "step": 1050, "wall_clock_sec": 218.528, "processed_tokens": 34406400, "train_loss": 5.0810747146606445, "val_loss": null, "lr": 0.0004963020883688297, "batch_size": 128, "grad_accum_steps": 1, "context_length": 256, "cuda_max_memory_mb": 26822.3}
{"run_name": "owt_gpu", "step": 1100, "wall_clock_sec": 228.57, "processed_tokens": 36044800, "train_loss": 5.067139625549316, "val_loss": null, "lr": 0.0004956001469776108, "batch_size": 128, "grad_accum_steps": 1, "context_length": 256, "cuda_max_memory_mb": 26822.3}
{"run_name": "owt_gpu", "step": 1150, "wall_clock_sec": 238.611, "processed_tokens": 37683200, "train_loss": 5.021222114562988, "val_loss": null, "lr": 0.0004948378957088869, "batch_size": 128, "grad_accum_steps": 1, "context_length": 256, "cuda_max_memory_mb": 26822.3}
{"run_name": "owt_gpu", "step": 1200, "wall_clock_sec": 248.656, "processed_tokens": 39321600, "train_loss": 5.019493103027344, "val_loss": null, "lr": 0.000494015542954544, "batch_size": 128, "grad_accum_steps": 1, "context_length": 256, "cuda_max_memory_mb": 26822.3}
{"run_name": "owt_gpu", "step": 1250, "wall_clock_sec": 258.686, "processed_tokens": 40960000, "train_loss": 4.949602127075195, "val_loss": null, "lr": 0.0004931333135376138, "batch_size": 128, "grad_accum_steps": 1, "context_length": 256, "cuda_max_memory_mb": 26822.3}
{"run_name": "owt_gpu", "step": 1300, "wall_clock_sec": 268.735, "processed_tokens": 42598400, "train_loss": 4.97169303894043, "val_loss": null, "lr": 0.0004921914486508102, "batch_size": 128, "grad_accum_steps": 1, "context_length": 256, "cuda_max_memory_mb": 26822.3}
{"run_name": "owt_gpu", "step": 1350, "wall_clock_sec": 278.784, "processed_tokens": 44236800, "train_loss": 5.002711296081543, "val_loss": null, "lr": 0.0004911902057905885, "batch_size": 128, "grad_accum_steps": 1, "context_length": 256, "cuda_max_memory_mb": 26822.3}
{"run_name": "owt_gpu", "step": 1400, "wall_clock_sec": 288.813, "processed_tokens": 45875200, "train_loss": 4.903357982635498, "val_loss": null, "lr": 0.0004901298586867494, "batch_size": 128, "grad_accum_steps": 1, "context_length": 256, "cuda_max_memory_mb": 26822.3}
{"run_name": "owt_gpu", "step": 1450, "wall_clock_sec": 298.845, "processed_tokens": 47513600, "train_loss": 4.933638095855713, "val_loss": null, "lr": 0.0004890106972276037, "batch_size": 128, "grad_accum_steps": 1, "context_length": 256, "cuda_max_memory_mb": 26822.3}
{"run_name": "owt_gpu", "step": 1500, "wall_clock_sec": 309.267, "processed_tokens": 49152000, "train_loss": 4.898294448852539, "val_loss": 4.883021855354309, "lr": 0.0004878330273807195, "batch_size": 128, "grad_accum_steps": 1, "context_length": 256, "cuda_max_memory_mb": 26822.3}
{"run_name": "owt_gpu", "step": 1550, "wall_clock_sec": 319.327, "processed_tokens": 50790400, "train_loss": 4.884682655334473, "val_loss": null, "lr": 0.000486597171109274, "batch_size": 128, "grad_accum_steps": 1, "context_length": 256, "cuda_max_memory_mb": 26822.3}
{"run_name": "owt_gpu", "step": 1600, "wall_clock_sec": 329.372, "processed_tokens": 52428800, "train_loss": 4.854367256164551, "val_loss": null, "lr": 0.00048530346628403176, "batch_size": 128, "grad_accum_steps": 1, "context_length": 256, "cuda_max_memory_mb": 26822.3}
{"run_name": "owt_gpu", "step": 1650, "wall_clock_sec": 339.411, "processed_tokens": 54067200, "train_loss": 4.8441081047058105, "val_loss": null, "lr": 0.0004839522665909746, "batch_size": 128, "grad_accum_steps": 1, "context_length": 256, "cuda_max_memory_mb": 26822.3}
{"run_name": "owt_gpu", "step": 1700, "wall_clock_sec": 349.445, "processed_tokens": 55705600, "train_loss": 4.829122543334961, "val_loss": null, "lr": 0.0004825439414346068, "batch_size": 128, "grad_accum_steps": 1, "context_length": 256, "cuda_max_memory_mb": 26822.3}
{"run_name": "owt_gpu", "step": 1750, "wall_clock_sec": 359.479, "processed_tokens": 57344000, "train_loss": 4.758552074432373, "val_loss": null, "lr": 0.0004810788758369642, "batch_size": 128, "grad_accum_steps": 1, "context_length": 256, "cuda_max_memory_mb": 26822.3}
{"run_name": "owt_gpu", "step": 1800, "wall_clock_sec": 369.514, "processed_tokens": 58982400, "train_loss": 4.750959873199463, "val_loss": null, "lr": 0.0004795574703323525, "batch_size": 128, "grad_accum_steps": 1, "context_length": 256, "cuda_max_memory_mb": 26822.3}
{"run_name": "owt_gpu", "step": 1850, "wall_clock_sec": 379.542, "processed_tokens": 60620800, "train_loss": 4.789484977722168, "val_loss": null, "lr": 0.00047798014085784565, "batch_size": 128, "grad_accum_steps": 1, "context_length": 256, "cuda_max_memory_mb": 26822.3}
{"run_name": "owt_gpu", "step": 1900, "wall_clock_sec": 389.573, "processed_tokens": 62259200, "train_loss": 4.746962547302246, "val_loss": null, "lr": 0.00047634731863957237, "batch_size": 128, "grad_accum_steps": 1, "context_length": 256, "cuda_max_memory_mb": 26822.3}
{"run_name": "owt_gpu", "step": 1950, "wall_clock_sec": 399.606, "processed_tokens": 63897600, "train_loss": 4.605374336242676, "val_loss": null, "lr": 0.0004746594500748235, "batch_size": 128, "grad_accum_steps": 1, "context_length": 256, "cuda_max_memory_mb": 26822.3}
{"run_name": "owt_gpu", "step": 2000, "wall_clock_sec": 409.994, "processed_tokens": 65536000, "train_loss": 4.7187275886535645, "val_loss": 4.742393851280212, "lr": 0.00047291699661001135, "batch_size": 128, "grad_accum_steps": 1, "context_length": 256, "cuda_max_memory_mb": 26822.3}
saved checkpoint to runs/owt_gpu/checkpoint.pt
{"run_name": "owt_gpu", "step": 2050, "wall_clock_sec": 420.499, "processed_tokens": 67174400, "train_loss": 4.6761627197265625, "val_loss": null, "lr": 0.00047112043461451495, "batch_size": 128, "grad_accum_steps": 1, "context_length": 256, "cuda_max_memory_mb": 26822.3}
{"run_name": "owt_gpu", "step": 2100, "wall_clock_sec": 430.522, "processed_tokens": 68812800, "train_loss": 4.776520729064941, "val_loss": null, "lr": 0.00046927025525044533, "batch_size": 128, "grad_accum_steps": 1, "context_length": 256, "cuda_max_memory_mb": 26822.3}
{"run_name": "owt_gpu", "step": 2150, "wall_clock_sec": 440.544, "processed_tokens": 70451200, "train_loss": 4.7322258949279785, "val_loss": null, "lr": 0.0004673669643383667, "batch_size": 128, "grad_accum_steps": 1, "context_length": 256, "cuda_max_memory_mb": 26822.3}
{"run_name": "owt_gpu", "step": 2200, "wall_clock_sec": 450.577, "processed_tokens": 72089600, "train_loss": 4.723894119262695, "val_loss": null, "lr": 0.00046541108221901013, "batch_size": 128, "grad_accum_steps": 1, "context_length": 256, "cuda_max_memory_mb": 26822.3}
{"run_name": "owt_gpu", "step": 2250, "wall_clock_sec": 460.61, "processed_tokens": 73728000, "train_loss": 4.6848297119140625, "val_loss": null, "lr": 0.00046340314361101764, "batch_size": 128, "grad_accum_steps": 1, "context_length": 256, "cuda_max_memory_mb": 26822.3}
{"run_name": "owt_gpu", "step": 2300, "wall_clock_sec": 470.636, "processed_tokens": 75366400, "train_loss": 4.644763946533203, "val_loss": null, "lr": 0.0004613436974647557, "batch_size": 128, "grad_accum_steps": 1, "context_length": 256, "cuda_max_memory_mb": 26822.3}
{"run_name": "owt_gpu", "step": 2350, "wall_clock_sec": 480.671, "processed_tokens": 77004800, "train_loss": 4.663102626800537, "val_loss": null, "lr": 0.00045923330681223716, "batch_size": 128, "grad_accum_steps": 1, "context_length": 256, "cuda_max_memory_mb": 26822.3}
{"run_name": "owt_gpu", "step": 2400, "wall_clock_sec": 490.701, "processed_tokens": 78643200, "train_loss": 4.692404747009277, "val_loss": null, "lr": 0.00045707254861319425, "batch_size": 128, "grad_accum_steps": 1, "context_length": 256, "cuda_max_memory_mb": 26822.3}
{"run_name": "owt_gpu", "step": 2450, "wall_clock_sec": 500.742, "processed_tokens": 80281600, "train_loss": 4.603577613830566, "val_loss": null, "lr": 0.0004548620135973435, "batch_size": 128, "grad_accum_steps": 1, "context_length": 256, "cuda_max_memory_mb": 26822.3}
{"run_name": "owt_gpu", "step": 2500, "wall_clock_sec": 511.139, "processed_tokens": 81920000, "train_loss": 4.601896286010742, "val_loss": 4.601210618019104, "lr": 0.0004526023061028864, "batch_size": 128, "grad_accum_steps": 1, "context_length": 256, "cuda_max_memory_mb": 26822.3}
{"run_name": "owt_gpu", "step": 2550, "wall_clock_sec": 521.176, "processed_tokens": 83558400, "train_loss": 4.614994049072266, "val_loss": null, "lr": 0.00045029404391128873, "batch_size": 128, "grad_accum_steps": 1, "context_length": 256, "cuda_max_memory_mb": 26822.3}
{"run_name": "owt_gpu", "step": 2600, "wall_clock_sec": 531.232, "processed_tokens": 85196800, "train_loss": 4.599240303039551, "val_loss": null, "lr": 0.0004479378580783859, "batch_size": 128, "grad_accum_steps": 1, "context_length": 256, "cuda_max_memory_mb": 26822.3}
{"run_name": "owt_gpu", "step": 2650, "wall_clock_sec": 541.273, "processed_tokens": 86835200, "train_loss": 4.566668510437012, "val_loss": null, "lr": 0.0004455343927618581, "batch_size": 128, "grad_accum_steps": 1, "context_length": 256, "cuda_max_memory_mb": 26822.3}
{"run_name": "owt_gpu", "step": 2700, "wall_clock_sec": 551.304, "processed_tokens": 88473600, "train_loss": 4.633875370025635, "val_loss": null, "lr": 0.0004430843050451247, "batch_size": 128, "grad_accum_steps": 1, "context_length": 256, "cuda_max_memory_mb": 26822.3}
{"run_name": "owt_gpu", "step": 2750, "wall_clock_sec": 561.34, "processed_tokens": 90112000, "train_loss": 4.615208625793457, "val_loss": null, "lr": 0.0004405882647577032, "batch_size": 128, "grad_accum_steps": 1, "context_length": 256, "cuda_max_memory_mb": 26822.3}
{"run_name": "owt_gpu", "step": 2800, "wall_clock_sec": 571.381, "processed_tokens": 91750400, "train_loss": 4.566253662109375, "val_loss": null, "lr": 0.0004380469542920855, "batch_size": 128, "grad_accum_steps": 1, "context_length": 256, "cuda_max_memory_mb": 26822.3}
{"run_name": "owt_gpu", "step": 2850, "wall_clock_sec": 581.411, "processed_tokens": 93388800, "train_loss": 4.574549198150635, "val_loss": null, "lr": 0.0004354610684171781, "batch_size": 128, "grad_accum_steps": 1, "context_length": 256, "cuda_max_memory_mb": 26822.3}
{"run_name": "owt_gpu", "step": 2900, "wall_clock_sec": 591.428, "processed_tokens": 95027200, "train_loss": 4.595232963562012, "val_loss": null, "lr": 0.0004328313140883592, "batch_size": 128, "grad_accum_steps": 1, "context_length": 256, "cuda_max_memory_mb": 26822.3}
{"run_name": "owt_gpu", "step": 2950, "wall_clock_sec": 601.447, "processed_tokens": 96665600, "train_loss": 4.519320487976074, "val_loss": null, "lr": 0.0004301584102542045, "batch_size": 128, "grad_accum_steps": 1, "context_length": 256, "cuda_max_memory_mb": 26822.3}
{"run_name": "owt_gpu", "step": 3000, "wall_clock_sec": 611.832, "processed_tokens": 98304000, "train_loss": 4.512702941894531, "val_loss": 4.5525679111480715, "lr": 0.0004274430876599333, "batch_size": 128, "grad_accum_steps": 1, "context_length": 256, "cuda_max_memory_mb": 26822.3}
saved checkpoint to runs/owt_gpu/checkpoint.pt
{"run_name": "owt_gpu", "step": 3050, "wall_clock_sec": 622.359, "processed_tokens": 99942400, "train_loss": 4.546393394470215, "val_loss": null, "lr": 0.00042468608864763065, "batch_size": 128, "grad_accum_steps": 1, "context_length": 256, "cuda_max_memory_mb": 26822.3}
{"run_name": "owt_gpu", "step": 3100, "wall_clock_sec": 632.381, "processed_tokens": 101580800, "train_loss": 4.573354244232178, "val_loss": null, "lr": 0.0004218881669532981, "batch_size": 128, "grad_accum_steps": 1, "context_length": 256, "cuda_max_memory_mb": 26822.3}
{"run_name": "owt_gpu", "step": 3150, "wall_clock_sec": 642.41, "processed_tokens": 103219200, "train_loss": 4.482051849365234, "val_loss": null, "lr": 0.00041905008750078973, "batch_size": 128, "grad_accum_steps": 1, "context_length": 256, "cuda_max_memory_mb": 26822.3}
{"run_name": "owt_gpu", "step": 3200, "wall_clock_sec": 652.439, "processed_tokens": 104857600, "train_loss": 4.473193645477295, "val_loss": null, "lr": 0.0004161726261926898, "batch_size": 128, "grad_accum_steps": 1, "context_length": 256, "cuda_max_memory_mb": 26822.3}
{"run_name": "owt_gpu", "step": 3250, "wall_clock_sec": 662.468, "processed_tokens": 106496000, "train_loss": 4.531503200531006, "val_loss": null, "lr": 0.00041325656969818877, "batch_size": 128, "grad_accum_steps": 1, "context_length": 256, "cuda_max_memory_mb": 26822.3}
{"run_name": "owt_gpu", "step": 3300, "wall_clock_sec": 672.501, "processed_tokens": 108134400, "train_loss": 4.45128870010376, "val_loss": null, "lr": 0.00041030271523801544, "batch_size": 128, "grad_accum_steps": 1, "context_length": 256, "cuda_max_memory_mb": 26822.3}
{"run_name": "owt_gpu", "step": 3350, "wall_clock_sec": 682.523, "processed_tokens": 109772800, "train_loss": 4.427046298980713, "val_loss": null, "lr": 0.0004073118703664853, "batch_size": 128, "grad_accum_steps": 1, "context_length": 256, "cuda_max_memory_mb": 26822.3}
{"run_name": "owt_gpu", "step": 3400, "wall_clock_sec": 692.557, "processed_tokens": 111411200, "train_loss": 4.504121780395508, "val_loss": null, "lr": 0.0004042848527507227, "batch_size": 128, "grad_accum_steps": 1, "context_length": 256, "cuda_max_memory_mb": 26822.3}
{"run_name": "owt_gpu", "step": 3450, "wall_clock_sec": 702.577, "processed_tokens": 113049600, "train_loss": 4.46060848236084, "val_loss": null, "lr": 0.00040122248994711935, "batch_size": 128, "grad_accum_steps": 1, "context_length": 256, "cuda_max_memory_mb": 26822.3}
{"run_name": "owt_gpu", "step": 3500, "wall_clock_sec": 712.955, "processed_tokens": 114688000, "train_loss": 4.397243499755859, "val_loss": 4.462782764434815, "lr": 0.0003981256191750882, "batch_size": 128, "grad_accum_steps": 1, "context_length": 256, "cuda_max_memory_mb": 26822.3}
{"run_name": "owt_gpu", "step": 3550, "wall_clock_sec": 722.971, "processed_tokens": 116326400, "train_loss": 4.533394813537598, "val_loss": null, "lr": 0.0003949950870881761, "batch_size": 128, "grad_accum_steps": 1, "context_length": 256, "cuda_max_memory_mb": 26822.3}
{"run_name": "owt_gpu", "step": 3600, "wall_clock_sec": 732.988, "processed_tokens": 117964800, "train_loss": 4.430020332336426, "val_loss": null, "lr": 0.0003918317495425978, "batch_size": 128, "grad_accum_steps": 1, "context_length": 256, "cuda_max_memory_mb": 26822.3}
{"run_name": "owt_gpu", "step": 3650, "wall_clock_sec": 743.015, "processed_tokens": 119603200, "train_loss": 4.40443754196167, "val_loss": null, "lr": 0.0003886364713632522, "batch_size": 128, "grad_accum_steps": 1, "context_length": 256, "cuda_max_memory_mb": 26822.3}
{"run_name": "owt_gpu", "step": 3700, "wall_clock_sec": 753.037, "processed_tokens": 121241600, "train_loss": 4.378442764282227, "val_loss": null, "lr": 0.000385410126107289, "batch_size": 128, "grad_accum_steps": 1, "context_length": 256, "cuda_max_memory_mb": 26822.3}
{"run_name": "owt_gpu", "step": 3750, "wall_clock_sec": 763.066, "processed_tokens": 122880000, "train_loss": 4.494519233703613, "val_loss": null, "lr": 0.00038215359582528634, "batch_size": 128, "grad_accum_steps": 1, "context_length": 256, "cuda_max_memory_mb": 26822.3}
{"run_name": "owt_gpu", "step": 3800, "wall_clock_sec": 773.097, "processed_tokens": 124518400, "train_loss": 4.437880992889404, "val_loss": null, "lr": 0.000378867770820107, "batch_size": 128, "grad_accum_steps": 1, "context_length": 256, "cuda_max_memory_mb": 26822.3}
{"run_name": "owt_gpu", "step": 3850, "wall_clock_sec": 783.112, "processed_tokens": 126156800, "train_loss": 4.461452484130859, "val_loss": null, "lr": 0.0003755535494034987, "batch_size": 128, "grad_accum_steps": 1, "context_length": 256, "cuda_max_memory_mb": 26822.3}
{"run_name": "owt_gpu", "step": 3900, "wall_clock_sec": 793.133, "processed_tokens": 127795200, "train_loss": 4.487688064575195, "val_loss": null, "lr": 0.0003722118376505045, "batch_size": 128, "grad_accum_steps": 1, "context_length": 256, "cuda_max_memory_mb": 26822.3}
{"run_name": "owt_gpu", "step": 3950, "wall_clock_sec": 803.157, "processed_tokens": 129433600, "train_loss": 4.468768119812012, "val_loss": null, "lr": 0.0003688435491517508, "batch_size": 128, "grad_accum_steps": 1, "context_length": 256, "cuda_max_memory_mb": 26822.3}
{"run_name": "owt_gpu", "step": 4000, "wall_clock_sec": 813.536, "processed_tokens": 131072000, "train_loss": 4.428897857666016, "val_loss": 4.421841549873352, "lr": 0.00036544960476368103, "batch_size": 128, "grad_accum_steps": 1, "context_length": 256, "cuda_max_memory_mb": 26822.3}
saved checkpoint to runs/owt_gpu/checkpoint.pt
{"run_name": "owt_gpu", "step": 4050, "wall_clock_sec": 824.037, "processed_tokens": 132710400, "train_loss": 4.460750102996826, "val_loss": null, "lr": 0.00036203093235680255, "batch_size": 128, "grad_accum_steps": 1, "context_length": 256, "cuda_max_memory_mb": 26822.3}
{"run_name": "owt_gpu", "step": 4100, "wall_clock_sec": 834.058, "processed_tokens": 134348800, "train_loss": 4.422608375549316, "val_loss": null, "lr": 0.0003585884665620162, "batch_size": 128, "grad_accum_steps": 1, "context_length": 256, "cuda_max_memory_mb": 26822.3}
{"run_name": "owt_gpu", "step": 4150, "wall_clock_sec": 844.089, "processed_tokens": 135987200, "train_loss": 4.426449775695801, "val_loss": null, "lr": 0.00035512314851509735, "batch_size": 128, "grad_accum_steps": 1, "context_length": 256, "cuda_max_memory_mb": 26822.3}
{"run_name": "owt_gpu", "step": 4200, "wall_clock_sec": 854.117, "processed_tokens": 137625600, "train_loss": 4.425202369689941, "val_loss": null, "lr": 0.0003516359255993992, "batch_size": 128, "grad_accum_steps": 1, "context_length": 256, "cuda_max_memory_mb": 26822.3}
{"run_name": "owt_gpu", "step": 4250, "wall_clock_sec": 864.142, "processed_tokens": 139264000, "train_loss": 4.38578987121582, "val_loss": null, "lr": 0.00034812775118684715, "batch_size": 128, "grad_accum_steps": 1, "context_length": 256, "cuda_max_memory_mb": 26822.3}
{"run_name": "owt_gpu", "step": 4300, "wall_clock_sec": 874.166, "processed_tokens": 140902400, "train_loss": 4.357839584350586, "val_loss": null, "lr": 0.0003445995843772967, "batch_size": 128, "grad_accum_steps": 1, "context_length": 256, "cuda_max_memory_mb": 26822.3}
{"run_name": "owt_gpu", "step": 4350, "wall_clock_sec": 884.195, "processed_tokens": 142540800, "train_loss": 4.403750419616699, "val_loss": null, "lr": 0.0003410523897363249, "batch_size": 128, "grad_accum_steps": 1, "context_length": 256, "cuda_max_memory_mb": 26822.3}
{"run_name": "owt_gpu", "step": 4400, "wall_clock_sec": 894.229, "processed_tokens": 144179200, "train_loss": 4.381816864013672, "val_loss": null, "lr": 0.00033748713703152835, "batch_size": 128, "grad_accum_steps": 1, "context_length": 256, "cuda_max_memory_mb": 26822.3}
{"run_name": "owt_gpu", "step": 4450, "wall_clock_sec": 904.26, "processed_tokens": 145817600, "train_loss": 4.450959205627441, "val_loss": null, "lr": 0.00033390480096739744, "batch_size": 128, "grad_accum_steps": 1, "context_length": 256, "cuda_max_memory_mb": 26822.3}
{"run_name": "owt_gpu", "step": 4500, "wall_clock_sec": 914.632, "processed_tokens": 147456000, "train_loss": 4.369791030883789, "val_loss": 4.369924330711365, "lr": 0.0003303063609188428, "batch_size": 128, "grad_accum_steps": 1, "context_length": 256, "cuda_max_memory_mb": 26822.3}
{"run_name": "owt_gpu", "step": 4550, "wall_clock_sec": 924.656, "processed_tokens": 149094400, "train_loss": 4.337418079376221, "val_loss": null, "lr": 0.0003266928006634437, "batch_size": 128, "grad_accum_steps": 1, "context_length": 256, "cuda_max_memory_mb": 26822.3}
{"run_name": "owt_gpu", "step": 4600, "wall_clock_sec": 934.685, "processed_tokens": 150732800, "train_loss": 4.310420989990234, "val_loss": null, "lr": 0.00032306510811249247, "batch_size": 128, "grad_accum_steps": 1, "context_length": 256, "cuda_max_memory_mb": 26822.3}
{"run_name": "owt_gpu", "step": 4650, "wall_clock_sec": 944.713, "processed_tokens": 152371200, "train_loss": 4.351449966430664, "val_loss": null, "lr": 0.0003194242750409105, "batch_size": 128, "grad_accum_steps": 1, "context_length": 256, "cuda_max_memory_mb": 26822.3}
{"run_name": "owt_gpu", "step": 4700, "wall_clock_sec": 954.738, "processed_tokens": 154009600, "train_loss": 4.344386577606201, "val_loss": null, "lr": 0.00031577129681610594, "batch_size": 128, "grad_accum_steps": 1, "context_length": 256, "cuda_max_memory_mb": 26822.3}
{"run_name": "owt_gpu", "step": 4750, "wall_clock_sec": 964.761, "processed_tokens": 155648000, "train_loss": 4.3721418380737305, "val_loss": null, "lr": 0.0003121071721258507, "batch_size": 128, "grad_accum_steps": 1, "context_length": 256, "cuda_max_memory_mb": 26822.3}
{"run_name": "owt_gpu", "step": 4800, "wall_clock_sec": 974.784, "processed_tokens": 157286400, "train_loss": 4.348655700683594, "val_loss": null, "lr": 0.0003084329027052491, "batch_size": 128, "grad_accum_steps": 1, "context_length": 256, "cuda_max_memory_mb": 26822.3}
{"run_name": "owt_gpu", "step": 4850, "wall_clock_sec": 984.809, "processed_tokens": 158924800, "train_loss": 4.3105573654174805, "val_loss": null, "lr": 0.00030474949306287335, "batch_size": 128, "grad_accum_steps": 1, "context_length": 256, "cuda_max_memory_mb": 26822.3}
{"run_name": "owt_gpu", "step": 4900, "wall_clock_sec": 994.824, "processed_tokens": 160563200, "train_loss": 4.296350479125977, "val_loss": null, "lr": 0.000301057950206141, "batch_size": 128, "grad_accum_steps": 1, "context_length": 256, "cuda_max_memory_mb": 26822.3}
{"run_name": "owt_gpu", "step": 4950, "wall_clock_sec": 1004.845, "processed_tokens": 162201600, "train_loss": 4.316732406616211, "val_loss": null, "lr": 0.00029735928336600934, "batch_size": 128, "grad_accum_steps": 1, "context_length": 256, "cuda_max_memory_mb": 26822.3}
{"run_name": "owt_gpu", "step": 5000, "wall_clock_sec": 1015.213, "processed_tokens": 163840000, "train_loss": 4.390410423278809, "val_loss": 4.358553695678711, "lr": 0.0002936545037210614, "batch_size": 128, "grad_accum_steps": 1, "context_length": 256, "cuda_max_memory_mb": 26822.3}
saved checkpoint to runs/owt_gpu/checkpoint.pt
{"run_name": "owt_gpu", "step": 5050, "wall_clock_sec": 1025.952, "processed_tokens": 165478400, "train_loss": 4.285430908203125, "val_loss": null, "lr": 0.00028994462412106027, "batch_size": 128, "grad_accum_steps": 1, "context_length": 256, "cuda_max_memory_mb": 26822.3}
{"run_name": "owt_gpu", "step": 5100, "wall_clock_sec": 1035.973, "processed_tokens": 167116800, "train_loss": 4.354621410369873, "val_loss": null, "lr": 0.00028623065881004553, "batch_size": 128, "grad_accum_steps": 1, "context_length": 256, "cuda_max_memory_mb": 26822.3}
{"run_name": "owt_gpu", "step": 5150, "wall_clock_sec": 1045.98, "processed_tokens": 168755200, "train_loss": 4.345019340515137, "val_loss": null, "lr": 0.00028251362314904964, "batch_size": 128, "grad_accum_steps": 1, "context_length": 256, "cuda_max_memory_mb": 26822.3}
{"run_name": "owt_gpu", "step": 5200, "wall_clock_sec": 1055.988, "processed_tokens": 170393600, "train_loss": 4.366898536682129, "val_loss": null, "lr": 0.0002787945333385078, "batch_size": 128, "grad_accum_steps": 1, "context_length": 256, "cuda_max_memory_mb": 26822.3}
{"run_name": "owt_gpu", "step": 5250, "wall_clock_sec": 1065.996, "processed_tokens": 172032000, "train_loss": 4.353611469268799, "val_loss": null, "lr": 0.00027507440614043936, "batch_size": 128, "grad_accum_steps": 1, "context_length": 256, "cuda_max_memory_mb": 26822.3}
{"run_name": "owt_gpu", "step": 5300, "wall_clock_sec": 1076.032, "processed_tokens": 173670400, "train_loss": 4.3616790771484375, "val_loss": null, "lr": 0.00027135425860047514, "batch_size": 128, "grad_accum_steps": 1, "context_length": 256, "cuda_max_memory_mb": 26822.3}
{"run_name": "owt_gpu", "step": 5350, "wall_clock_sec": 1086.045, "processed_tokens": 175308800, "train_loss": 4.331232070922852, "val_loss": null, "lr": 0.000267635107769807, "batch_size": 128, "grad_accum_steps": 1, "context_length": 256, "cuda_max_memory_mb": 26822.3}
{"run_name": "owt_gpu", "step": 5400, "wall_clock_sec": 1096.057, "processed_tokens": 176947200, "train_loss": 4.33604621887207, "val_loss": null, "lr": 0.00026391797042713667, "batch_size": 128, "grad_accum_steps": 1, "context_length": 256, "cuda_max_memory_mb": 26822.3}
{"run_name": "owt_gpu", "step": 5450, "wall_clock_sec": 1106.067, "processed_tokens": 178585600, "train_loss": 4.33192777633667, "val_loss": null, "lr": 0.00026020386280069816, "batch_size": 128, "grad_accum_steps": 1, "context_length": 256, "cuda_max_memory_mb": 26822.3}
{"run_name": "owt_gpu", "step": 5500, "wall_clock_sec": 1116.446, "processed_tokens": 180224000, "train_loss": 4.343200206756592, "val_loss": 4.267828178405762, "lr": 0.00025649380029043136, "batch_size": 128, "grad_accum_steps": 1, "context_length": 256, "cuda_max_memory_mb": 26822.3}
{"run_name": "owt_gpu", "step": 5550, "wall_clock_sec": 1126.469, "processed_tokens": 181862400, "train_loss": 4.274446964263916, "val_loss": null, "lr": 0.00025278879719038195, "batch_size": 128, "grad_accum_steps": 1, "context_length": 256, "cuda_max_memory_mb": 26822.3}
{"run_name": "owt_gpu", "step": 5600, "wall_clock_sec": 1136.496, "processed_tokens": 183500800, "train_loss": 4.283150672912598, "val_loss": null, "lr": 0.00024908986641140315, "batch_size": 128, "grad_accum_steps": 1, "context_length": 256, "cuda_max_memory_mb": 26822.3}
{"run_name": "owt_gpu", "step": 5650, "wall_clock_sec": 1146.508, "processed_tokens": 185139200, "train_loss": 4.324029445648193, "val_loss": null, "lr": 0.0002453980192042364, "batch_size": 128, "grad_accum_steps": 1, "context_length": 256, "cuda_max_memory_mb": 26822.3}
{"run_name": "owt_gpu", "step": 5700, "wall_clock_sec": 1156.52, "processed_tokens": 186777600, "train_loss": 4.321052074432373, "val_loss": null, "lr": 0.0002417142648830453, "batch_size": 128, "grad_accum_steps": 1, "context_length": 256, "cuda_max_memory_mb": 26822.3}
{"run_name": "owt_gpu", "step": 5750, "wall_clock_sec": 1166.539, "processed_tokens": 188416000, "train_loss": 4.3283371925354, "val_loss": null, "lr": 0.00023803961054947928, "batch_size": 128, "grad_accum_steps": 1, "context_length": 256, "cuda_max_memory_mb": 26822.3}
{"run_name": "owt_gpu", "step": 5800, "wall_clock_sec": 1176.549, "processed_tokens": 190054400, "train_loss": 4.337925910949707, "val_loss": null, "lr": 0.00023437506081734171, "batch_size": 128, "grad_accum_steps": 1, "context_length": 256, "cuda_max_memory_mb": 26822.3}
{"run_name": "owt_gpu", "step": 5850, "wall_clock_sec": 1186.558, "processed_tokens": 191692800, "train_loss": 4.293252944946289, "val_loss": null, "lr": 0.00023072161753793924, "batch_size": 128, "grad_accum_steps": 1, "context_length": 256, "cuda_max_memory_mb": 26822.3}
{"run_name": "owt_gpu", "step": 5900, "wall_clock_sec": 1196.569, "processed_tokens": 193331200, "train_loss": 4.302833557128906, "val_loss": null, "lr": 0.00022708027952618494, "batch_size": 128, "grad_accum_steps": 1, "context_length": 256, "cuda_max_memory_mb": 26822.3}
{"run_name": "owt_gpu", "step": 5950, "wall_clock_sec": 1206.572, "processed_tokens": 194969600, "train_loss": 4.28688907623291, "val_loss": null, "lr": 0.00022345204228753278, "batch_size": 128, "grad_accum_steps": 1, "context_length": 256, "cuda_max_memory_mb": 26822.3}
{"run_name": "owt_gpu", "step": 6000, "wall_clock_sec": 1216.951, "processed_tokens": 196608000, "train_loss": 4.204441547393799, "val_loss": 4.265880680084228, "lr": 0.00021983789774581604, "batch_size": 128, "grad_accum_steps": 1, "context_length": 256, "cuda_max_memory_mb": 26822.3}
saved checkpoint to runs/owt_gpu/checkpoint.pt
{"run_name": "owt_gpu", "step": 6050, "wall_clock_sec": 1227.552, "processed_tokens": 198246400, "train_loss": 4.265948295593262, "val_loss": null, "lr": 0.0002162388339720655, "batch_size": 128, "grad_accum_steps": 1, "context_length": 256, "cuda_max_memory_mb": 26822.3}
{"run_name": "owt_gpu", "step": 6100, "wall_clock_sec": 1237.556, "processed_tokens": 199884800, "train_loss": 4.232448577880859, "val_loss": null, "lr": 0.00021265583491438032, "batch_size": 128, "grad_accum_steps": 1, "context_length": 256, "cuda_max_memory_mb": 26822.3}
{"run_name": "owt_gpu", "step": 6150, "wall_clock_sec": 1247.562, "processed_tokens": 201523200, "train_loss": 4.317404747009277, "val_loss": null, "lr": 0.00020908988012892696, "batch_size": 128, "grad_accum_steps": 1, "context_length": 256, "cuda_max_memory_mb": 26822.3}
{"run_name": "owt_gpu", "step": 6200, "wall_clock_sec": 1257.569, "processed_tokens": 203161600, "train_loss": 4.243034362792969, "val_loss": null, "lr": 0.00020554194451213788, "batch_size": 128, "grad_accum_steps": 1, "context_length": 256, "cuda_max_memory_mb": 26822.3}
{"run_name": "owt_gpu", "step": 6250, "wall_clock_sec": 1267.584, "processed_tokens": 204800000, "train_loss": 4.167685508728027, "val_loss": null, "lr": 0.0002020129980341848, "batch_size": 128, "grad_accum_steps": 1, "context_length": 256, "cuda_max_memory_mb": 26822.3}
{"run_name": "owt_gpu", "step": 6300, "wall_clock_sec": 1277.585, "processed_tokens": 206438400, "train_loss": 4.194019317626953, "val_loss": null, "lr": 0.0001985040054737985, "batch_size": 128, "grad_accum_steps": 1, "context_length": 256, "cuda_max_memory_mb": 26822.3}
{"run_name": "owt_gpu", "step": 6350, "wall_clock_sec": 1287.597, "processed_tokens": 208076800, "train_loss": 4.214180946350098, "val_loss": null, "lr": 0.00019501592615450795, "batch_size": 128, "grad_accum_steps": 1, "context_length": 256, "cuda_max_memory_mb": 26822.3}
{"run_name": "owt_gpu", "step": 6400, "wall_clock_sec": 1297.602, "processed_tokens": 209715200, "train_loss": 4.222239017486572, "val_loss": null, "lr": 0.00019154971368237077, "batch_size": 128, "grad_accum_steps": 1, "context_length": 256, "cuda_max_memory_mb": 26822.3}
{"run_name": "owt_gpu", "step": 6450, "wall_clock_sec": 1307.608, "processed_tokens": 211353600, "train_loss": 4.187273979187012, "val_loss": null, "lr": 0.00018810631568526686, "batch_size": 128, "grad_accum_steps": 1, "context_length": 256, "cuda_max_memory_mb": 26822.3}
{"run_name": "owt_gpu", "step": 6500, "wall_clock_sec": 1317.975, "processed_tokens": 212992000, "train_loss": 4.273598670959473, "val_loss": 4.237894344329834, "lr": 0.00018468667355382652, "batch_size": 128, "grad_accum_steps": 1, "context_length": 256, "cuda_max_memory_mb": 26822.3}
{"run_name": "owt_gpu", "step": 6550, "wall_clock_sec": 1327.983, "processed_tokens": 214630400, "train_loss": 4.252903938293457, "val_loss": null, "lr": 0.00018129172218406354, "batch_size": 128, "grad_accum_steps": 1, "context_length": 256, "cuda_max_memory_mb": 26822.3}
{"run_name": "owt_gpu", "step": 6600, "wall_clock_sec": 1337.988, "processed_tokens": 216268800, "train_loss": 4.239414215087891, "val_loss": null, "lr": 0.0001779223897217842, "batch_size": 128, "grad_accum_steps": 1, "context_length": 256, "cuda_max_memory_mb": 26822.3}
{"run_name": "owt_gpu", "step": 6650, "wall_clock_sec": 1348.002, "processed_tokens": 217907200, "train_loss": 4.2366132736206055, "val_loss": null, "lr": 0.000174579597308841, "batch_size": 128, "grad_accum_steps": 1, "context_length": 256, "cuda_max_memory_mb": 26822.3}
{"run_name": "owt_gpu", "step": 6700, "wall_clock_sec": 1358.008, "processed_tokens": 219545600, "train_loss": 4.260693550109863, "val_loss": null, "lr": 0.00017126425883130206, "batch_size": 128, "grad_accum_steps": 1, "context_length": 256, "cuda_max_memory_mb": 26822.3}
{"run_name": "owt_gpu", "step": 6750, "wall_clock_sec": 1368.012, "processed_tokens": 221184000, "train_loss": 4.18161678314209, "val_loss": null, "lr": 0.00016797728066960378, "batch_size": 128, "grad_accum_steps": 1, "context_length": 256, "cuda_max_memory_mb": 26822.3}
{"run_name": "owt_gpu", "step": 6800, "wall_clock_sec": 1378.017, "processed_tokens": 222822400, "train_loss": 4.218425750732422, "val_loss": null, "lr": 0.00016471956145075513, "batch_size": 128, "grad_accum_steps": 1, "context_length": 256, "cuda_max_memory_mb": 26822.3}
{"run_name": "owt_gpu", "step": 6850, "wall_clock_sec": 1388.023, "processed_tokens": 224460800, "train_loss": 4.262118816375732, "val_loss": null, "lr": 0.00016149199180266256, "batch_size": 128, "grad_accum_steps": 1, "context_length": 256, "cuda_max_memory_mb": 26822.3}
{"run_name": "owt_gpu", "step": 6900, "wall_clock_sec": 1398.034, "processed_tokens": 226099200, "train_loss": 4.192481994628906, "val_loss": null, "lr": 0.0001582954541106407, "batch_size": 128, "grad_accum_steps": 1, "context_length": 256, "cuda_max_memory_mb": 26822.3}
{"run_name": "owt_gpu", "step": 6950, "wall_clock_sec": 1408.046, "processed_tokens": 227737600, "train_loss": 4.247865676879883, "val_loss": null, "lr": 0.00015513082227617734, "batch_size": 128, "grad_accum_steps": 1, "context_length": 256, "cuda_max_memory_mb": 26822.3}
{"run_name": "owt_gpu", "step": 7000, "wall_clock_sec": 1418.414, "processed_tokens": 229376000, "train_loss": 4.286927223205566, "val_loss": 4.209580993652343, "lr": 0.00015199896147801738, "batch_size": 128, "grad_accum_steps": 1, "context_length": 256, "cuda_max_memory_mb": 26822.3}
saved checkpoint to runs/owt_gpu/checkpoint.pt
{"run_name": "owt_gpu", "step": 7050, "wall_clock_sec": 1429.001, "processed_tokens": 231014400, "train_loss": 4.133439064025879, "val_loss": null, "lr": 0.00014890072793563157, "batch_size": 128, "grad_accum_steps": 1, "context_length": 256, "cuda_max_memory_mb": 26822.3}
{"run_name": "owt_gpu", "step": 7100, "wall_clock_sec": 1439.017, "processed_tokens": 232652800, "train_loss": 4.206864356994629, "val_loss": null, "lr": 0.00014583696867513486, "batch_size": 128, "grad_accum_steps": 1, "context_length": 256, "cuda_max_memory_mb": 26822.3}
{"run_name": "owt_gpu", "step": 7150, "wall_clock_sec": 1449.027, "processed_tokens": 234291200, "train_loss": 4.197592735290527, "val_loss": null, "lr": 0.00014280852129771744, "batch_size": 128, "grad_accum_steps": 1, "context_length": 256, "cuda_max_memory_mb": 26822.3}
{"run_name": "owt_gpu", "step": 7200, "wall_clock_sec": 1459.056, "processed_tokens": 235929600, "train_loss": 4.180500030517578, "val_loss": null, "lr": 0.00013981621375065353, "batch_size": 128, "grad_accum_steps": 1, "context_length": 256, "cuda_max_memory_mb": 26822.3}
{"run_name": "owt_gpu", "step": 7250, "wall_clock_sec": 1469.066, "processed_tokens": 237568000, "train_loss": 4.217245101928711, "val_loss": null, "lr": 0.00013686086410094844, "batch_size": 128, "grad_accum_steps": 1, "context_length": 256, "cuda_max_memory_mb": 26822.3}
{"run_name": "owt_gpu", "step": 7300, "wall_clock_sec": 1479.081, "processed_tokens": 239206400, "train_loss": 4.216890335083008, "val_loss": null, "lr": 0.0001339432803116875, "batch_size": 128, "grad_accum_steps": 1, "context_length": 256, "cuda_max_memory_mb": 26822.3}
{"run_name": "owt_gpu", "step": 7350, "wall_clock_sec": 1489.085, "processed_tokens": 240844800, "train_loss": 4.07234001159668, "val_loss": null, "lr": 0.0001310642600211467, "batch_size": 128, "grad_accum_steps": 1, "context_length": 256, "cuda_max_memory_mb": 26822.3}
{"run_name": "owt_gpu", "step": 7400, "wall_clock_sec": 1499.097, "processed_tokens": 242483200, "train_loss": 4.243349075317383, "val_loss": null, "lr": 0.00012822459032472673, "batch_size": 128, "grad_accum_steps": 1, "context_length": 256, "cuda_max_memory_mb": 26822.3}
{"run_name": "owt_gpu", "step": 7450, "wall_clock_sec": 1509.098, "processed_tokens": 244121600, "train_loss": 4.168735504150391, "val_loss": null, "lr": 0.00012542504755976868, "batch_size": 128, "grad_accum_steps": 1, "context_length": 256, "cuda_max_memory_mb": 26822.3}
{"run_name": "owt_gpu", "step": 7500, "wall_clock_sec": 1519.471, "processed_tokens": 245760000, "train_loss": 4.184739589691162, "val_loss": 4.19461841583252, "lr": 0.0001226663970933111, "batch_size": 128, "grad_accum_steps": 1, "context_length": 256, "cuda_max_memory_mb": 26822.3}
{"run_name": "owt_gpu", "step": 7550, "wall_clock_sec": 1529.476, "processed_tokens": 247398400, "train_loss": 4.211599349975586, "val_loss": null, "lr": 0.00011994939311284664, "batch_size": 128, "grad_accum_steps": 1, "context_length": 256, "cuda_max_memory_mb": 26822.3}
{"run_name": "owt_gpu", "step": 7600, "wall_clock_sec": 1539.485, "processed_tokens": 249036800, "train_loss": 4.139307975769043, "val_loss": null, "lr": 0.00011727477842013445, "batch_size": 128, "grad_accum_steps": 1, "context_length": 256, "cuda_max_memory_mb": 26822.3}
{"run_name": "owt_gpu", "step": 7650, "wall_clock_sec": 1549.488, "processed_tokens": 250675200, "train_loss": 4.2217559814453125, "val_loss": null, "lr": 0.00011464328422812565, "batch_size": 128, "grad_accum_steps": 1, "context_length": 256, "cuda_max_memory_mb": 26822.3}
{"run_name": "owt_gpu", "step": 7700, "wall_clock_sec": 1559.491, "processed_tokens": 252313600, "train_loss": 4.213024139404297, "val_loss": null, "lr": 0.00011205562996105702, "batch_size": 128, "grad_accum_steps": 1, "context_length": 256, "cuda_max_memory_mb": 26822.3}
{"run_name": "owt_gpu", "step": 7750, "wall_clock_sec": 1569.504, "processed_tokens": 253952000, "train_loss": 4.132762432098389, "val_loss": null, "lr": 0.00010951252305776764, "batch_size": 128, "grad_accum_steps": 1, "context_length": 256, "cuda_max_memory_mb": 26822.3}
{"run_name": "owt_gpu", "step": 7800, "wall_clock_sec": 1579.507, "processed_tokens": 255590400, "train_loss": 4.145751953125, "val_loss": null, "lr": 0.00010701465877829205, "batch_size": 128, "grad_accum_steps": 1, "context_length": 256, "cuda_max_memory_mb": 26822.3}
{"run_name": "owt_gpu", "step": 7850, "wall_clock_sec": 1589.514, "processed_tokens": 257228800, "train_loss": 4.2190093994140625, "val_loss": null, "lr": 0.0001045627200137833, "batch_size": 128, "grad_accum_steps": 1, "context_length": 256, "cuda_max_memory_mb": 26822.3}
{"run_name": "owt_gpu", "step": 7900, "wall_clock_sec": 1599.523, "processed_tokens": 258867200, "train_loss": 4.165733337402344, "val_loss": null, "lr": 0.00010215737709981712, "batch_size": 128, "grad_accum_steps": 1, "context_length": 256, "cuda_max_memory_mb": 26822.3}
{"run_name": "owt_gpu", "step": 7950, "wall_clock_sec": 1609.536, "processed_tokens": 260505600, "train_loss": 4.181523323059082, "val_loss": null, "lr": 9.979928763312897e-05, "batch_size": 128, "grad_accum_steps": 1, "context_length": 256, "cuda_max_memory_mb": 26822.3}
{"run_name": "owt_gpu", "step": 8000, "wall_clock_sec": 1619.903, "processed_tokens": 262144000, "train_loss": 4.236605167388916, "val_loss": 4.1999924898147585, "lr": 9.748909629183369e-05, "batch_size": 128, "grad_accum_steps": 1, "context_length": 256, "cuda_max_memory_mb": 26822.3}
saved checkpoint to runs/owt_gpu/checkpoint.pt
{"run_name": "owt_gpu", "step": 8050, "wall_clock_sec": 1630.461, "processed_tokens": 263782400, "train_loss": 4.15608024597168, "val_loss": null, "lr": 9.522743465917686e-05, "batch_size": 128, "grad_accum_steps": 1, "context_length": 256, "cuda_max_memory_mb": 26822.3}
{"run_name": "owt_gpu", "step": 8100, "wall_clock_sec": 1640.462, "processed_tokens": 265420800, "train_loss": 4.257717609405518, "val_loss": null, "lr": 9.301492105086637e-05, "batch_size": 128, "grad_accum_steps": 1, "context_length": 256, "cuda_max_memory_mb": 26822.3}
{"run_name": "owt_gpu", "step": 8150, "wall_clock_sec": 1650.467, "processed_tokens": 267059200, "train_loss": 4.226477146148682, "val_loss": null, "lr": 9.085216034603082e-05, "batch_size": 128, "grad_accum_steps": 1, "context_length": 256, "cuda_max_memory_mb": 26822.3}
{"run_name": "owt_gpu", "step": 8200, "wall_clock_sec": 1660.468, "processed_tokens": 268697600, "train_loss": 4.202255725860596, "val_loss": null, "lr": 8.873974382185191e-05, "batch_size": 128, "grad_accum_steps": 1, "context_length": 256, "cuda_max_memory_mb": 26822.3}
{"run_name": "owt_gpu", "step": 8250, "wall_clock_sec": 1670.475, "processed_tokens": 270336000, "train_loss": 4.182706832885742, "val_loss": null, "lr": 8.667824899191499e-05, "batch_size": 128, "grad_accum_steps": 1, "context_length": 256, "cuda_max_memory_mb": 26822.3}
{"run_name": "owt_gpu", "step": 8300, "wall_clock_sec": 1680.479, "processed_tokens": 271974400, "train_loss": 4.198200225830078, "val_loss": null, "lr": 8.46682394483227e-05, "batch_size": 128, "grad_accum_steps": 1, "context_length": 256, "cuda_max_memory_mb": 26822.3}
{"run_name": "owt_gpu", "step": 8350, "wall_clock_sec": 1690.481, "processed_tokens": 273612800, "train_loss": 4.173470497131348, "val_loss": null, "lr": 8.271026470761442e-05, "batch_size": 128, "grad_accum_steps": 1, "context_length": 256, "cuda_max_memory_mb": 26822.3}
{"run_name": "owt_gpu", "step": 8400, "wall_clock_sec": 1700.482, "processed_tokens": 275251200, "train_loss": 4.161038875579834, "val_loss": null, "lr": 8.080486006053402e-05, "batch_size": 128, "grad_accum_steps": 1, "context_length": 256, "cuda_max_memory_mb": 26822.3}
{"run_name": "owt_gpu", "step": 8450, "wall_clock_sec": 1710.606, "processed_tokens": 276889600, "train_loss": 4.091763973236084, "val_loss": null, "lr": 7.895254642568669e-05, "batch_size": 128, "grad_accum_steps": 1, "context_length": 256, "cuda_max_memory_mb": 26822.3}
{"run_name": "owt_gpu", "step": 8500, "wall_clock_sec": 1720.964, "processed_tokens": 278528000, "train_loss": 4.251678466796875, "val_loss": 4.188764536380768, "lr": 7.715383020712487e-05, "batch_size": 128, "grad_accum_steps": 1, "context_length": 256, "cuda_max_memory_mb": 26822.3}
{"run_name": "owt_gpu", "step": 8550, "wall_clock_sec": 1731.095, "processed_tokens": 280166400, "train_loss": 4.192807674407959, "val_loss": null, "lr": 7.540920315590271e-05, "batch_size": 128, "grad_accum_steps": 1, "context_length": 256, "cuda_max_memory_mb": 26822.3}
{"run_name": "owt_gpu", "step": 8600, "wall_clock_sec": 1741.122, "processed_tokens": 281804800, "train_loss": 4.198909759521484, "val_loss": null, "lr": 7.3719142235636e-05, "batch_size": 128, "grad_accum_steps": 1, "context_length": 256, "cuda_max_memory_mb": 26822.3}
{"run_name": "owt_gpu", "step": 8650, "wall_clock_sec": 1751.127, "processed_tokens": 283443200, "train_loss": 4.190792560577393, "val_loss": null, "lr": 7.20841094921052e-05, "batch_size": 128, "grad_accum_steps": 1, "context_length": 256, "cuda_max_memory_mb": 26822.3}
{"run_name": "owt_gpu", "step": 8700, "wall_clock_sec": 1761.148, "processed_tokens": 285081600, "train_loss": 4.158565521240234, "val_loss": null, "lr": 7.050455192693672e-05, "batch_size": 128, "grad_accum_steps": 1, "context_length": 256, "cuda_max_memory_mb": 26822.3}
{"run_name": "owt_gpu", "step": 8750, "wall_clock_sec": 1771.168, "processed_tokens": 286720000, "train_loss": 4.207857131958008, "val_loss": null, "lr": 6.898090137539702e-05, "batch_size": 128, "grad_accum_steps": 1, "context_length": 256, "cuda_max_memory_mb": 26822.3}
{"run_name": "owt_gpu", "step": 8800, "wall_clock_sec": 1781.183, "processed_tokens": 288358400, "train_loss": 4.195979118347168, "val_loss": null, "lr": 6.75135743883334e-05, "batch_size": 128, "grad_accum_steps": 1, "context_length": 256, "cuda_max_memory_mb": 26822.3}
{"run_name": "owt_gpu", "step": 8850, "wall_clock_sec": 1791.184, "processed_tokens": 289996800, "train_loss": 4.156608581542969, "val_loss": null, "lr": 6.610297211829291e-05, "batch_size": 128, "grad_accum_steps": 1, "context_length": 256, "cuda_max_memory_mb": 26822.3}
{"run_name": "owt_gpu", "step": 8900, "wall_clock_sec": 1801.201, "processed_tokens": 291635200, "train_loss": 4.15125846862793, "val_loss": null, "lr": 6.474948020985144e-05, "batch_size": 128, "grad_accum_steps": 1, "context_length": 256, "cuda_max_memory_mb": 26822.3}
{"run_name": "owt_gpu", "step": 8950, "wall_clock_sec": 1811.206, "processed_tokens": 293273600, "train_loss": 4.165643692016602, "val_loss": null, "lr": 6.34534686941822e-05, "batch_size": 128, "grad_accum_steps": 1, "context_length": 256, "cuda_max_memory_mb": 26822.3}
{"run_name": "owt_gpu", "step": 9000, "wall_clock_sec": 1821.591, "processed_tokens": 294912000, "train_loss": 4.164141654968262, "val_loss": 4.144248056411743, "lr": 6.221529188789297e-05, "batch_size": 128, "grad_accum_steps": 1, "context_length": 256, "cuda_max_memory_mb": 26822.3}
saved checkpoint to runs/owt_gpu/checkpoint.pt
{"run_name": "owt_gpu", "step": 9050, "wall_clock_sec": 1832.558, "processed_tokens": 296550400, "train_loss": 4.171936988830566, "val_loss": null, "lr": 6.103528829615952e-05, "batch_size": 128, "grad_accum_steps": 1, "context_length": 256, "cuda_max_memory_mb": 26822.3}
{"run_name": "owt_gpu", "step": 9100, "wall_clock_sec": 1842.553, "processed_tokens": 298188800, "train_loss": 4.190847873687744, "val_loss": null, "lr": 5.9913780520181535e-05, "batch_size": 128, "grad_accum_steps": 1, "context_length": 256, "cuda_max_memory_mb": 26822.3}
{"run_name": "owt_gpu", "step": 9150, "wall_clock_sec": 1852.567, "processed_tokens": 299827200, "train_loss": 4.15855073928833, "val_loss": null, "lr": 5.885107516898677e-05, "batch_size": 128, "grad_accum_steps": 1, "context_length": 256, "cuda_max_memory_mb": 26822.3}
{"run_name": "owt_gpu", "step": 9200, "wall_clock_sec": 1862.569, "processed_tokens": 301465600, "train_loss": 4.179995536804199, "val_loss": null, "lr": 5.784746277560721e-05, "batch_size": 128, "grad_accum_steps": 1, "context_length": 256, "cuda_max_memory_mb": 26822.3}
{"run_name": "owt_gpu", "step": 9250, "wall_clock_sec": 1872.563, "processed_tokens": 303104000, "train_loss": 4.132173538208008, "val_loss": null, "lr": 5.69032177176502e-05, "batch_size": 128, "grad_accum_steps": 1, "context_length": 256, "cuda_max_memory_mb": 26822.3}
{"run_name": "owt_gpu", "step": 9300, "wall_clock_sec": 1882.565, "processed_tokens": 304742400, "train_loss": 4.140899658203125, "val_loss": null, "lr": 5.6018598142286336e-05, "batch_size": 128, "grad_accum_steps": 1, "context_length": 256, "cuda_max_memory_mb": 26822.3}
{"run_name": "owt_gpu", "step": 9350, "wall_clock_sec": 1892.568, "processed_tokens": 306380800, "train_loss": 4.134471893310547, "val_loss": null, "lr": 5.519384589567468e-05, "batch_size": 128, "grad_accum_steps": 1, "context_length": 256, "cuda_max_memory_mb": 26822.3}
{"run_name": "owt_gpu", "step": 9400, "wall_clock_sec": 1902.567, "processed_tokens": 308019200, "train_loss": 4.174407482147217, "val_loss": null, "lr": 5.442918645684433e-05, "batch_size": 128, "grad_accum_steps": 1, "context_length": 256, "cuda_max_memory_mb": 26822.3}
{"run_name": "owt_gpu", "step": 9450, "wall_clock_sec": 1912.567, "processed_tokens": 309657600, "train_loss": 4.167721748352051, "val_loss": null, "lr": 5.372482887605084e-05, "batch_size": 128, "grad_accum_steps": 1, "context_length": 256, "cuda_max_memory_mb": 26822.3}
{"run_name": "owt_gpu", "step": 9500, "wall_clock_sec": 1922.922, "processed_tokens": 311296000, "train_loss": 4.10286283493042, "val_loss": 4.147277534008026, "lr": 5.308096571762374e-05, "batch_size": 128, "grad_accum_steps": 1, "context_length": 256, "cuda_max_memory_mb": 26822.3}
{"run_name": "owt_gpu", "step": 9550, "wall_clock_sec": 1932.922, "processed_tokens": 312934400, "train_loss": 4.207167625427246, "val_loss": null, "lr": 5.2497773007321675e-05, "batch_size": 128, "grad_accum_steps": 1, "context_length": 256, "cuda_max_memory_mb": 26822.3}
{"run_name": "owt_gpu", "step": 9600, "wall_clock_sec": 1942.922, "processed_tokens": 314572800, "train_loss": 4.0771636962890625, "val_loss": null, "lr": 5.19754101842085e-05, "batch_size": 128, "grad_accum_steps": 1, "context_length": 256, "cuda_max_memory_mb": 26822.3}
{"run_name": "owt_gpu", "step": 9650, "wall_clock_sec": 1952.923, "processed_tokens": 316211200, "train_loss": 4.151789665222168, "val_loss": null, "lr": 5.151402005706426e-05, "batch_size": 128, "grad_accum_steps": 1, "context_length": 256, "cuda_max_memory_mb": 26822.3}
{"run_name": "owt_gpu", "step": 9700, "wall_clock_sec": 1962.929, "processed_tokens": 317849600, "train_loss": 4.164946556091309, "val_loss": null, "lr": 5.1113728765342794e-05, "batch_size": 128, "grad_accum_steps": 1, "context_length": 256, "cuda_max_memory_mb": 26822.3}
{"run_name": "owt_gpu", "step": 9750, "wall_clock_sec": 1972.924, "processed_tokens": 319488000, "train_loss": 4.132438659667969, "val_loss": null, "lr": 5.077464574468635e-05, "batch_size": 128, "grad_accum_steps": 1, "context_length": 256, "cuda_max_memory_mb": 26822.3}
{"run_name": "owt_gpu", "step": 9800, "wall_clock_sec": 1982.924, "processed_tokens": 321126400, "train_loss": 4.118960857391357, "val_loss": null, "lr": 5.049686369700707e-05, "batch_size": 128, "grad_accum_steps": 1, "context_length": 256, "cuda_max_memory_mb": 26822.3}
{"run_name": "owt_gpu", "step": 9850, "wall_clock_sec": 1992.916, "processed_tokens": 322764800, "train_loss": 4.2065348625183105, "val_loss": null, "lr": 5.0280458565143146e-05, "batch_size": 128, "grad_accum_steps": 1, "context_length": 256, "cuda_max_memory_mb": 26822.3}
{"run_name": "owt_gpu", "step": 9900, "wall_clock_sec": 2002.909, "processed_tokens": 324403200, "train_loss": 4.142818450927734, "val_loss": null, "lr": 5.012548951209685e-05, "batch_size": 128, "grad_accum_steps": 1, "context_length": 256, "cuda_max_memory_mb": 26822.3}
{"run_name": "owt_gpu", "step": 9950, "wall_clock_sec": 2012.92, "processed_tokens": 326041600, "train_loss": 4.1212873458862305, "val_loss": null, "lr": 5.0031998904859906e-05, "batch_size": 128, "grad_accum_steps": 1, "context_length": 256, "cuda_max_memory_mb": 26822.3}
{"run_name": "owt_gpu", "step": 10000, "wall_clock_sec": 2023.271, "processed_tokens": 327680000, "train_loss": 4.212361812591553, "val_loss": 4.136740517616272, "lr": 5.0000012302830855e-05, "batch_size": 128, "grad_accum_steps": 1, "context_length": 256, "cuda_max_memory_mb": 26822.3}
saved checkpoint to runs/owt_gpu/checkpoint.pt
saved final checkpoint to runs/owt_gpu/checkpoint.pt
