nohup: ignoring input
{"run_name": "tinystories_gpu", "step": 1, "wall_clock_sec": 0.662, "processed_tokens": 32768, "train_loss": 9.255972862243652, "val_loss": null, "lr": 0.0, "batch_size": 128, "grad_accum_steps": 1, "context_length": 256, "cuda_max_memory_mb": 15355.14}
{"run_name": "tinystories_gpu", "step": 50, "wall_clock_sec": 8.859, "processed_tokens": 1638400, "train_loss": 7.921215534210205, "val_loss": null, "lr": 4.9000000000000005e-05, "batch_size": 128, "grad_accum_steps": 1, "context_length": 256, "cuda_max_memory_mb": 15562.68}
{"run_name": "tinystories_gpu", "step": 100, "wall_clock_sec": 16.119, "processed_tokens": 3276800, "train_loss": 5.718091011047363, "val_loss": null, "lr": 9.900000000000001e-05, "batch_size": 128, "grad_accum_steps": 1, "context_length": 256, "cuda_max_memory_mb": 15563.33}
{"run_name": "tinystories_gpu", "step": 150, "wall_clock_sec": 23.306, "processed_tokens": 4915200, "train_loss": 4.23160457611084, "val_loss": null, "lr": 0.000149, "batch_size": 128, "grad_accum_steps": 1, "context_length": 256, "cuda_max_memory_mb": 15563.33}
{"run_name": "tinystories_gpu", "step": 200, "wall_clock_sec": 30.488, "processed_tokens": 6553600, "train_loss": 3.6515707969665527, "val_loss": null, "lr": 0.000199, "batch_size": 128, "grad_accum_steps": 1, "context_length": 256, "cuda_max_memory_mb": 15563.33}
{"run_name": "tinystories_gpu", "step": 250, "wall_clock_sec": 37.67, "processed_tokens": 8192000, "train_loss": 3.308988571166992, "val_loss": null, "lr": 0.000249, "batch_size": 128, "grad_accum_steps": 1, "context_length": 256, "cuda_max_memory_mb": 15563.33}
{"run_name": "tinystories_gpu", "step": 300, "wall_clock_sec": 44.846, "processed_tokens": 9830400, "train_loss": 3.0908751487731934, "val_loss": null, "lr": 0.000299, "batch_size": 128, "grad_accum_steps": 1, "context_length": 256, "cuda_max_memory_mb": 15563.33}
{"run_name": "tinystories_gpu", "step": 350, "wall_clock_sec": 51.995, "processed_tokens": 11468800, "train_loss": 2.851712703704834, "val_loss": null, "lr": 0.00034899999999999997, "batch_size": 128, "grad_accum_steps": 1, "context_length": 256, "cuda_max_memory_mb": 15563.33}
{"run_name": "tinystories_gpu", "step": 400, "wall_clock_sec": 59.144, "processed_tokens": 13107200, "train_loss": 2.7211787700653076, "val_loss": null, "lr": 0.00039900000000000005, "batch_size": 128, "grad_accum_steps": 1, "context_length": 256, "cuda_max_memory_mb": 15563.33}
{"run_name": "tinystories_gpu", "step": 450, "wall_clock_sec": 66.292, "processed_tokens": 14745600, "train_loss": 2.621109962463379, "val_loss": null, "lr": 0.000449, "batch_size": 128, "grad_accum_steps": 1, "context_length": 256, "cuda_max_memory_mb": 15563.33}
{"run_name": "tinystories_gpu", "step": 500, "wall_clock_sec": 73.699, "processed_tokens": 16384000, "train_loss": 2.487337589263916, "val_loss": 2.555903100967407, "lr": 0.000499, "batch_size": 128, "grad_accum_steps": 1, "context_length": 256, "cuda_max_memory_mb": 15563.33}
{"run_name": "tinystories_gpu", "step": 550, "wall_clock_sec": 80.874, "processed_tokens": 18022400, "train_loss": 2.485088348388672, "val_loss": null, "lr": 0.0004999704615491727, "batch_size": 128, "grad_accum_steps": 1, "context_length": 256, "cuda_max_memory_mb": 15563.33}
{"run_name": "tinystories_gpu", "step": 600, "wall_clock_sec": 88.055, "processed_tokens": 19660800, "train_loss": 2.3461647033691406, "val_loss": null, "lr": 0.0004998794307233048, "batch_size": 128, "grad_accum_steps": 1, "context_length": 256, "cuda_max_memory_mb": 15563.33}
{"run_name": "tinystories_gpu", "step": 650, "wall_clock_sec": 95.198, "processed_tokens": 21299200, "train_loss": 2.3332667350769043, "val_loss": null, "lr": 0.0004997269201064843, "batch_size": 128, "grad_accum_steps": 1, "context_length": 256, "cuda_max_memory_mb": 15563.33}
{"run_name": "tinystories_gpu", "step": 700, "wall_clock_sec": 102.346, "processed_tokens": 22937600, "train_loss": 2.251081943511963, "val_loss": null, "lr": 0.000499512971393591, "batch_size": 128, "grad_accum_steps": 1, "context_length": 256, "cuda_max_memory_mb": 15563.33}
{"run_name": "tinystories_gpu", "step": 750, "wall_clock_sec": 109.485, "processed_tokens": 24576000, "train_loss": 2.2281205654144287, "val_loss": null, "lr": 0.0004992376430760669, "batch_size": 128, "grad_accum_steps": 1, "context_length": 256, "cuda_max_memory_mb": 15563.33}
{"run_name": "tinystories_gpu", "step": 800, "wall_clock_sec": 116.635, "processed_tokens": 26214400, "train_loss": 2.186061382293701, "val_loss": null, "lr": 0.0004989010104259246, "batch_size": 128, "grad_accum_steps": 1, "context_length": 256, "cuda_max_memory_mb": 15563.33}
{"run_name": "tinystories_gpu", "step": 850, "wall_clock_sec": 123.785, "processed_tokens": 27852800, "train_loss": 2.111603260040283, "val_loss": null, "lr": 0.0004985031654751697, "batch_size": 128, "grad_accum_steps": 1, "context_length": 256, "cuda_max_memory_mb": 15563.33}
{"run_name": "tinystories_gpu", "step": 900, "wall_clock_sec": 130.937, "processed_tokens": 29491200, "train_loss": 2.1575188636779785, "val_loss": null, "lr": 0.000498044216990639, "batch_size": 128, "grad_accum_steps": 1, "context_length": 256, "cuda_max_memory_mb": 15563.33}
{"run_name": "tinystories_gpu", "step": 950, "wall_clock_sec": 138.086, "processed_tokens": 31129600, "train_loss": 2.0673422813415527, "val_loss": null, "lr": 0.0004975242904442657, "batch_size": 128, "grad_accum_steps": 1, "context_length": 256, "cuda_max_memory_mb": 15563.33}
{"run_name": "tinystories_gpu", "step": 1000, "wall_clock_sec": 145.493, "processed_tokens": 32768000, "train_loss": 2.077421188354492, "val_loss": 2.022207647562027, "lr": 0.0004969435279787763, "batch_size": 128, "grad_accum_steps": 1, "context_length": 256, "cuda_max_memory_mb": 15563.33}
saved checkpoint to runs/tinystories_gpu/checkpoint.pt
{"run_name": "tinystories_gpu", "step": 1050, "wall_clock_sec": 152.891, "processed_tokens": 34406400, "train_loss": 2.0304675102233887, "val_loss": null, "lr": 0.0004963020883688297, "batch_size": 128, "grad_accum_steps": 1, "context_length": 256, "cuda_max_memory_mb": 15563.68}
{"run_name": "tinystories_gpu", "step": 1100, "wall_clock_sec": 160.058, "processed_tokens": 36044800, "train_loss": 2.032665729522705, "val_loss": null, "lr": 0.0004956001469776108, "batch_size": 128, "grad_accum_steps": 1, "context_length": 256, "cuda_max_memory_mb": 15563.68}
{"run_name": "tinystories_gpu", "step": 1150, "wall_clock_sec": 167.232, "processed_tokens": 37683200, "train_loss": 1.9348816871643066, "val_loss": null, "lr": 0.0004948378957088869, "batch_size": 128, "grad_accum_steps": 1, "context_length": 256, "cuda_max_memory_mb": 15563.68}
{"run_name": "tinystories_gpu", "step": 1200, "wall_clock_sec": 174.414, "processed_tokens": 39321600, "train_loss": 1.9325594902038574, "val_loss": null, "lr": 0.000494015542954544, "batch_size": 128, "grad_accum_steps": 1, "context_length": 256, "cuda_max_memory_mb": 15563.68}
{"run_name": "tinystories_gpu", "step": 1250, "wall_clock_sec": 181.563, "processed_tokens": 40960000, "train_loss": 1.9410932064056396, "val_loss": null, "lr": 0.0004931333135376138, "batch_size": 128, "grad_accum_steps": 1, "context_length": 256, "cuda_max_memory_mb": 15563.68}
{"run_name": "tinystories_gpu", "step": 1300, "wall_clock_sec": 188.713, "processed_tokens": 42598400, "train_loss": 1.945459246635437, "val_loss": null, "lr": 0.0004921914486508102, "batch_size": 128, "grad_accum_steps": 1, "context_length": 256, "cuda_max_memory_mb": 15563.68}
{"run_name": "tinystories_gpu", "step": 1350, "wall_clock_sec": 195.873, "processed_tokens": 44236800, "train_loss": 1.9095587730407715, "val_loss": null, "lr": 0.0004911902057905885, "batch_size": 128, "grad_accum_steps": 1, "context_length": 256, "cuda_max_memory_mb": 15563.68}
{"run_name": "tinystories_gpu", "step": 1400, "wall_clock_sec": 203.031, "processed_tokens": 45875200, "train_loss": 1.857311487197876, "val_loss": null, "lr": 0.0004901298586867494, "batch_size": 128, "grad_accum_steps": 1, "context_length": 256, "cuda_max_memory_mb": 15563.68}
{"run_name": "tinystories_gpu", "step": 1450, "wall_clock_sec": 210.17, "processed_tokens": 47513600, "train_loss": 1.8916950225830078, "val_loss": null, "lr": 0.0004890106972276037, "batch_size": 128, "grad_accum_steps": 1, "context_length": 256, "cuda_max_memory_mb": 15563.68}
{"run_name": "tinystories_gpu", "step": 1500, "wall_clock_sec": 217.571, "processed_tokens": 49152000, "train_loss": 1.850500464439392, "val_loss": 1.836611032485962, "lr": 0.0004878330273807195, "batch_size": 128, "grad_accum_steps": 1, "context_length": 256, "cuda_max_memory_mb": 15563.68}
{"run_name": "tinystories_gpu", "step": 1550, "wall_clock_sec": 224.719, "processed_tokens": 50790400, "train_loss": 1.8051068782806396, "val_loss": null, "lr": 0.000486597171109274, "batch_size": 128, "grad_accum_steps": 1, "context_length": 256, "cuda_max_memory_mb": 15563.68}
{"run_name": "tinystories_gpu", "step": 1600, "wall_clock_sec": 231.862, "processed_tokens": 52428800, "train_loss": 1.834115982055664, "val_loss": null, "lr": 0.00048530346628403176, "batch_size": 128, "grad_accum_steps": 1, "context_length": 256, "cuda_max_memory_mb": 15563.68}
{"run_name": "tinystories_gpu", "step": 1650, "wall_clock_sec": 239.014, "processed_tokens": 54067200, "train_loss": 1.7660024166107178, "val_loss": null, "lr": 0.0004839522665909746, "batch_size": 128, "grad_accum_steps": 1, "context_length": 256, "cuda_max_memory_mb": 15563.68}
{"run_name": "tinystories_gpu", "step": 1700, "wall_clock_sec": 246.157, "processed_tokens": 55705600, "train_loss": 1.7762229442596436, "val_loss": null, "lr": 0.0004825439414346068, "batch_size": 128, "grad_accum_steps": 1, "context_length": 256, "cuda_max_memory_mb": 15563.68}
{"run_name": "tinystories_gpu", "step": 1750, "wall_clock_sec": 253.301, "processed_tokens": 57344000, "train_loss": 1.8940147161483765, "val_loss": null, "lr": 0.0004810788758369642, "batch_size": 128, "grad_accum_steps": 1, "context_length": 256, "cuda_max_memory_mb": 15563.68}
{"run_name": "tinystories_gpu", "step": 1800, "wall_clock_sec": 260.442, "processed_tokens": 58982400, "train_loss": 1.7887413501739502, "val_loss": null, "lr": 0.0004795574703323525, "batch_size": 128, "grad_accum_steps": 1, "context_length": 256, "cuda_max_memory_mb": 15563.68}
{"run_name": "tinystories_gpu", "step": 1850, "wall_clock_sec": 267.591, "processed_tokens": 60620800, "train_loss": 1.784648060798645, "val_loss": null, "lr": 0.00047798014085784565, "batch_size": 128, "grad_accum_steps": 1, "context_length": 256, "cuda_max_memory_mb": 15563.68}
{"run_name": "tinystories_gpu", "step": 1900, "wall_clock_sec": 274.729, "processed_tokens": 62259200, "train_loss": 1.7150168418884277, "val_loss": null, "lr": 0.00047634731863957237, "batch_size": 128, "grad_accum_steps": 1, "context_length": 256, "cuda_max_memory_mb": 15563.68}
{"run_name": "tinystories_gpu", "step": 1950, "wall_clock_sec": 281.865, "processed_tokens": 63897600, "train_loss": 1.8414900302886963, "val_loss": null, "lr": 0.0004746594500748235, "batch_size": 128, "grad_accum_steps": 1, "context_length": 256, "cuda_max_memory_mb": 15563.68}
{"run_name": "tinystories_gpu", "step": 2000, "wall_clock_sec": 289.267, "processed_tokens": 65536000, "train_loss": 1.764377236366272, "val_loss": 1.7814804136753082, "lr": 0.00047291699661001135, "batch_size": 128, "grad_accum_steps": 1, "context_length": 256, "cuda_max_memory_mb": 15563.68}
saved checkpoint to runs/tinystories_gpu/checkpoint.pt
{"run_name": "tinystories_gpu", "step": 2050, "wall_clock_sec": 296.686, "processed_tokens": 67174400, "train_loss": 1.7908906936645508, "val_loss": null, "lr": 0.00047112043461451495, "batch_size": 128, "grad_accum_steps": 1, "context_length": 256, "cuda_max_memory_mb": 15563.68}
{"run_name": "tinystories_gpu", "step": 2100, "wall_clock_sec": 303.847, "processed_tokens": 68812800, "train_loss": 1.7364894151687622, "val_loss": null, "lr": 0.00046927025525044533, "batch_size": 128, "grad_accum_steps": 1, "context_length": 256, "cuda_max_memory_mb": 15563.68}
{"run_name": "tinystories_gpu", "step": 2150, "wall_clock_sec": 310.984, "processed_tokens": 70451200, "train_loss": 1.7186908721923828, "val_loss": null, "lr": 0.0004673669643383667, "batch_size": 128, "grad_accum_steps": 1, "context_length": 256, "cuda_max_memory_mb": 15563.68}
{"run_name": "tinystories_gpu", "step": 2200, "wall_clock_sec": 318.126, "processed_tokens": 72089600, "train_loss": 1.7195584774017334, "val_loss": null, "lr": 0.00046541108221901013, "batch_size": 128, "grad_accum_steps": 1, "context_length": 256, "cuda_max_memory_mb": 15563.68}
{"run_name": "tinystories_gpu", "step": 2250, "wall_clock_sec": 325.262, "processed_tokens": 73728000, "train_loss": 1.7696077823638916, "val_loss": null, "lr": 0.00046340314361101764, "batch_size": 128, "grad_accum_steps": 1, "context_length": 256, "cuda_max_memory_mb": 15563.68}
{"run_name": "tinystories_gpu", "step": 2300, "wall_clock_sec": 332.401, "processed_tokens": 75366400, "train_loss": 1.7768845558166504, "val_loss": null, "lr": 0.0004613436974647557, "batch_size": 128, "grad_accum_steps": 1, "context_length": 256, "cuda_max_memory_mb": 15563.68}
{"run_name": "tinystories_gpu", "step": 2350, "wall_clock_sec": 339.545, "processed_tokens": 77004800, "train_loss": 1.7268882989883423, "val_loss": null, "lr": 0.00045923330681223716, "batch_size": 128, "grad_accum_steps": 1, "context_length": 256, "cuda_max_memory_mb": 15563.68}
{"run_name": "tinystories_gpu", "step": 2400, "wall_clock_sec": 346.683, "processed_tokens": 78643200, "train_loss": 1.734915018081665, "val_loss": null, "lr": 0.00045707254861319425, "batch_size": 128, "grad_accum_steps": 1, "context_length": 256, "cuda_max_memory_mb": 15563.68}
{"run_name": "tinystories_gpu", "step": 2450, "wall_clock_sec": 353.829, "processed_tokens": 80281600, "train_loss": 1.6767578125, "val_loss": null, "lr": 0.0004548620135973435, "batch_size": 128, "grad_accum_steps": 1, "context_length": 256, "cuda_max_memory_mb": 15563.68}
{"run_name": "tinystories_gpu", "step": 2500, "wall_clock_sec": 361.234, "processed_tokens": 81920000, "train_loss": 1.7101056575775146, "val_loss": 1.7367870450019836, "lr": 0.0004526023061028864, "batch_size": 128, "grad_accum_steps": 1, "context_length": 256, "cuda_max_memory_mb": 15563.68}
{"run_name": "tinystories_gpu", "step": 2550, "wall_clock_sec": 368.382, "processed_tokens": 83558400, "train_loss": 1.6730070114135742, "val_loss": null, "lr": 0.00045029404391128873, "batch_size": 128, "grad_accum_steps": 1, "context_length": 256, "cuda_max_memory_mb": 15563.68}
{"run_name": "tinystories_gpu", "step": 2600, "wall_clock_sec": 375.525, "processed_tokens": 85196800, "train_loss": 1.700988531112671, "val_loss": null, "lr": 0.0004479378580783859, "batch_size": 128, "grad_accum_steps": 1, "context_length": 256, "cuda_max_memory_mb": 15563.68}
{"run_name": "tinystories_gpu", "step": 2650, "wall_clock_sec": 382.667, "processed_tokens": 86835200, "train_loss": 1.71187424659729, "val_loss": null, "lr": 0.0004455343927618581, "batch_size": 128, "grad_accum_steps": 1, "context_length": 256, "cuda_max_memory_mb": 15563.68}
{"run_name": "tinystories_gpu", "step": 2700, "wall_clock_sec": 389.81, "processed_tokens": 88473600, "train_loss": 1.6718575954437256, "val_loss": null, "lr": 0.0004430843050451247, "batch_size": 128, "grad_accum_steps": 1, "context_length": 256, "cuda_max_memory_mb": 15563.68}
{"run_name": "tinystories_gpu", "step": 2750, "wall_clock_sec": 396.949, "processed_tokens": 90112000, "train_loss": 1.664806604385376, "val_loss": null, "lr": 0.0004405882647577032, "batch_size": 128, "grad_accum_steps": 1, "context_length": 256, "cuda_max_memory_mb": 15563.68}
{"run_name": "tinystories_gpu", "step": 2800, "wall_clock_sec": 404.084, "processed_tokens": 91750400, "train_loss": 1.6626462936401367, "val_loss": null, "lr": 0.0004380469542920855, "batch_size": 128, "grad_accum_steps": 1, "context_length": 256, "cuda_max_memory_mb": 15563.68}
{"run_name": "tinystories_gpu", "step": 2850, "wall_clock_sec": 411.217, "processed_tokens": 93388800, "train_loss": 1.6391559839248657, "val_loss": null, "lr": 0.0004354610684171781, "batch_size": 128, "grad_accum_steps": 1, "context_length": 256, "cuda_max_memory_mb": 15563.68}
{"run_name": "tinystories_gpu", "step": 2900, "wall_clock_sec": 418.361, "processed_tokens": 95027200, "train_loss": 1.648494839668274, "val_loss": null, "lr": 0.0004328313140883592, "batch_size": 128, "grad_accum_steps": 1, "context_length": 256, "cuda_max_memory_mb": 15563.68}
{"run_name": "tinystories_gpu", "step": 2950, "wall_clock_sec": 425.496, "processed_tokens": 96665600, "train_loss": 1.657484769821167, "val_loss": null, "lr": 0.0004301584102542045, "batch_size": 128, "grad_accum_steps": 1, "context_length": 256, "cuda_max_memory_mb": 15563.68}
{"run_name": "tinystories_gpu", "step": 3000, "wall_clock_sec": 432.888, "processed_tokens": 98304000, "train_loss": 1.6390048265457153, "val_loss": 1.6614435315132141, "lr": 0.0004274430876599333, "batch_size": 128, "grad_accum_steps": 1, "context_length": 256, "cuda_max_memory_mb": 15563.68}
saved checkpoint to runs/tinystories_gpu/checkpoint.pt
{"run_name": "tinystories_gpu", "step": 3050, "wall_clock_sec": 440.274, "processed_tokens": 99942400, "train_loss": 1.6653233766555786, "val_loss": null, "lr": 0.00042468608864763065, "batch_size": 128, "grad_accum_steps": 1, "context_length": 256, "cuda_max_memory_mb": 15563.68}
{"run_name": "tinystories_gpu", "step": 3100, "wall_clock_sec": 447.423, "processed_tokens": 101580800, "train_loss": 1.6516752243041992, "val_loss": null, "lr": 0.0004218881669532981, "batch_size": 128, "grad_accum_steps": 1, "context_length": 256, "cuda_max_memory_mb": 15563.68}
{"run_name": "tinystories_gpu", "step": 3150, "wall_clock_sec": 454.573, "processed_tokens": 103219200, "train_loss": 1.6621897220611572, "val_loss": null, "lr": 0.00041905008750078973, "batch_size": 128, "grad_accum_steps": 1, "context_length": 256, "cuda_max_memory_mb": 15563.68}
{"run_name": "tinystories_gpu", "step": 3200, "wall_clock_sec": 461.719, "processed_tokens": 104857600, "train_loss": 1.663732886314392, "val_loss": null, "lr": 0.0004161726261926898, "batch_size": 128, "grad_accum_steps": 1, "context_length": 256, "cuda_max_memory_mb": 15563.68}
{"run_name": "tinystories_gpu", "step": 3250, "wall_clock_sec": 468.866, "processed_tokens": 106496000, "train_loss": 1.6519558429718018, "val_loss": null, "lr": 0.00041325656969818877, "batch_size": 128, "grad_accum_steps": 1, "context_length": 256, "cuda_max_memory_mb": 15563.68}
{"run_name": "tinystories_gpu", "step": 3300, "wall_clock_sec": 476.01, "processed_tokens": 108134400, "train_loss": 1.6467082500457764, "val_loss": null, "lr": 0.00041030271523801544, "batch_size": 128, "grad_accum_steps": 1, "context_length": 256, "cuda_max_memory_mb": 15563.68}
{"run_name": "tinystories_gpu", "step": 3350, "wall_clock_sec": 483.159, "processed_tokens": 109772800, "train_loss": 1.6522455215454102, "val_loss": null, "lr": 0.0004073118703664853, "batch_size": 128, "grad_accum_steps": 1, "context_length": 256, "cuda_max_memory_mb": 15563.68}
{"run_name": "tinystories_gpu", "step": 3400, "wall_clock_sec": 490.31, "processed_tokens": 111411200, "train_loss": 1.6618027687072754, "val_loss": null, "lr": 0.0004042848527507227, "batch_size": 128, "grad_accum_steps": 1, "context_length": 256, "cuda_max_memory_mb": 15563.68}
{"run_name": "tinystories_gpu", "step": 3450, "wall_clock_sec": 497.45, "processed_tokens": 113049600, "train_loss": 1.6463603973388672, "val_loss": null, "lr": 0.00040122248994711935, "batch_size": 128, "grad_accum_steps": 1, "context_length": 256, "cuda_max_memory_mb": 15563.68}
{"run_name": "tinystories_gpu", "step": 3500, "wall_clock_sec": 504.853, "processed_tokens": 114688000, "train_loss": 1.6446853876113892, "val_loss": 1.6266167640686036, "lr": 0.0003981256191750882, "batch_size": 128, "grad_accum_steps": 1, "context_length": 256, "cuda_max_memory_mb": 15563.68}
{"run_name": "tinystories_gpu", "step": 3550, "wall_clock_sec": 511.992, "processed_tokens": 116326400, "train_loss": 1.5789544582366943, "val_loss": null, "lr": 0.0003949950870881761, "batch_size": 128, "grad_accum_steps": 1, "context_length": 256, "cuda_max_memory_mb": 15563.68}
{"run_name": "tinystories_gpu", "step": 3600, "wall_clock_sec": 519.138, "processed_tokens": 117964800, "train_loss": 1.6092438697814941, "val_loss": null, "lr": 0.0003918317495425978, "batch_size": 128, "grad_accum_steps": 1, "context_length": 256, "cuda_max_memory_mb": 15563.68}
{"run_name": "tinystories_gpu", "step": 3650, "wall_clock_sec": 526.278, "processed_tokens": 119603200, "train_loss": 1.5925637483596802, "val_loss": null, "lr": 0.0003886364713632522, "batch_size": 128, "grad_accum_steps": 1, "context_length": 256, "cuda_max_memory_mb": 15563.68}
{"run_name": "tinystories_gpu", "step": 3700, "wall_clock_sec": 533.423, "processed_tokens": 121241600, "train_loss": 1.6173927783966064, "val_loss": null, "lr": 0.000385410126107289, "batch_size": 128, "grad_accum_steps": 1, "context_length": 256, "cuda_max_memory_mb": 15563.68}
{"run_name": "tinystories_gpu", "step": 3750, "wall_clock_sec": 540.567, "processed_tokens": 122880000, "train_loss": 1.6501679420471191, "val_loss": null, "lr": 0.00038215359582528634, "batch_size": 128, "grad_accum_steps": 1, "context_length": 256, "cuda_max_memory_mb": 15563.68}
{"run_name": "tinystories_gpu", "step": 3800, "wall_clock_sec": 547.718, "processed_tokens": 124518400, "train_loss": 1.5410130023956299, "val_loss": null, "lr": 0.000378867770820107, "batch_size": 128, "grad_accum_steps": 1, "context_length": 256, "cuda_max_memory_mb": 15563.68}
{"run_name": "tinystories_gpu", "step": 3850, "wall_clock_sec": 554.862, "processed_tokens": 126156800, "train_loss": 1.6274763345718384, "val_loss": null, "lr": 0.0003755535494034987, "batch_size": 128, "grad_accum_steps": 1, "context_length": 256, "cuda_max_memory_mb": 15563.68}
{"run_name": "tinystories_gpu", "step": 3900, "wall_clock_sec": 562.001, "processed_tokens": 127795200, "train_loss": 1.5919580459594727, "val_loss": null, "lr": 0.0003722118376505045, "batch_size": 128, "grad_accum_steps": 1, "context_length": 256, "cuda_max_memory_mb": 15563.68}
{"run_name": "tinystories_gpu", "step": 3950, "wall_clock_sec": 569.149, "processed_tokens": 129433600, "train_loss": 1.6130259037017822, "val_loss": null, "lr": 0.0003688435491517508, "batch_size": 128, "grad_accum_steps": 1, "context_length": 256, "cuda_max_memory_mb": 15563.68}
{"run_name": "tinystories_gpu", "step": 4000, "wall_clock_sec": 576.547, "processed_tokens": 131072000, "train_loss": 1.5812861919403076, "val_loss": 1.604679560661316, "lr": 0.00036544960476368103, "batch_size": 128, "grad_accum_steps": 1, "context_length": 256, "cuda_max_memory_mb": 15563.68}
saved checkpoint to runs/tinystories_gpu/checkpoint.pt
{"run_name": "tinystories_gpu", "step": 4050, "wall_clock_sec": 583.931, "processed_tokens": 132710400, "train_loss": 1.6285312175750732, "val_loss": null, "lr": 0.00036203093235680255, "batch_size": 128, "grad_accum_steps": 1, "context_length": 256, "cuda_max_memory_mb": 15563.68}
{"run_name": "tinystories_gpu", "step": 4100, "wall_clock_sec": 591.072, "processed_tokens": 134348800, "train_loss": 1.5863170623779297, "val_loss": null, "lr": 0.0003585884665620162, "batch_size": 128, "grad_accum_steps": 1, "context_length": 256, "cuda_max_memory_mb": 15563.68}
{"run_name": "tinystories_gpu", "step": 4150, "wall_clock_sec": 598.224, "processed_tokens": 135987200, "train_loss": 1.6170518398284912, "val_loss": null, "lr": 0.00035512314851509735, "batch_size": 128, "grad_accum_steps": 1, "context_length": 256, "cuda_max_memory_mb": 15563.68}
{"run_name": "tinystories_gpu", "step": 4200, "wall_clock_sec": 605.37, "processed_tokens": 137625600, "train_loss": 1.567855954170227, "val_loss": null, "lr": 0.0003516359255993992, "batch_size": 128, "grad_accum_steps": 1, "context_length": 256, "cuda_max_memory_mb": 15563.68}
{"run_name": "tinystories_gpu", "step": 4250, "wall_clock_sec": 612.499, "processed_tokens": 139264000, "train_loss": 1.549202561378479, "val_loss": null, "lr": 0.00034812775118684715, "batch_size": 128, "grad_accum_steps": 1, "context_length": 256, "cuda_max_memory_mb": 15563.68}
{"run_name": "tinystories_gpu", "step": 4300, "wall_clock_sec": 619.641, "processed_tokens": 140902400, "train_loss": 1.5403238534927368, "val_loss": null, "lr": 0.0003445995843772967, "batch_size": 128, "grad_accum_steps": 1, "context_length": 256, "cuda_max_memory_mb": 15563.68}
{"run_name": "tinystories_gpu", "step": 4350, "wall_clock_sec": 626.784, "processed_tokens": 142540800, "train_loss": 1.5340847969055176, "val_loss": null, "lr": 0.0003410523897363249, "batch_size": 128, "grad_accum_steps": 1, "context_length": 256, "cuda_max_memory_mb": 15563.68}
{"run_name": "tinystories_gpu", "step": 4400, "wall_clock_sec": 633.934, "processed_tokens": 144179200, "train_loss": 1.5410587787628174, "val_loss": null, "lr": 0.00033748713703152835, "batch_size": 128, "grad_accum_steps": 1, "context_length": 256, "cuda_max_memory_mb": 15563.68}
{"run_name": "tinystories_gpu", "step": 4450, "wall_clock_sec": 641.066, "processed_tokens": 145817600, "train_loss": 1.5931776762008667, "val_loss": null, "lr": 0.00033390480096739744, "batch_size": 128, "grad_accum_steps": 1, "context_length": 256, "cuda_max_memory_mb": 15563.68}
{"run_name": "tinystories_gpu", "step": 4500, "wall_clock_sec": 648.462, "processed_tokens": 147456000, "train_loss": 1.601945161819458, "val_loss": 1.5727630794048308, "lr": 0.0003303063609188428, "batch_size": 128, "grad_accum_steps": 1, "context_length": 256, "cuda_max_memory_mb": 15563.68}
{"run_name": "tinystories_gpu", "step": 4550, "wall_clock_sec": 655.606, "processed_tokens": 149094400, "train_loss": 1.5135152339935303, "val_loss": null, "lr": 0.0003266928006634437, "batch_size": 128, "grad_accum_steps": 1, "context_length": 256, "cuda_max_memory_mb": 15563.68}
{"run_name": "tinystories_gpu", "step": 4600, "wall_clock_sec": 662.75, "processed_tokens": 150732800, "train_loss": 1.5672156810760498, "val_loss": null, "lr": 0.00032306510811249247, "batch_size": 128, "grad_accum_steps": 1, "context_length": 256, "cuda_max_memory_mb": 15563.68}
{"run_name": "tinystories_gpu", "step": 4650, "wall_clock_sec": 669.891, "processed_tokens": 152371200, "train_loss": 1.5678428411483765, "val_loss": null, "lr": 0.0003194242750409105, "batch_size": 128, "grad_accum_steps": 1, "context_length": 256, "cuda_max_memory_mb": 15563.68}
{"run_name": "tinystories_gpu", "step": 4700, "wall_clock_sec": 677.029, "processed_tokens": 154009600, "train_loss": 1.535318374633789, "val_loss": null, "lr": 0.00031577129681610594, "batch_size": 128, "grad_accum_steps": 1, "context_length": 256, "cuda_max_memory_mb": 15563.68}
{"run_name": "tinystories_gpu", "step": 4750, "wall_clock_sec": 684.177, "processed_tokens": 155648000, "train_loss": 1.5208570957183838, "val_loss": null, "lr": 0.0003121071721258507, "batch_size": 128, "grad_accum_steps": 1, "context_length": 256, "cuda_max_memory_mb": 15563.68}
{"run_name": "tinystories_gpu", "step": 4800, "wall_clock_sec": 691.315, "processed_tokens": 157286400, "train_loss": 1.5690686702728271, "val_loss": null, "lr": 0.0003084329027052491, "batch_size": 128, "grad_accum_steps": 1, "context_length": 256, "cuda_max_memory_mb": 15563.68}
{"run_name": "tinystories_gpu", "step": 4850, "wall_clock_sec": 698.459, "processed_tokens": 158924800, "train_loss": 1.5418492555618286, "val_loss": null, "lr": 0.00030474949306287335, "batch_size": 128, "grad_accum_steps": 1, "context_length": 256, "cuda_max_memory_mb": 15563.68}
{"run_name": "tinystories_gpu", "step": 4900, "wall_clock_sec": 705.602, "processed_tokens": 160563200, "train_loss": 1.5464329719543457, "val_loss": null, "lr": 0.000301057950206141, "batch_size": 128, "grad_accum_steps": 1, "context_length": 256, "cuda_max_memory_mb": 15563.68}
{"run_name": "tinystories_gpu", "step": 4950, "wall_clock_sec": 712.743, "processed_tokens": 162201600, "train_loss": 1.5259308815002441, "val_loss": null, "lr": 0.00029735928336600934, "batch_size": 128, "grad_accum_steps": 1, "context_length": 256, "cuda_max_memory_mb": 15563.68}
{"run_name": "tinystories_gpu", "step": 5000, "wall_clock_sec": 720.142, "processed_tokens": 163840000, "train_loss": 1.5542899370193481, "val_loss": 1.5621592283248902, "lr": 0.0002936545037210614, "batch_size": 128, "grad_accum_steps": 1, "context_length": 256, "cuda_max_memory_mb": 15563.68}
saved checkpoint to runs/tinystories_gpu/checkpoint.pt
{"run_name": "tinystories_gpu", "step": 5050, "wall_clock_sec": 727.484, "processed_tokens": 165478400, "train_loss": 1.5723121166229248, "val_loss": null, "lr": 0.00028994462412106027, "batch_size": 128, "grad_accum_steps": 1, "context_length": 256, "cuda_max_memory_mb": 15563.68}
{"run_name": "tinystories_gpu", "step": 5100, "wall_clock_sec": 734.628, "processed_tokens": 167116800, "train_loss": 1.5722236633300781, "val_loss": null, "lr": 0.00028623065881004553, "batch_size": 128, "grad_accum_steps": 1, "context_length": 256, "cuda_max_memory_mb": 15563.68}
{"run_name": "tinystories_gpu", "step": 5150, "wall_clock_sec": 741.767, "processed_tokens": 168755200, "train_loss": 1.516383171081543, "val_loss": null, "lr": 0.00028251362314904964, "batch_size": 128, "grad_accum_steps": 1, "context_length": 256, "cuda_max_memory_mb": 15563.68}
{"run_name": "tinystories_gpu", "step": 5200, "wall_clock_sec": 748.911, "processed_tokens": 170393600, "train_loss": 1.53318452835083, "val_loss": null, "lr": 0.0002787945333385078, "batch_size": 128, "grad_accum_steps": 1, "context_length": 256, "cuda_max_memory_mb": 15563.68}
{"run_name": "tinystories_gpu", "step": 5250, "wall_clock_sec": 756.049, "processed_tokens": 172032000, "train_loss": 1.546048879623413, "val_loss": null, "lr": 0.00027507440614043936, "batch_size": 128, "grad_accum_steps": 1, "context_length": 256, "cuda_max_memory_mb": 15563.68}
{"run_name": "tinystories_gpu", "step": 5300, "wall_clock_sec": 763.19, "processed_tokens": 173670400, "train_loss": 1.5738683938980103, "val_loss": null, "lr": 0.00027135425860047514, "batch_size": 128, "grad_accum_steps": 1, "context_length": 256, "cuda_max_memory_mb": 15563.68}
{"run_name": "tinystories_gpu", "step": 5350, "wall_clock_sec": 770.329, "processed_tokens": 175308800, "train_loss": 1.540743350982666, "val_loss": null, "lr": 0.000267635107769807, "batch_size": 128, "grad_accum_steps": 1, "context_length": 256, "cuda_max_memory_mb": 15563.68}
{"run_name": "tinystories_gpu", "step": 5400, "wall_clock_sec": 777.471, "processed_tokens": 176947200, "train_loss": 1.5752695798873901, "val_loss": null, "lr": 0.00026391797042713667, "batch_size": 128, "grad_accum_steps": 1, "context_length": 256, "cuda_max_memory_mb": 15563.68}
{"run_name": "tinystories_gpu", "step": 5450, "wall_clock_sec": 784.626, "processed_tokens": 178585600, "train_loss": 1.4533438682556152, "val_loss": null, "lr": 0.00026020386280069816, "batch_size": 128, "grad_accum_steps": 1, "context_length": 256, "cuda_max_memory_mb": 15563.68}
{"run_name": "tinystories_gpu", "step": 5500, "wall_clock_sec": 792.017, "processed_tokens": 180224000, "train_loss": 1.535713791847229, "val_loss": 1.537285828590393, "lr": 0.00025649380029043136, "batch_size": 128, "grad_accum_steps": 1, "context_length": 256, "cuda_max_memory_mb": 15563.68}
{"run_name": "tinystories_gpu", "step": 5550, "wall_clock_sec": 799.188, "processed_tokens": 181862400, "train_loss": 1.5441868305206299, "val_loss": null, "lr": 0.00025278879719038195, "batch_size": 128, "grad_accum_steps": 1, "context_length": 256, "cuda_max_memory_mb": 15563.68}
{"run_name": "tinystories_gpu", "step": 5600, "wall_clock_sec": 806.318, "processed_tokens": 183500800, "train_loss": 1.5027377605438232, "val_loss": null, "lr": 0.00024908986641140315, "batch_size": 128, "grad_accum_steps": 1, "context_length": 256, "cuda_max_memory_mb": 15563.68}
{"run_name": "tinystories_gpu", "step": 5650, "wall_clock_sec": 813.446, "processed_tokens": 185139200, "train_loss": 1.4929143190383911, "val_loss": null, "lr": 0.0002453980192042364, "batch_size": 128, "grad_accum_steps": 1, "context_length": 256, "cuda_max_memory_mb": 15563.68}
{"run_name": "tinystories_gpu", "step": 5700, "wall_clock_sec": 820.578, "processed_tokens": 186777600, "train_loss": 1.5380364656448364, "val_loss": null, "lr": 0.0002417142648830453, "batch_size": 128, "grad_accum_steps": 1, "context_length": 256, "cuda_max_memory_mb": 15563.68}
{"run_name": "tinystories_gpu", "step": 5750, "wall_clock_sec": 827.709, "processed_tokens": 188416000, "train_loss": 1.5486878156661987, "val_loss": null, "lr": 0.00023803961054947928, "batch_size": 128, "grad_accum_steps": 1, "context_length": 256, "cuda_max_memory_mb": 15563.68}
{"run_name": "tinystories_gpu", "step": 5800, "wall_clock_sec": 834.841, "processed_tokens": 190054400, "train_loss": 1.5705323219299316, "val_loss": null, "lr": 0.00023437506081734171, "batch_size": 128, "grad_accum_steps": 1, "context_length": 256, "cuda_max_memory_mb": 15563.68}
{"run_name": "tinystories_gpu", "step": 5850, "wall_clock_sec": 841.972, "processed_tokens": 191692800, "train_loss": 1.5132731199264526, "val_loss": null, "lr": 0.00023072161753793924, "batch_size": 128, "grad_accum_steps": 1, "context_length": 256, "cuda_max_memory_mb": 15563.68}
{"run_name": "tinystories_gpu", "step": 5900, "wall_clock_sec": 849.111, "processed_tokens": 193331200, "train_loss": 1.4976247549057007, "val_loss": null, "lr": 0.00022708027952618494, "batch_size": 128, "grad_accum_steps": 1, "context_length": 256, "cuda_max_memory_mb": 15563.68}
{"run_name": "tinystories_gpu", "step": 5950, "wall_clock_sec": 856.246, "processed_tokens": 194969600, "train_loss": 1.5047130584716797, "val_loss": null, "lr": 0.00022345204228753278, "batch_size": 128, "grad_accum_steps": 1, "context_length": 256, "cuda_max_memory_mb": 15563.68}
{"run_name": "tinystories_gpu", "step": 6000, "wall_clock_sec": 863.647, "processed_tokens": 196608000, "train_loss": 1.5422861576080322, "val_loss": 1.5244312345981599, "lr": 0.00021983789774581604, "batch_size": 128, "grad_accum_steps": 1, "context_length": 256, "cuda_max_memory_mb": 15563.68}
saved checkpoint to runs/tinystories_gpu/checkpoint.pt
{"run_name": "tinystories_gpu", "step": 6050, "wall_clock_sec": 870.97, "processed_tokens": 198246400, "train_loss": 1.5270487070083618, "val_loss": null, "lr": 0.0002162388339720655, "batch_size": 128, "grad_accum_steps": 1, "context_length": 256, "cuda_max_memory_mb": 15563.68}
{"run_name": "tinystories_gpu", "step": 6100, "wall_clock_sec": 878.115, "processed_tokens": 199884800, "train_loss": 1.4641659259796143, "val_loss": null, "lr": 0.00021265583491438032, "batch_size": 128, "grad_accum_steps": 1, "context_length": 256, "cuda_max_memory_mb": 15563.68}
{"run_name": "tinystories_gpu", "step": 6150, "wall_clock_sec": 885.258, "processed_tokens": 201523200, "train_loss": 1.50547456741333, "val_loss": null, "lr": 0.00020908988012892696, "batch_size": 128, "grad_accum_steps": 1, "context_length": 256, "cuda_max_memory_mb": 15563.68}
{"run_name": "tinystories_gpu", "step": 6200, "wall_clock_sec": 892.399, "processed_tokens": 203161600, "train_loss": 1.5597000122070312, "val_loss": null, "lr": 0.00020554194451213788, "batch_size": 128, "grad_accum_steps": 1, "context_length": 256, "cuda_max_memory_mb": 15563.68}
{"run_name": "tinystories_gpu", "step": 6250, "wall_clock_sec": 899.546, "processed_tokens": 204800000, "train_loss": 1.5239700078964233, "val_loss": null, "lr": 0.0002020129980341848, "batch_size": 128, "grad_accum_steps": 1, "context_length": 256, "cuda_max_memory_mb": 15563.68}
{"run_name": "tinystories_gpu", "step": 6300, "wall_clock_sec": 906.685, "processed_tokens": 206438400, "train_loss": 1.445875644683838, "val_loss": null, "lr": 0.0001985040054737985, "batch_size": 128, "grad_accum_steps": 1, "context_length": 256, "cuda_max_memory_mb": 15563.68}
{"run_name": "tinystories_gpu", "step": 6350, "wall_clock_sec": 913.826, "processed_tokens": 208076800, "train_loss": 1.5183463096618652, "val_loss": null, "lr": 0.00019501592615450795, "batch_size": 128, "grad_accum_steps": 1, "context_length": 256, "cuda_max_memory_mb": 15563.68}
{"run_name": "tinystories_gpu", "step": 6400, "wall_clock_sec": 920.965, "processed_tokens": 209715200, "train_loss": 1.4802768230438232, "val_loss": null, "lr": 0.00019154971368237077, "batch_size": 128, "grad_accum_steps": 1, "context_length": 256, "cuda_max_memory_mb": 15563.68}
{"run_name": "tinystories_gpu", "step": 6450, "wall_clock_sec": 928.113, "processed_tokens": 211353600, "train_loss": 1.5062551498413086, "val_loss": null, "lr": 0.00018810631568526686, "batch_size": 128, "grad_accum_steps": 1, "context_length": 256, "cuda_max_memory_mb": 15563.68}
{"run_name": "tinystories_gpu", "step": 6500, "wall_clock_sec": 935.51, "processed_tokens": 212992000, "train_loss": 1.4465224742889404, "val_loss": 1.5018811762332915, "lr": 0.00018468667355382652, "batch_size": 128, "grad_accum_steps": 1, "context_length": 256, "cuda_max_memory_mb": 15563.68}
{"run_name": "tinystories_gpu", "step": 6550, "wall_clock_sec": 942.651, "processed_tokens": 214630400, "train_loss": 1.4487183094024658, "val_loss": null, "lr": 0.00018129172218406354, "batch_size": 128, "grad_accum_steps": 1, "context_length": 256, "cuda_max_memory_mb": 15563.68}
{"run_name": "tinystories_gpu", "step": 6600, "wall_clock_sec": 949.806, "processed_tokens": 216268800, "train_loss": 1.549539566040039, "val_loss": null, "lr": 0.0001779223897217842, "batch_size": 128, "grad_accum_steps": 1, "context_length": 256, "cuda_max_memory_mb": 15563.68}
{"run_name": "tinystories_gpu", "step": 6650, "wall_clock_sec": 956.962, "processed_tokens": 217907200, "train_loss": 1.481785535812378, "val_loss": null, "lr": 0.000174579597308841, "batch_size": 128, "grad_accum_steps": 1, "context_length": 256, "cuda_max_memory_mb": 15563.68}
{"run_name": "tinystories_gpu", "step": 6700, "wall_clock_sec": 964.106, "processed_tokens": 219545600, "train_loss": 1.525369644165039, "val_loss": null, "lr": 0.00017126425883130206, "batch_size": 128, "grad_accum_steps": 1, "context_length": 256, "cuda_max_memory_mb": 15563.68}
{"run_name": "tinystories_gpu", "step": 6750, "wall_clock_sec": 971.258, "processed_tokens": 221184000, "train_loss": 1.4860140085220337, "val_loss": null, "lr": 0.00016797728066960378, "batch_size": 128, "grad_accum_steps": 1, "context_length": 256, "cuda_max_memory_mb": 15563.68}
{"run_name": "tinystories_gpu", "step": 6800, "wall_clock_sec": 978.416, "processed_tokens": 222822400, "train_loss": 1.5121533870697021, "val_loss": null, "lr": 0.00016471956145075513, "batch_size": 128, "grad_accum_steps": 1, "context_length": 256, "cuda_max_memory_mb": 15563.68}
{"run_name": "tinystories_gpu", "step": 6850, "wall_clock_sec": 985.558, "processed_tokens": 224460800, "train_loss": 1.471869945526123, "val_loss": null, "lr": 0.00016149199180266256, "batch_size": 128, "grad_accum_steps": 1, "context_length": 256, "cuda_max_memory_mb": 15563.68}
{"run_name": "tinystories_gpu", "step": 6900, "wall_clock_sec": 992.699, "processed_tokens": 226099200, "train_loss": 1.469580888748169, "val_loss": null, "lr": 0.0001582954541106407, "batch_size": 128, "grad_accum_steps": 1, "context_length": 256, "cuda_max_memory_mb": 15563.68}
{"run_name": "tinystories_gpu", "step": 6950, "wall_clock_sec": 999.851, "processed_tokens": 227737600, "train_loss": 1.4928429126739502, "val_loss": null, "lr": 0.00015513082227617734, "batch_size": 128, "grad_accum_steps": 1, "context_length": 256, "cuda_max_memory_mb": 15563.68}
{"run_name": "tinystories_gpu", "step": 7000, "wall_clock_sec": 1007.263, "processed_tokens": 229376000, "train_loss": 1.5290422439575195, "val_loss": 1.4993560314178467, "lr": 0.00015199896147801738, "batch_size": 128, "grad_accum_steps": 1, "context_length": 256, "cuda_max_memory_mb": 15563.68}
saved checkpoint to runs/tinystories_gpu/checkpoint.pt
{"run_name": "tinystories_gpu", "step": 7050, "wall_clock_sec": 1014.609, "processed_tokens": 231014400, "train_loss": 1.4472354650497437, "val_loss": null, "lr": 0.00014890072793563157, "batch_size": 128, "grad_accum_steps": 1, "context_length": 256, "cuda_max_memory_mb": 15563.68}
{"run_name": "tinystories_gpu", "step": 7100, "wall_clock_sec": 1021.749, "processed_tokens": 232652800, "train_loss": 1.5183384418487549, "val_loss": null, "lr": 0.00014583696867513486, "batch_size": 128, "grad_accum_steps": 1, "context_length": 256, "cuda_max_memory_mb": 15563.68}
{"run_name": "tinystories_gpu", "step": 7150, "wall_clock_sec": 1028.905, "processed_tokens": 234291200, "train_loss": 1.444859504699707, "val_loss": null, "lr": 0.00014280852129771744, "batch_size": 128, "grad_accum_steps": 1, "context_length": 256, "cuda_max_memory_mb": 15563.68}
{"run_name": "tinystories_gpu", "step": 7200, "wall_clock_sec": 1036.044, "processed_tokens": 235929600, "train_loss": 1.5336787700653076, "val_loss": null, "lr": 0.00013981621375065353, "batch_size": 128, "grad_accum_steps": 1, "context_length": 256, "cuda_max_memory_mb": 15563.68}
{"run_name": "tinystories_gpu", "step": 7250, "wall_clock_sec": 1043.187, "processed_tokens": 237568000, "train_loss": 1.4828977584838867, "val_loss": null, "lr": 0.00013686086410094844, "batch_size": 128, "grad_accum_steps": 1, "context_length": 256, "cuda_max_memory_mb": 15563.68}
{"run_name": "tinystories_gpu", "step": 7300, "wall_clock_sec": 1050.335, "processed_tokens": 239206400, "train_loss": 1.4349607229232788, "val_loss": null, "lr": 0.0001339432803116875, "batch_size": 128, "grad_accum_steps": 1, "context_length": 256, "cuda_max_memory_mb": 15563.68}
{"run_name": "tinystories_gpu", "step": 7350, "wall_clock_sec": 1057.476, "processed_tokens": 240844800, "train_loss": 1.4669324159622192, "val_loss": null, "lr": 0.0001310642600211467, "batch_size": 128, "grad_accum_steps": 1, "context_length": 256, "cuda_max_memory_mb": 15563.68}
{"run_name": "tinystories_gpu", "step": 7400, "wall_clock_sec": 1064.62, "processed_tokens": 242483200, "train_loss": 1.4933152198791504, "val_loss": null, "lr": 0.00012822459032472673, "batch_size": 128, "grad_accum_steps": 1, "context_length": 256, "cuda_max_memory_mb": 15563.68}
{"run_name": "tinystories_gpu", "step": 7450, "wall_clock_sec": 1071.768, "processed_tokens": 244121600, "train_loss": 1.470035433769226, "val_loss": null, "lr": 0.00012542504755976868, "batch_size": 128, "grad_accum_steps": 1, "context_length": 256, "cuda_max_memory_mb": 15563.68}
{"run_name": "tinystories_gpu", "step": 7500, "wall_clock_sec": 1079.175, "processed_tokens": 245760000, "train_loss": 1.4825987815856934, "val_loss": 1.4593593060970307, "lr": 0.0001226663970933111, "batch_size": 128, "grad_accum_steps": 1, "context_length": 256, "cuda_max_memory_mb": 15563.68}
{"run_name": "tinystories_gpu", "step": 7550, "wall_clock_sec": 1086.32, "processed_tokens": 247398400, "train_loss": 1.4658498764038086, "val_loss": null, "lr": 0.00011994939311284664, "batch_size": 128, "grad_accum_steps": 1, "context_length": 256, "cuda_max_memory_mb": 15563.68}
{"run_name": "tinystories_gpu", "step": 7600, "wall_clock_sec": 1093.466, "processed_tokens": 249036800, "train_loss": 1.5001389980316162, "val_loss": null, "lr": 0.00011727477842013445, "batch_size": 128, "grad_accum_steps": 1, "context_length": 256, "cuda_max_memory_mb": 15563.68}
{"run_name": "tinystories_gpu", "step": 7650, "wall_clock_sec": 1100.607, "processed_tokens": 250675200, "train_loss": 1.44484281539917, "val_loss": null, "lr": 0.00011464328422812565, "batch_size": 128, "grad_accum_steps": 1, "context_length": 256, "cuda_max_memory_mb": 15563.68}
{"run_name": "tinystories_gpu", "step": 7700, "wall_clock_sec": 1107.75, "processed_tokens": 252313600, "train_loss": 1.4566149711608887, "val_loss": null, "lr": 0.00011205562996105702, "batch_size": 128, "grad_accum_steps": 1, "context_length": 256, "cuda_max_memory_mb": 15563.68}
{"run_name": "tinystories_gpu", "step": 7750, "wall_clock_sec": 1114.898, "processed_tokens": 253952000, "train_loss": 1.4701932668685913, "val_loss": null, "lr": 0.00010951252305776764, "batch_size": 128, "grad_accum_steps": 1, "context_length": 256, "cuda_max_memory_mb": 15563.68}
{"run_name": "tinystories_gpu", "step": 7800, "wall_clock_sec": 1122.04, "processed_tokens": 255590400, "train_loss": 1.5023608207702637, "val_loss": null, "lr": 0.00010701465877829205, "batch_size": 128, "grad_accum_steps": 1, "context_length": 256, "cuda_max_memory_mb": 15563.68}
{"run_name": "tinystories_gpu", "step": 7850, "wall_clock_sec": 1129.182, "processed_tokens": 257228800, "train_loss": 1.479295015335083, "val_loss": null, "lr": 0.0001045627200137833, "batch_size": 128, "grad_accum_steps": 1, "context_length": 256, "cuda_max_memory_mb": 15563.68}
{"run_name": "tinystories_gpu", "step": 7900, "wall_clock_sec": 1136.326, "processed_tokens": 258867200, "train_loss": 1.4748458862304688, "val_loss": null, "lr": 0.00010215737709981712, "batch_size": 128, "grad_accum_steps": 1, "context_length": 256, "cuda_max_memory_mb": 15563.68}
{"run_name": "tinystories_gpu", "step": 7950, "wall_clock_sec": 1143.465, "processed_tokens": 260505600, "train_loss": 1.4501116275787354, "val_loss": null, "lr": 9.979928763312897e-05, "batch_size": 128, "grad_accum_steps": 1, "context_length": 256, "cuda_max_memory_mb": 15563.68}
{"run_name": "tinystories_gpu", "step": 8000, "wall_clock_sec": 1150.867, "processed_tokens": 262144000, "train_loss": 1.480376958847046, "val_loss": 1.467926037311554, "lr": 9.748909629183369e-05, "batch_size": 128, "grad_accum_steps": 1, "context_length": 256, "cuda_max_memory_mb": 15563.68}
saved checkpoint to runs/tinystories_gpu/checkpoint.pt
{"run_name": "tinystories_gpu", "step": 8050, "wall_clock_sec": 1158.267, "processed_tokens": 263782400, "train_loss": 1.47043776512146, "val_loss": null, "lr": 9.522743465917686e-05, "batch_size": 128, "grad_accum_steps": 1, "context_length": 256, "cuda_max_memory_mb": 15563.68}
{"run_name": "tinystories_gpu", "step": 8100, "wall_clock_sec": 1165.413, "processed_tokens": 265420800, "train_loss": 1.519479751586914, "val_loss": null, "lr": 9.301492105086637e-05, "batch_size": 128, "grad_accum_steps": 1, "context_length": 256, "cuda_max_memory_mb": 15563.68}
{"run_name": "tinystories_gpu", "step": 8150, "wall_clock_sec": 1172.552, "processed_tokens": 267059200, "train_loss": 1.4557147026062012, "val_loss": null, "lr": 9.085216034603082e-05, "batch_size": 128, "grad_accum_steps": 1, "context_length": 256, "cuda_max_memory_mb": 15563.68}
{"run_name": "tinystories_gpu", "step": 8200, "wall_clock_sec": 1179.693, "processed_tokens": 268697600, "train_loss": 1.4977848529815674, "val_loss": null, "lr": 8.873974382185191e-05, "batch_size": 128, "grad_accum_steps": 1, "context_length": 256, "cuda_max_memory_mb": 15563.68}
{"run_name": "tinystories_gpu", "step": 8250, "wall_clock_sec": 1186.831, "processed_tokens": 270336000, "train_loss": 1.4803504943847656, "val_loss": null, "lr": 8.667824899191499e-05, "batch_size": 128, "grad_accum_steps": 1, "context_length": 256, "cuda_max_memory_mb": 15563.68}
{"run_name": "tinystories_gpu", "step": 8300, "wall_clock_sec": 1193.986, "processed_tokens": 271974400, "train_loss": 1.4224298000335693, "val_loss": null, "lr": 8.46682394483227e-05, "batch_size": 128, "grad_accum_steps": 1, "context_length": 256, "cuda_max_memory_mb": 15563.68}
{"run_name": "tinystories_gpu", "step": 8350, "wall_clock_sec": 1201.122, "processed_tokens": 273612800, "train_loss": 1.4343602657318115, "val_loss": null, "lr": 8.271026470761442e-05, "batch_size": 128, "grad_accum_steps": 1, "context_length": 256, "cuda_max_memory_mb": 15563.68}
{"run_name": "tinystories_gpu", "step": 8400, "wall_clock_sec": 1208.26, "processed_tokens": 275251200, "train_loss": 1.5088804960250854, "val_loss": null, "lr": 8.080486006053402e-05, "batch_size": 128, "grad_accum_steps": 1, "context_length": 256, "cuda_max_memory_mb": 15563.68}
{"run_name": "tinystories_gpu", "step": 8450, "wall_clock_sec": 1215.4, "processed_tokens": 276889600, "train_loss": 1.4407567977905273, "val_loss": null, "lr": 7.895254642568669e-05, "batch_size": 128, "grad_accum_steps": 1, "context_length": 256, "cuda_max_memory_mb": 15563.68}
{"run_name": "tinystories_gpu", "step": 8500, "wall_clock_sec": 1222.793, "processed_tokens": 278528000, "train_loss": 1.4558892250061035, "val_loss": 1.4505528092384339, "lr": 7.715383020712487e-05, "batch_size": 128, "grad_accum_steps": 1, "context_length": 256, "cuda_max_memory_mb": 15563.68}
{"run_name": "tinystories_gpu", "step": 8550, "wall_clock_sec": 1229.936, "processed_tokens": 280166400, "train_loss": 1.456613302230835, "val_loss": null, "lr": 7.540920315590271e-05, "batch_size": 128, "grad_accum_steps": 1, "context_length": 256, "cuda_max_memory_mb": 15563.68}
{"run_name": "tinystories_gpu", "step": 8600, "wall_clock_sec": 1237.072, "processed_tokens": 281804800, "train_loss": 1.4939255714416504, "val_loss": null, "lr": 7.3719142235636e-05, "batch_size": 128, "grad_accum_steps": 1, "context_length": 256, "cuda_max_memory_mb": 15563.68}
{"run_name": "tinystories_gpu", "step": 8650, "wall_clock_sec": 1244.218, "processed_tokens": 283443200, "train_loss": 1.4515256881713867, "val_loss": null, "lr": 7.20841094921052e-05, "batch_size": 128, "grad_accum_steps": 1, "context_length": 256, "cuda_max_memory_mb": 15563.68}
{"run_name": "tinystories_gpu", "step": 8700, "wall_clock_sec": 1251.354, "processed_tokens": 285081600, "train_loss": 1.4378491640090942, "val_loss": null, "lr": 7.050455192693672e-05, "batch_size": 128, "grad_accum_steps": 1, "context_length": 256, "cuda_max_memory_mb": 15563.68}
{"run_name": "tinystories_gpu", "step": 8750, "wall_clock_sec": 1258.499, "processed_tokens": 286720000, "train_loss": 1.42287278175354, "val_loss": null, "lr": 6.898090137539702e-05, "batch_size": 128, "grad_accum_steps": 1, "context_length": 256, "cuda_max_memory_mb": 15563.68}
{"run_name": "tinystories_gpu", "step": 8800, "wall_clock_sec": 1265.628, "processed_tokens": 288358400, "train_loss": 1.4321435689926147, "val_loss": null, "lr": 6.75135743883334e-05, "batch_size": 128, "grad_accum_steps": 1, "context_length": 256, "cuda_max_memory_mb": 15563.68}
{"run_name": "tinystories_gpu", "step": 8850, "wall_clock_sec": 1272.763, "processed_tokens": 289996800, "train_loss": 1.432354211807251, "val_loss": null, "lr": 6.610297211829291e-05, "batch_size": 128, "grad_accum_steps": 1, "context_length": 256, "cuda_max_memory_mb": 15563.68}
{"run_name": "tinystories_gpu", "step": 8900, "wall_clock_sec": 1279.899, "processed_tokens": 291635200, "train_loss": 1.3834664821624756, "val_loss": null, "lr": 6.474948020985144e-05, "batch_size": 128, "grad_accum_steps": 1, "context_length": 256, "cuda_max_memory_mb": 15563.68}
{"run_name": "tinystories_gpu", "step": 8950, "wall_clock_sec": 1287.031, "processed_tokens": 293273600, "train_loss": 1.4081364870071411, "val_loss": null, "lr": 6.34534686941822e-05, "batch_size": 128, "grad_accum_steps": 1, "context_length": 256, "cuda_max_memory_mb": 15563.68}
{"run_name": "tinystories_gpu", "step": 9000, "wall_clock_sec": 1294.423, "processed_tokens": 294912000, "train_loss": 1.4871885776519775, "val_loss": 1.4550689041614533, "lr": 6.221529188789297e-05, "batch_size": 128, "grad_accum_steps": 1, "context_length": 256, "cuda_max_memory_mb": 15563.68}
saved checkpoint to runs/tinystories_gpu/checkpoint.pt
{"run_name": "tinystories_gpu", "step": 9050, "wall_clock_sec": 1301.83, "processed_tokens": 296550400, "train_loss": 1.4412943124771118, "val_loss": null, "lr": 6.103528829615952e-05, "batch_size": 128, "grad_accum_steps": 1, "context_length": 256, "cuda_max_memory_mb": 15563.68}
{"run_name": "tinystories_gpu", "step": 9100, "wall_clock_sec": 1308.966, "processed_tokens": 298188800, "train_loss": 1.4439414739608765, "val_loss": null, "lr": 5.9913780520181535e-05, "batch_size": 128, "grad_accum_steps": 1, "context_length": 256, "cuda_max_memory_mb": 15563.68}
{"run_name": "tinystories_gpu", "step": 9150, "wall_clock_sec": 1316.105, "processed_tokens": 299827200, "train_loss": 1.4452491998672485, "val_loss": null, "lr": 5.885107516898677e-05, "batch_size": 128, "grad_accum_steps": 1, "context_length": 256, "cuda_max_memory_mb": 15563.68}
{"run_name": "tinystories_gpu", "step": 9200, "wall_clock_sec": 1323.247, "processed_tokens": 301465600, "train_loss": 1.4336535930633545, "val_loss": null, "lr": 5.784746277560721e-05, "batch_size": 128, "grad_accum_steps": 1, "context_length": 256, "cuda_max_memory_mb": 15563.68}
{"run_name": "tinystories_gpu", "step": 9250, "wall_clock_sec": 1330.392, "processed_tokens": 303104000, "train_loss": 1.4226298332214355, "val_loss": null, "lr": 5.69032177176502e-05, "batch_size": 128, "grad_accum_steps": 1, "context_length": 256, "cuda_max_memory_mb": 15563.68}
{"run_name": "tinystories_gpu", "step": 9300, "wall_clock_sec": 1337.531, "processed_tokens": 304742400, "train_loss": 1.4518415927886963, "val_loss": null, "lr": 5.6018598142286336e-05, "batch_size": 128, "grad_accum_steps": 1, "context_length": 256, "cuda_max_memory_mb": 15563.68}
{"run_name": "tinystories_gpu", "step": 9350, "wall_clock_sec": 1344.677, "processed_tokens": 306380800, "train_loss": 1.4616694450378418, "val_loss": null, "lr": 5.519384589567468e-05, "batch_size": 128, "grad_accum_steps": 1, "context_length": 256, "cuda_max_memory_mb": 15563.68}
{"run_name": "tinystories_gpu", "step": 9400, "wall_clock_sec": 1351.813, "processed_tokens": 308019200, "train_loss": 1.4243144989013672, "val_loss": null, "lr": 5.442918645684433e-05, "batch_size": 128, "grad_accum_steps": 1, "context_length": 256, "cuda_max_memory_mb": 15563.68}
{"run_name": "tinystories_gpu", "step": 9450, "wall_clock_sec": 1358.958, "processed_tokens": 309657600, "train_loss": 1.4372855424880981, "val_loss": null, "lr": 5.372482887605084e-05, "batch_size": 128, "grad_accum_steps": 1, "context_length": 256, "cuda_max_memory_mb": 15563.68}
{"run_name": "tinystories_gpu", "step": 9500, "wall_clock_sec": 1366.35, "processed_tokens": 311296000, "train_loss": 1.455256700515747, "val_loss": 1.4532726049423217, "lr": 5.308096571762374e-05, "batch_size": 128, "grad_accum_steps": 1, "context_length": 256, "cuda_max_memory_mb": 15563.68}
{"run_name": "tinystories_gpu", "step": 9550, "wall_clock_sec": 1373.486, "processed_tokens": 312934400, "train_loss": 1.4744566679000854, "val_loss": null, "lr": 5.2497773007321675e-05, "batch_size": 128, "grad_accum_steps": 1, "context_length": 256, "cuda_max_memory_mb": 15563.68}
{"run_name": "tinystories_gpu", "step": 9600, "wall_clock_sec": 1380.614, "processed_tokens": 314572800, "train_loss": 1.4782965183258057, "val_loss": null, "lr": 5.19754101842085e-05, "batch_size": 128, "grad_accum_steps": 1, "context_length": 256, "cuda_max_memory_mb": 15563.68}
{"run_name": "tinystories_gpu", "step": 9650, "wall_clock_sec": 1387.743, "processed_tokens": 316211200, "train_loss": 1.4342262744903564, "val_loss": null, "lr": 5.151402005706426e-05, "batch_size": 128, "grad_accum_steps": 1, "context_length": 256, "cuda_max_memory_mb": 15563.68}
{"run_name": "tinystories_gpu", "step": 9700, "wall_clock_sec": 1394.871, "processed_tokens": 317849600, "train_loss": 1.4715602397918701, "val_loss": null, "lr": 5.1113728765342794e-05, "batch_size": 128, "grad_accum_steps": 1, "context_length": 256, "cuda_max_memory_mb": 15563.68}
{"run_name": "tinystories_gpu", "step": 9750, "wall_clock_sec": 1401.999, "processed_tokens": 319488000, "train_loss": 1.4874379634857178, "val_loss": null, "lr": 5.077464574468635e-05, "batch_size": 128, "grad_accum_steps": 1, "context_length": 256, "cuda_max_memory_mb": 15563.68}
{"run_name": "tinystories_gpu", "step": 9800, "wall_clock_sec": 1409.139, "processed_tokens": 321126400, "train_loss": 1.4000754356384277, "val_loss": null, "lr": 5.049686369700707e-05, "batch_size": 128, "grad_accum_steps": 1, "context_length": 256, "cuda_max_memory_mb": 15563.68}
{"run_name": "tinystories_gpu", "step": 9850, "wall_clock_sec": 1416.274, "processed_tokens": 322764800, "train_loss": 1.4487338066101074, "val_loss": null, "lr": 5.0280458565143146e-05, "batch_size": 128, "grad_accum_steps": 1, "context_length": 256, "cuda_max_memory_mb": 15563.68}
{"run_name": "tinystories_gpu", "step": 9900, "wall_clock_sec": 1423.403, "processed_tokens": 324403200, "train_loss": 1.4664676189422607, "val_loss": null, "lr": 5.012548951209685e-05, "batch_size": 128, "grad_accum_steps": 1, "context_length": 256, "cuda_max_memory_mb": 15563.68}
{"run_name": "tinystories_gpu", "step": 9950, "wall_clock_sec": 1430.531, "processed_tokens": 326041600, "train_loss": 1.4086530208587646, "val_loss": null, "lr": 5.0031998904859906e-05, "batch_size": 128, "grad_accum_steps": 1, "context_length": 256, "cuda_max_memory_mb": 15563.68}
{"run_name": "tinystories_gpu", "step": 10000, "wall_clock_sec": 1437.918, "processed_tokens": 327680000, "train_loss": 1.4788434505462646, "val_loss": 1.4436158061027526, "lr": 5.0000012302830855e-05, "batch_size": 128, "grad_accum_steps": 1, "context_length": 256, "cuda_max_memory_mb": 15563.68}
saved checkpoint to runs/tinystories_gpu/checkpoint.pt
saved final checkpoint to runs/tinystories_gpu/checkpoint.pt
